This is pdfTeX, Version 3.1415926-1.40.11 (MiKTeX 2.9) (preloaded format=pdflatex 2011.2.6)  14 MAR 2011 10:03
entering extended mode
**D:/user/tuanta/Places/Saarland/thesis/thesis/thesis.tex
(D:/user/tuanta/Places/Saarland/thesis/thesis/thesis.tex
LaTeX2e <2009/09/24>
Babel <v3.8l> and hyphenation patterns for english, afrikaans, ancientgreek, ar
abic, armenian, assamese, basque, bengali, bokmal, bulgarian, catalan, coptic, 
croatian, czech, danish, dutch, esperanto, estonian, farsi, finnish, french, ga
lician, german, german-x-2009-06-19, greek, gujarati, hindi, hungarian, iceland
ic, indonesian, interlingua, irish, italian, kannada, kurmanji, lao, latin, lat
vian, lithuanian, malayalam, marathi, mongolian, mongolianlmc, monogreek, ngerm
an, ngerman-x-2009-06-19, nynorsk, oriya, panjabi, pinyin, polish, portuguese, 
romanian, russian, sanskrit, serbian, slovak, slovenian, spanish, swedish, swis
sgerman, tamil, telugu, turkish, turkmen, ukenglish, ukrainian, uppersorbian, u
senglishmax, welsh, loaded.
(D:\user\tuanta\Places\Saarland\thesis\thesis\Thesis.cls
Document Class: Thesis 2007/22/02 v1.0 LaTeX document class
("C:\Program Files\MiKTeX 2.9\tex\latex\base\book.cls"
Document Class: book 2007/10/19 v1.4h Standard LaTeX document class
("C:\Program Files\MiKTeX 2.9\tex\latex\base\bk11.clo"
File: bk11.clo 2007/10/19 v1.4h Standard LaTeX file (size option)
)
\c@part=\count79
\c@chapter=\count80
\c@section=\count81
\c@subsection=\count82
\c@subsubsection=\count83
\c@paragraph=\count84
\c@subparagraph=\count85
\c@figure=\count86
\c@table=\count87
\abovecaptionskip=\skip41
\belowcaptionskip=\skip42
\bibindent=\dimen102
)
("C:\Documents and Settings\dumb\Application Data\MiKTeX\2.9\tex\latex\setspace
\setspace.sty"
Package: setspace 2000/12/01 6.7 Contributed and Supported LaTeX2e package

Package: `setspace' 6.7 <2000/12/01>
)
("C:\Documents and Settings\dumb\Application Data\MiKTeX\2.9\tex\latex\ieeepes\
vmargin.sty"
Package: vmargin 1999/06/01

Package `vmargin', V2.2, <1999/06/01>
\PaperWidth=\dimen103
\PaperHeight=\dimen104
)
("C:\Documents and Settings\dumb\Application Data\MiKTeX\2.9\tex\latex\fancyhdr
\fancyhdr.sty"
\fancy@headwidth=\skip43
\f@ncyO@elh=\skip44
\f@ncyO@erh=\skip45
\f@ncyO@olh=\skip46
\f@ncyO@orh=\skip47
\f@ncyO@elf=\skip48
\f@ncyO@erf=\skip49
\f@ncyO@olf=\skip50
\f@ncyO@orf=\skip51
) ("C:\Program Files\MiKTeX 2.9\tex\latex\ams\math\amsmath.sty"
Package: amsmath 2000/07/18 v2.13 AMS math features
\@mathmargin=\skip52

For additional information on amsmath, use the `?' option.
("C:\Program Files\MiKTeX 2.9\tex\latex\ams\math\amstext.sty"
Package: amstext 2000/06/29 v2.01

("C:\Program Files\MiKTeX 2.9\tex\latex\ams\math\amsgen.sty"
File: amsgen.sty 1999/11/30 v2.0
\@emptytoks=\toks14
\ex@=\dimen105
))
("C:\Program Files\MiKTeX 2.9\tex\latex\ams\math\amsbsy.sty"
Package: amsbsy 1999/11/29 v1.2d
\pmbraise@=\dimen106
)
("C:\Program Files\MiKTeX 2.9\tex\latex\ams\math\amsopn.sty"
Package: amsopn 1999/12/14 v2.01 operator names
)
\inf@bad=\count88
LaTeX Info: Redefining \frac on input line 211.
\uproot@=\count89
\leftroot@=\count90
LaTeX Info: Redefining \overline on input line 307.
\classnum@=\count91
\DOTSCASE@=\count92
LaTeX Info: Redefining \ldots on input line 379.
LaTeX Info: Redefining \dots on input line 382.
LaTeX Info: Redefining \cdots on input line 467.
\Mathstrutbox@=\box26
\strutbox@=\box27
\big@size=\dimen107
LaTeX Font Info:    Redeclaring font encoding OML on input line 567.
LaTeX Font Info:    Redeclaring font encoding OMS on input line 568.
\macc@depth=\count93
\c@MaxMatrixCols=\count94
\dotsspace@=\muskip10
\c@parentequation=\count95
\dspbrk@lvl=\count96
\tag@help=\toks15
\row@=\count97
\column@=\count98
\maxfields@=\count99
\andhelp@=\toks16
\eqnshift@=\dimen108
\alignsep@=\dimen109
\tagshift@=\dimen110
\tagwidth@=\dimen111
\totwidth@=\dimen112
\lineht@=\dimen113
\@envbody=\toks17
\multlinegap=\skip53
\multlinetaggap=\skip54
\mathdisplay@stack=\toks18
LaTeX Info: Redefining \[ on input line 2666.
LaTeX Info: Redefining \] on input line 2667.
)
("C:\Program Files\MiKTeX 2.9\tex\latex\amsfonts\amsfonts.sty"
Package: amsfonts 2009/06/22 v3.00 Basic AMSFonts support
\symAMSa=\mathgroup4
\symAMSb=\mathgroup5
LaTeX Font Info:    Overwriting math alphabet `\mathfrak' in version `bold'
(Font)                  U/euf/m/n --> U/euf/b/n on input line 96.
)
("C:\Program Files\MiKTeX 2.9\tex\latex\amsfonts\amssymb.sty"
Package: amssymb 2009/06/22 v3.00
)
("C:\Program Files\MiKTeX 2.9\tex\latex\ams\math\amscd.sty"
Package: amscd 1999/11/29 v2.0
\athelp@=\toks19
\minaw@=\dimen114
\bigaw@=\dimen115
\minCDarrowwidth=\dimen116
)
("C:\Program Files\MiKTeX 2.9\tex\latex\ams\classes\amsthm.sty"
Package: amsthm 2004/08/06 v2.20
\thm@style=\toks20
\thm@bodyfont=\toks21
\thm@headfont=\toks22
\thm@notefont=\toks23
\thm@headpunct=\toks24
\thm@preskip=\skip55
\thm@postskip=\skip56
\thm@headsep=\skip57
\dth@everypar=\toks25
)
("C:\Program Files\MiKTeX 2.9\tex\latex\tools\xspace.sty"
Package: xspace 2006/05/08 v1.12 Space after command names (DPC,MH)
)
\c@example=\count100
\c@theorem=\count101

("C:\Documents and Settings\dumb\Application Data\MiKTeX\2.9\tex\latex\caption\
caption.sty"
Package: caption 2010/01/09 v3.1m Customizing captions (AR)

("C:\Documents and Settings\dumb\Application Data\MiKTeX\2.9\tex\latex\caption\
caption3.sty"
Package: caption3 2010/01/14 v3.1m caption3 kernel (AR)
 ("C:\Program Files\MiKTeX 2.9\tex\latex\graphics\keyval.sty"
Package: keyval 1999/03/16 v1.13 key=value parser (DPC)
\KV@toks@=\toks26
)
\captionmargin=\dimen117
\captionmargin@=\dimen118
\captionwidth=\dimen119
\caption@indent=\dimen120
\caption@parindent=\dimen121
\caption@hangindent=\dimen122
)
\c@ContinuedFloat=\count102
)
("C:\Program Files\MiKTeX 2.9\tex\latex\graphics\graphicx.sty"
Package: graphicx 1999/02/16 v1.0f Enhanced LaTeX Graphics (DPC,SPQR)

("C:\Program Files\MiKTeX 2.9\tex\latex\graphics\graphics.sty"
Package: graphics 2009/02/05 v1.0o Standard LaTeX Graphics (DPC,SPQR)

("C:\Program Files\MiKTeX 2.9\tex\latex\graphics\trig.sty"
Package: trig 1999/03/16 v1.09 sin cos tan (DPC)
)
("C:\Program Files\MiKTeX 2.9\tex\latex\00miktex\graphics.cfg"
File: graphics.cfg 2007/01/18 v1.5 graphics configuration of teTeX/TeXLive
)
Package graphics Info: Driver file: pdftex.def on input line 91.

("C:\Program Files\MiKTeX 2.9\tex\latex\pdftex-def\pdftex.def"
File: pdftex.def 2010/09/14 v0.05b Graphics/color for pdfTeX
\Gread@gobject=\count103
))
\Gin@req@height=\dimen123
\Gin@req@width=\dimen124
)
("C:\Program Files\MiKTeX 2.9\tex\latex\oberdiek\epstopdf.sty"
Package: epstopdf 2010/02/09 v2.5 Conversion with epstopdf on the fly (HO)

("C:\Program Files\MiKTeX 2.9\tex\latex\oberdiek\epstopdf-base.sty"
Package: epstopdf-base 2010/02/09 v2.5 Base part for package epstopdf

("C:\Program Files\MiKTeX 2.9\tex\generic\oberdiek\infwarerr.sty"
Package: infwarerr 2010/04/08 v1.3 Providing info/warning/message (HO)
)
("C:\Program Files\MiKTeX 2.9\tex\latex\oberdiek\grfext.sty"
Package: grfext 2007/09/30 v1.0 Managing graphics extensions (HO)
)
("C:\Program Files\MiKTeX 2.9\tex\latex\oberdiek\kvoptions.sty"
Package: kvoptions 2010/02/22 v3.7 Keyval support for LaTeX options (HO)

("C:\Program Files\MiKTeX 2.9\tex\generic\oberdiek\kvsetkeys.sty"
Package: kvsetkeys 2010/03/01 v1.9 Key value parser (HO)

("C:\Program Files\MiKTeX 2.9\tex\generic\oberdiek\etexcmds.sty"
Package: etexcmds 2010/01/28 v1.3 Prefix for e-TeX command names (HO)
Package etexcmds Info: Could not find \expanded.
(etexcmds)             That can mean that you are not using pdfTeX 1.50 or
(etexcmds)             that some package has redefined \expanded.
(etexcmds)             In the latter case, load this package earlier.
)))
("C:\Program Files\MiKTeX 2.9\tex\generic\oberdiek\pdftexcmds.sty"
Package: pdftexcmds 2010/04/01 v0.9 Utility functions of pdfTeX for LuaTeX (HO)


("C:\Program Files\MiKTeX 2.9\tex\generic\oberdiek\ifluatex.sty"
Package: ifluatex 2010/03/01 v1.3 Provides the ifluatex switch (HO)
Package ifluatex Info: LuaTeX not detected.
)
("C:\Program Files\MiKTeX 2.9\tex\generic\oberdiek\ltxcmds.sty"
Package: ltxcmds 2010/04/26 v1.7 LaTeX kernel commands for general use (HO)
)
Package pdftexcmds Info: LuaTeX not detected.
Package pdftexcmds Info: \pdf@primitive is available.
Package pdftexcmds Info: \pdf@ifprimitive is available.
)
Package grfext Info: Graphics extension search list:
(grfext)             [.png,.pdf,.jpg,.mps,.jpeg,.jbig2,.jb2,.PNG,.PDF,.JPG,.JPE
G,.JBIG2,.JB2,.eps]
(grfext)             \AppendGraphicsExtensions on input line 436.
))
("C:\Documents and Settings\dumb\Application Data\MiKTeX\2.9\tex\latex\subfigur
e\subfigure.sty"
Package: subfigure 2002/07/30 v2.1.4 subfigure package
\subfigtopskip=\skip58
\subfigcapskip=\skip59
\subfigcaptopadj=\dimen125
\subfigbottomskip=\skip60
\subfigcapmargin=\dimen126
\subfiglabelskip=\skip61
\c@subfigure=\count104
\c@lofdepth=\count105
\c@subtable=\count106
\c@lotdepth=\count107

****************************************
* Local config file subfigure.cfg used *
****************************************

("C:\Documents and Settings\dumb\Application Data\MiKTeX\2.9\tex\latex\subfigur
e\subfigure.cfg")
\subfig@top=\skip62
\subfig@bottom=\skip63
)
("C:\Documents and Settings\dumb\Application Data\MiKTeX\2.9\tex\latex\booktabs
\booktabs.sty"
Package: booktabs 2005/04/14 v1.61803 publication quality tables
\heavyrulewidth=\dimen127
\lightrulewidth=\dimen128
\cmidrulewidth=\dimen129
\belowrulesep=\dimen130
\belowbottomsep=\dimen131
\aboverulesep=\dimen132
\abovetopsep=\dimen133
\cmidrulesep=\dimen134
\cmidrulekern=\dimen135
\defaultaddspace=\dimen136
\@cmidla=\count108
\@cmidlb=\count109
\@aboverulesep=\dimen137
\@belowrulesep=\dimen138
\@thisruleclass=\count110
\@lastruleclass=\count111
\@thisrulewidth=\dimen139
)
("C:\Documents and Settings\dumb\Application Data\MiKTeX\2.9\tex\latex\rotating
\rotating.sty"
Package: rotating 2009/03/28 v2.16a rotated objects in LaTeX
 ("C:\Program Files\MiKTeX 2.9\tex\latex\base\ifthen.sty"
Package: ifthen 2001/05/26 v1.1c Standard LaTeX ifthen package (DPC)
)
\c@r@tfl@t=\count112
\rotFPtop=\skip64
\rotFPbot=\skip65
\rot@float@box=\box28
\rot@mess@toks=\toks27
)
("C:\Documents and Settings\dumb\Application Data\MiKTeX\2.9\tex\latex\listings
\listings.sty"
\lst@mode=\count113
\lst@gtempboxa=\box29
\lst@token=\toks28
\lst@length=\count114
\lst@currlwidth=\dimen140
\lst@column=\count115
\lst@pos=\count116
\lst@lostspace=\dimen141
\lst@width=\dimen142
\lst@newlines=\count117
\lst@lineno=\count118
\lst@maxwidth=\dimen143
 (D:\user\tuanta\Places\Saarland\thesis\thesis\lstpatch.sty

***
*** This is a patch for listings 1.3, but you're using
*** version 1.4.
***
*** Patch file not loaded.
***

)
("C:\Documents and Settings\dumb\Application Data\MiKTeX\2.9\tex\latex\listings
\lstmisc.sty"
File: lstmisc.sty 2007/02/22 1.4 (Carsten Heinz)
\c@lstnumber=\count119
\lst@skipnumbers=\count120
\lst@framebox=\box30
)
("C:\Documents and Settings\dumb\Application Data\MiKTeX\2.9\tex\latex\listings
\listings.cfg"
File: listings.cfg 2007/02/22 1.4 listings configuration
))
Package: listings 2007/02/22 1.4 (Carsten Heinz)
 (D:\user\tuanta\Places\Saarland\thesis\thesis\lstpatch.sty

***
*** This is a patch for listings 1.3, but you're using
*** version 1.4.
***
 *** Patch file not loaded.
***

) ("C:\Program Files\MiKTeX 2.9\tex\latex\hyperref\hyperref.sty"
Package: hyperref 2010/10/30 v6.81t Hypertext links for LaTeX

("C:\Program Files\MiKTeX 2.9\tex\generic\oberdiek\pdfescape.sty"
Package: pdfescape 2010/03/01 v1.9 Provides hex, PDF name and string conversion
s (HO)
)
("C:\Program Files\MiKTeX 2.9\tex\generic\oberdiek\ifpdf.sty"
Package: ifpdf 2010/01/28 v2.1 Provides the ifpdf switch (HO)
Package ifpdf Info: pdfTeX in pdf mode detected.
)
("C:\Program Files\MiKTeX 2.9\tex\generic\oberdiek\ifvtex.sty"
Package: ifvtex 2010/03/01 v1.5 Switches for detecting VTeX and its modes (HO)
Package ifvtex Info: VTeX not detected.
)
("C:\Program Files\MiKTeX 2.9\tex\generic\ifxetex\ifxetex.sty"
Package: ifxetex 2010/09/12 v0.6 Provides ifxetex conditional
)
("C:\Program Files\MiKTeX 2.9\tex\latex\oberdiek\hycolor.sty"
Package: hycolor 2009/12/12 v1.6 Color options of hyperref/bookmark (HO)

("C:\Program Files\MiKTeX 2.9\tex\latex\oberdiek\xcolor-patch.sty"
Package: xcolor-patch 2009/12/12 xcolor patch
))
("C:\Program Files\MiKTeX 2.9\tex\latex\oberdiek\letltxmacro.sty"
Package: letltxmacro 2008/06/24 v1.3 Let assignment for LaTeX macros (HO)
)
\@linkdim=\dimen144
\Hy@linkcounter=\count121
\Hy@pagecounter=\count122

("C:\Program Files\MiKTeX 2.9\tex\latex\hyperref\pd1enc.def"
File: pd1enc.def 2010/10/30 v6.81t Hyperref: PDFDocEncoding definition (HO)
)
("C:\Program Files\MiKTeX 2.9\tex\generic\oberdiek\intcalc.sty"
Package: intcalc 2007/09/27 v1.1 Expandable integer calculations (HO)
)
\Hy@SavedSpaceFactor=\count123

("C:\Program Files\MiKTeX 2.9\tex\latex\00miktex\hyperref.cfg"
File: hyperref.cfg 2002/06/06 v1.2 hyperref configuration of TeXLive
)
Package hyperref Info: Option `bookmarks' set `true' on input line 3872.
Package hyperref Info: Option `bookmarksopen' set `true' on input line 3872.
Package hyperref Info: Option `bookmarksnumbered' set `true' on input line 3872
.
Package hyperref Info: Option `hypertexnames' set `false' on input line 3872.
Package hyperref Info: Option `colorlinks' set `true' on input line 3872.
Package hyperref Info: Option `unicode' set `true' on input line 3872.

("C:\Program Files\MiKTeX 2.9\tex\latex\hyperref\puenc.def"
File: puenc.def 2010/10/30 v6.81t Hyperref: PDF Unicode definition (HO)
)
Package hyperref Info: Option `breaklinks' set `true' on input line 3872.
Package hyperref Info: Hyper figures OFF on input line 3976.
Package hyperref Info: Link nesting OFF on input line 3981.
Package hyperref Info: Hyper index ON on input line 3984.
Package hyperref Info: Plain pages OFF on input line 3991.
Package hyperref Info: Backreferencing OFF on input line 3996.
Package hyperref Info: Implicit mode ON; LaTeX internals redefined.
Package hyperref Info: Bookmarks ON on input line 4211.
\c@Hy@tempcnt=\count124

("C:\Program Files\MiKTeX 2.9\tex\latex\ltxmisc\url.sty"
\Urlmuskip=\muskip11
Package: url 2006/04/12  ver 3.3  Verb mode for urls, etc.
)
LaTeX Info: Redefining \url on input line 4566.

("C:\Program Files\MiKTeX 2.9\tex\generic\oberdiek\bitset.sty"
Package: bitset 2007/09/28 v1.0 Data type bit set (HO)

("C:\Program Files\MiKTeX 2.9\tex\generic\oberdiek\bigintcalc.sty"
Package: bigintcalc 2007/11/11 v1.1 Expandable big integer calculations (HO)
))
\Fld@menulength=\count125
\Field@Width=\dimen145
\Fld@charsize=\dimen146
Package hyperref Info: Hyper figures OFF on input line 5626.
Package hyperref Info: Link nesting OFF on input line 5631.
Package hyperref Info: Hyper index ON on input line 5634.
Package hyperref Info: backreferencing OFF on input line 5641.
Package hyperref Info: Link coloring ON on input line 5644.
Package hyperref Info: Link coloring with OCG OFF on input line 5651.
Package hyperref Info: PDF/A mode OFF on input line 5656.
LaTeX Info: Redefining \ref on input line 5696.
LaTeX Info: Redefining \pageref on input line 5700.

("C:\Program Files\MiKTeX 2.9\tex\generic\oberdiek\atbegshi.sty"
Package: atbegshi 2010/03/25 v1.12 At begin shipout hook (HO)
)
\Hy@abspage=\count126
\c@Item=\count127
\c@Hfootnote=\count128
)

Package hyperref Message: Driver (autodetected): hpdftex.

("C:\Program Files\MiKTeX 2.9\tex\latex\hyperref\hpdftex.def"
File: hpdftex.def 2010/10/30 v6.81t Hyperref driver for pdfTeX

("C:\Program Files\MiKTeX 2.9\tex\latex\oberdiek\atveryend.sty"
Package: atveryend 2010/03/24 v1.5 Hooks at very end of document (HO)
Package atveryend Info: \enddocument detected (standard).
)
\Fld@listcount=\count129
\c@bookmark@seq@number=\count130

("C:\Program Files\MiKTeX 2.9\tex\latex\oberdiek\rerunfilecheck.sty"
Package: rerunfilecheck 2010/03/16 v1.6 Rerun checks for auxiliary files (HO)

("C:\Program Files\MiKTeX 2.9\tex\generic\oberdiek\uniquecounter.sty"
Package: uniquecounter 2009/12/18 v1.1 Provides unlimited unique counter (HO)
)
Package uniquecounter Info: New unique counter `rerunfilecheck' on input line 2
71.
)
\Hy@SectionHShift=\skip66
)
\c@dummy=\count131

("C:\Program Files\MiKTeX 2.9\tex\latex\tools\longtable.sty"
Package: longtable 2004/02/01 v4.11 Multi-page Table package (DPC)
\LTleft=\skip67
\LTright=\skip68
\LTpre=\skip69
\LTpost=\skip70
\LTchunksize=\count132
\LTcapwidth=\dimen147
\LT@head=\box31
\LT@firsthead=\box32
\LT@foot=\box33
\LT@lastfoot=\box34
\LT@cols=\count133
\LT@rows=\count134
\c@LT@tables=\count135
\c@LT@chunks=\count136
\LT@p@ftn=\toks29
))
("C:\Documents and Settings\dumb\Application Data\MiKTeX\2.9\tex\latex\natbib\n
atbib.sty"
Package: natbib 2010/09/13 8.31b (PWD, AO)
\bibhang=\skip71
\bibsep=\skip72
LaTeX Info: Redefining \cite on input line 694.
\c@NAT@ctr=\count137
) ("C:\Program Files\MiKTeX 2.9\tex\latex\tools\verbatim.sty"
Package: verbatim 2003/08/22 v1.5q LaTeX2e package for verbatim enhancements
\every@verbatim=\toks30
\verbatim@line=\toks31
\verbatim@in@stream=\read1
)
(D:\user\tuanta\Places\Saarland\thesis\thesis\vector.sty
Package: vector 1994/09/16 v1.0 vector macros for LaTeX2e (nde)

("C:\Program Files\MiKTeX 2.9\tex\latex\tools\calc.sty"
Package: calc 2007/08/22 v4.3 Infix arithmetic (KKT,FJ)
\calc@Acount=\count138
\calc@Bcount=\count139
\calc@Adimen=\dimen148
\calc@Bdimen=\dimen149
\calc@Askip=\skip73
\calc@Bskip=\skip74
LaTeX Info: Redefining \setlength on input line 76.
LaTeX Info: Redefining \addtolength on input line 77.
\calc@Ccount=\count140
\calc@Cskip=\skip75
)
\c@vec@elem=\count141
)
(D:\user\tuanta\Places\Saarland\thesis\thesis\algorithm.sty
Package: algorithm 

Document Style `algorithm' - floating environment
("C:\Program Files\MiKTeX 2.9\tex\latex\float\float.sty"
Package: float 2001/11/08 v1.3d Float enhancements (AL)
\c@float@type=\count142
\float@exts=\toks32
\float@box=\box35
\@float@everytoks=\toks33
\@floatcapt=\box36
)
\@float@every@algorithm=\toks34
\c@algorithm=\count143
)
(D:\user\tuanta\Places\Saarland\thesis\thesis\algorithmic.sty
Package: algorithmic 2006/06/02

Document Style `algorithmic' - environment
\c@ALC@line=\count144
\c@ALC@rem=\count145
\c@ALC@depth=\count146
\ALC@tlm=\skip76
\algorithmicindent=\skip77
) ("C:\Program Files\MiKTeX 2.9\tex\latex\base\fontenc.sty"
Package: fontenc 2005/09/27 v1.99g Standard LaTeX package

("C:\Program Files\MiKTeX 2.9\tex\latex\base\t1enc.def"
File: t1enc.def 2005/09/27 v1.99g Standard LaTeX file
LaTeX Font Info:    Redeclaring font encoding T1 on input line 43.
))
(D:\user\tuanta\Places\Saarland\thesis\thesis\venturis2.sty
Package: venturis2 2008/11/05 v1.004 VenturisADFNo2 PS

("C:\Program Files\MiKTeX 2.9\tex\latex\base\fontenc.sty"
Package: fontenc 2005/09/27 v1.99g Standard LaTeX package

("C:\Program Files\MiKTeX 2.9\tex\latex\base\t1enc.def"
File: t1enc.def 2005/09/27 v1.99g Standard LaTeX file
LaTeX Font Info:    Redeclaring font encoding T1 on input line 43.
))
("C:\Program Files\MiKTeX 2.9\tex\latex\base\textcomp.sty"
Package: textcomp 2005/09/27 v1.99g Standard LaTeX package
Package textcomp Info: Sub-encoding information:
(textcomp)               5 = only ISO-Adobe without \textcurrency
(textcomp)               4 = 5 + \texteuro
(textcomp)               3 = 4 + \textohm
(textcomp)               2 = 3 + \textestimated + \textcurrency
(textcomp)               1 = TS1 - \textcircled - \t
(textcomp)               0 = TS1 (full)
(textcomp)             Font families with sub-encoding setting implement
(textcomp)             only a restricted character set as indicated.
(textcomp)             Family '?' is the default used for unknown fonts.
(textcomp)             See the documentation for details.
Package textcomp Info: Setting ? sub-encoding to TS1/1 on input line 71.

("C:\Program Files\MiKTeX 2.9\tex\latex\base\ts1enc.def"
File: ts1enc.def 2001/06/05 v3.0e (jk/car/fm) Standard LaTeX file
)
LaTeX Info: Redefining \oldstylenums on input line 266.
Package textcomp Info: Setting cmr sub-encoding to TS1/0 on input line 281.
Package textcomp Info: Setting cmss sub-encoding to TS1/0 on input line 282.
Package textcomp Info: Setting cmtt sub-encoding to TS1/0 on input line 283.
Package textcomp Info: Setting cmvtt sub-encoding to TS1/0 on input line 284.
Package textcomp Info: Setting cmbr sub-encoding to TS1/0 on input line 285.
Package textcomp Info: Setting cmtl sub-encoding to TS1/0 on input line 286.
Package textcomp Info: Setting ccr sub-encoding to TS1/0 on input line 287.
Package textcomp Info: Setting ptm sub-encoding to TS1/4 on input line 288.
Package textcomp Info: Setting pcr sub-encoding to TS1/4 on input line 289.
Package textcomp Info: Setting phv sub-encoding to TS1/4 on input line 290.
Package textcomp Info: Setting ppl sub-encoding to TS1/3 on input line 291.
Package textcomp Info: Setting pag sub-encoding to TS1/4 on input line 292.
Package textcomp Info: Setting pbk sub-encoding to TS1/4 on input line 293.
Package textcomp Info: Setting pnc sub-encoding to TS1/4 on input line 294.
Package textcomp Info: Setting pzc sub-encoding to TS1/4 on input line 295.
Package textcomp Info: Setting bch sub-encoding to TS1/4 on input line 296.
Package textcomp Info: Setting put sub-encoding to TS1/5 on input line 297.
Package textcomp Info: Setting uag sub-encoding to TS1/5 on input line 298.
Package textcomp Info: Setting ugq sub-encoding to TS1/5 on input line 299.
Package textcomp Info: Setting ul8 sub-encoding to TS1/4 on input line 300.
Package textcomp Info: Setting ul9 sub-encoding to TS1/4 on input line 301.
Package textcomp Info: Setting augie sub-encoding to TS1/5 on input line 302.
Package textcomp Info: Setting dayrom sub-encoding to TS1/3 on input line 303.
Package textcomp Info: Setting dayroms sub-encoding to TS1/3 on input line 304.

Package textcomp Info: Setting pxr sub-encoding to TS1/0 on input line 305.
Package textcomp Info: Setting pxss sub-encoding to TS1/0 on input line 306.
Package textcomp Info: Setting pxtt sub-encoding to TS1/0 on input line 307.
Package textcomp Info: Setting txr sub-encoding to TS1/0 on input line 308.
Package textcomp Info: Setting txss sub-encoding to TS1/0 on input line 309.
Package textcomp Info: Setting txtt sub-encoding to TS1/0 on input line 310.
Package textcomp Info: Setting futs sub-encoding to TS1/4 on input line 311.
Package textcomp Info: Setting futx sub-encoding to TS1/4 on input line 312.
Package textcomp Info: Setting futj sub-encoding to TS1/4 on input line 313.
Package textcomp Info: Setting hlh sub-encoding to TS1/3 on input line 314.
Package textcomp Info: Setting hls sub-encoding to TS1/3 on input line 315.
Package textcomp Info: Setting hlst sub-encoding to TS1/3 on input line 316.
Package textcomp Info: Setting hlct sub-encoding to TS1/5 on input line 317.
Package textcomp Info: Setting hlx sub-encoding to TS1/5 on input line 318.
Package textcomp Info: Setting hlce sub-encoding to TS1/5 on input line 319.
Package textcomp Info: Setting hlcn sub-encoding to TS1/5 on input line 320.
Package textcomp Info: Setting hlcw sub-encoding to TS1/5 on input line 321.
Package textcomp Info: Setting hlcf sub-encoding to TS1/5 on input line 322.
Package textcomp Info: Setting pplx sub-encoding to TS1/3 on input line 323.
Package textcomp Info: Setting pplj sub-encoding to TS1/3 on input line 324.
Package textcomp Info: Setting ptmx sub-encoding to TS1/4 on input line 325.
Package textcomp Info: Setting ptmj sub-encoding to TS1/4 on input line 326.
)
(D:\user\tuanta\Places\Saarland\thesis\thesis\nfssext-cfr.sty
Package: nfssext-cfr 2008/11/08 specially mangled by cfr; based on 2003/03/14 v
1.2 Experimental NFSS Extensions
\c@taken=\count147
LaTeX Info: Redefining \itshape on input line 503.
LaTeX Info: Redefining \scshape on input line 511.
LaTeX Info: Redefining \upshape on input line 525.
))
("C:\Program Files\MiKTeX 2.9\tex\latex\lm\lmodern.sty"
Package: lmodern 2009/10/30 v1.6 Latin Modern Fonts
LaTeX Font Info:    Overwriting symbol font `operators' in version `normal'
(Font)                  OT1/cmr/m/n --> OT1/lmr/m/n on input line 22.
LaTeX Font Info:    Overwriting symbol font `letters' in version `normal'
(Font)                  OML/cmm/m/it --> OML/lmm/m/it on input line 23.
LaTeX Font Info:    Overwriting symbol font `symbols' in version `normal'
(Font)                  OMS/cmsy/m/n --> OMS/lmsy/m/n on input line 24.
LaTeX Font Info:    Overwriting symbol font `largesymbols' in version `normal'
(Font)                  OMX/cmex/m/n --> OMX/lmex/m/n on input line 25.
LaTeX Font Info:    Overwriting symbol font `operators' in version `bold'
(Font)                  OT1/cmr/bx/n --> OT1/lmr/bx/n on input line 26.
LaTeX Font Info:    Overwriting symbol font `letters' in version `bold'
(Font)                  OML/cmm/b/it --> OML/lmm/b/it on input line 27.
LaTeX Font Info:    Overwriting symbol font `symbols' in version `bold'
(Font)                  OMS/cmsy/b/n --> OMS/lmsy/b/n on input line 28.
LaTeX Font Info:    Overwriting symbol font `largesymbols' in version `bold'
(Font)                  OMX/cmex/m/n --> OMX/lmex/m/n on input line 29.
LaTeX Font Info:    Overwriting math alphabet `\mathbf' in version `normal'
(Font)                  OT1/cmr/bx/n --> OT1/lmr/bx/n on input line 31.
LaTeX Font Info:    Overwriting math alphabet `\mathsf' in version `normal'
(Font)                  OT1/cmss/m/n --> OT1/lmss/m/n on input line 32.
LaTeX Font Info:    Overwriting math alphabet `\mathit' in version `normal'
(Font)                  OT1/cmr/m/it --> OT1/lmr/m/it on input line 33.
LaTeX Font Info:    Overwriting math alphabet `\mathtt' in version `normal'
(Font)                  OT1/cmtt/m/n --> OT1/lmtt/m/n on input line 34.
LaTeX Font Info:    Overwriting math alphabet `\mathbf' in version `bold'
(Font)                  OT1/cmr/bx/n --> OT1/lmr/bx/n on input line 35.
LaTeX Font Info:    Overwriting math alphabet `\mathsf' in version `bold'
(Font)                  OT1/cmss/bx/n --> OT1/lmss/bx/n on input line 36.
LaTeX Font Info:    Overwriting math alphabet `\mathit' in version `bold'
(Font)                  OT1/cmr/bx/it --> OT1/lmr/bx/it on input line 37.
LaTeX Font Info:    Overwriting math alphabet `\mathtt' in version `bold'
(Font)                  OT1/cmtt/m/n --> OT1/lmtt/m/n on input line 38.
)
("C:\Program Files\MiKTeX 2.9\tex\latex\jknappen\mathrsfs.sty"
Package: mathrsfs 1996/01/01 Math RSFS package v1.0 (jk)
\symrsfs=\mathgroup6
)
("C:\Documents and Settings\dumb\Application Data\MiKTeX\2.9\tex\latex\microtyp
e\microtype.sty"
Package: microtype 2010/01/10 v2.4 Micro-typography with pdfTeX (RS)
\MT@toks=\toks35
\MT@count=\count148
LaTeX Info: Redefining \lsstyle on input line 1597.
LaTeX Info: Redefining \lslig on input line 1597.
\MT@outer@space=\skip78
LaTeX Info: Redefining \textls on input line 1605.
\MT@outer@kern=\dimen150
LaTeX Info: Redefining \textmicrotypecontext on input line 2156.
Package microtype Info: Loading configuration file microtype.cfg.

("C:\Documents and Settings\dumb\Application Data\MiKTeX\2.9\tex\latex\microtyp
e\microtype.cfg"
File: microtype.cfg 2010/01/10 v2.4 microtype main configuration file (RS)
)) (D:\user\tuanta\Places\Saarland\thesis\thesis\ps4pdf.sty
Package: ps4pdf 2005/02/11 v0.6i PS code for pdfTeX (RN/HO)
\c@PSforPDF=\count149
)
("C:\Documents and Settings\dumb\Application Data\MiKTeX\2.9\tex\latex\titlesec
\titlesec.sty"
Package: titlesec 2007/08/12 v2.8 Sectioning titles
\ttl@box=\box37
\beforetitleunit=\skip79
\aftertitleunit=\skip80
\ttl@plus=\dimen151
\ttl@minus=\dimen152
\ttl@toksa=\toks36
\titlewidth=\dimen153
\titlewidthlast=\dimen154
\titlewidthfirst=\dimen155
)
("C:\Documents and Settings\dumb\Application Data\MiKTeX\2.9\tex\latex\sectsty\
sectsty.sty"
Package: sectsty 2002/02/25 v2.0.2 Commands to change all sectional heading sty
les
)
\c@thm=\count150
Package hyperref Info: Option `colorlinks' set `true' on input line 44.
 (D:\user\tuanta\Places\Saarland\thesis\thesis\thesis.aux

LaTeX Warning: Label `sec:context-extr' multiply defined.

)
LaTeX Font Info:    Checking defaults for OML/cmm/m/it on input line 51.
LaTeX Font Info:    ... okay on input line 51.
LaTeX Font Info:    Checking defaults for T1/cmr/m/n on input line 51.
LaTeX Font Info:    ... okay on input line 51.
LaTeX Font Info:    Checking defaults for OT1/cmr/m/n on input line 51.
LaTeX Font Info:    ... okay on input line 51.
LaTeX Font Info:    Checking defaults for OMS/cmsy/m/n on input line 51.
LaTeX Font Info:    ... okay on input line 51.
LaTeX Font Info:    Checking defaults for OMX/cmex/m/n on input line 51.
LaTeX Font Info:    ... okay on input line 51.
LaTeX Font Info:    Checking defaults for U/cmr/m/n on input line 51.
LaTeX Font Info:    ... okay on input line 51.
LaTeX Font Info:    Checking defaults for PD1/pdf/m/n on input line 51.
LaTeX Font Info:    ... okay on input line 51.
LaTeX Font Info:    Checking defaults for PU/pdf/m/n on input line 51.
LaTeX Font Info:    ... okay on input line 51.
LaTeX Font Info:    Checking defaults for TS1/cmr/m/n on input line 51.
LaTeX Font Info:    Try loading font information for TS1+cmr on input line 51.
 ("C:\Program Files\MiKTeX 2.9\tex\latex\base\ts1cmr.fd"
File: ts1cmr.fd 1999/05/25 v2.5h Standard LaTeX font definitions
)
LaTeX Font Info:    ... okay on input line 51.
LaTeX Font Info:    Try loading font information for T1+lmr on input line 51.

("C:\Program Files\MiKTeX 2.9\tex\latex\lm\t1lmr.fd"
File: t1lmr.fd 2009/10/30 v1.6 Font defs for Latin Modern
)
Package caption Info: Begin \AtBeginDocument code.
Package caption Info: float package is loaded.
Package caption Info: hyperref package is loaded.
Package caption Info: listings package is loaded.
Package caption Info: longtable package is loaded.

("C:\Documents and Settings\dumb\Application Data\MiKTeX\2.9\tex\latex\caption\
ltcaption.sty"
Package: ltcaption 2008/03/28 v1.2 longtable captions (AR)
)
Package caption Info: rotating package is loaded.
Package caption Info: subfigure package is loaded.
Package caption Info: End \AtBeginDocument code.

("C:\Documents and Settings\dumb\Application Data\MiKTeX\2.9\tex\context\base\s
upp-pdf.mkii"
[Loading MPS to PDF converter (version 2006.09.02).]
\scratchcounter=\count151
\scratchdimen=\dimen156
\scratchbox=\box38
\nofMPsegments=\count152
\nofMParguments=\count153
\everyMPshowfont=\toks37
\MPscratchCnt=\count154
\MPscratchDim=\dimen157
\MPnumerator=\count155
\everyMPtoPDFconversion=\toks38
)
\c@lstlisting=\count156
\AtBeginShipoutBox=\box39
 ("C:\Program Files\MiKTeX 2.9\tex\latex\graphics\color.sty"
Package: color 2005/11/14 v1.0j Standard LaTeX Color (DPC)

("C:\Program Files\MiKTeX 2.9\tex\latex\00miktex\color.cfg"
File: color.cfg 2007/01/18 v1.5 color configuration of teTeX/TeXLive
)
Package color Info: Driver file: pdftex.def on input line 130.
)
Package hyperref Info: Link coloring ON on input line 51.

("C:\Program Files\MiKTeX 2.9\tex\latex\hyperref\nameref.sty"
Package: nameref 2010/04/30 v2.40 Cross-referencing by name of section

("C:\Program Files\MiKTeX 2.9\tex\latex\oberdiek\refcount.sty"
Package: refcount 2008/08/11 v3.1 Data extraction from references (HO)
)
("C:\Program Files\MiKTeX 2.9\tex\generic\oberdiek\gettitlestring.sty"
Package: gettitlestring 2009/12/18 v1.3 Cleanup title references (HO)
)
\c@section@level=\count157
)
LaTeX Info: Redefining \ref on input line 51.
LaTeX Info: Redefining \pageref on input line 51.
LaTeX Info: Redefining \nameref on input line 51.

(D:\user\tuanta\Places\Saarland\thesis\thesis\thesis.out)
(D:\user\tuanta\Places\Saarland\thesis\thesis\thesis.out)
\@outlinefile=\write3
LaTeX Info: Redefining \microtypecontext on input line 51.
Package microtype Info: Generating PDF output.
Package microtype Info: Character protrusion enabled (level 2).
Package microtype Info: Using default protrusion set `alltext'.
Package microtype Info: Automatic font expansion enabled (level 2),
(microtype)             stretch: 20, shrink: 20, step: 1, non-selected.
Package microtype Info: Using default expansion set `basictext'.
Package microtype Info: No tracking.
Package microtype Info: No adjustment of interword spacing.
Package microtype Info: No adjustment of character kerning.

("C:\Documents and Settings\dumb\Application Data\MiKTeX\2.9\tex\latex\microtyp
e\mt-cmr.cfg"
File: mt-cmr.cfg 2009/11/09 v2.0 microtype config. file: Computer Modern Roman 
(RS)
)

Package ps4pdf Warning: Graphic container `thesis-pics.pdf' not found.

------------------------------------------------------------------------------
 Title Page
------------------------------------------------------------------------------
<minerva.pdf, id=335, 146.5475pt x 146.5475pt>
File: minerva.pdf Graphic file (type pdf)
 <use minerva.pdf>
LaTeX Font Info:    Try loading font information for OT1+lmr on input line 65.

("C:\Program Files\MiKTeX 2.9\tex\latex\lm\ot1lmr.fd"
File: ot1lmr.fd 2009/10/30 v1.6 Font defs for Latin Modern
)
LaTeX Font Info:    Try loading font information for OML+lmm on input line 65.

("C:\Program Files\MiKTeX 2.9\tex\latex\lm\omllmm.fd"
File: omllmm.fd 2009/10/30 v1.6 Font defs for Latin Modern
)
LaTeX Font Info:    Try loading font information for OMS+lmsy on input line 65.


("C:\Program Files\MiKTeX 2.9\tex\latex\lm\omslmsy.fd"
File: omslmsy.fd 2009/10/30 v1.6 Font defs for Latin Modern
)
LaTeX Font Info:    Try loading font information for OMX+lmex on input line 65.


("C:\Program Files\MiKTeX 2.9\tex\latex\lm\omxlmex.fd"
File: omxlmex.fd 2009/10/30 v1.6 Font defs for Latin Modern
)
LaTeX Font Info:    External font `lmex10' loaded for size
(Font)              <10.95> on input line 65.
LaTeX Font Info:    External font `lmex10' loaded for size
(Font)              <8> on input line 65.
LaTeX Font Info:    External font `lmex10' loaded for size
(Font)              <6> on input line 65.
LaTeX Font Info:    Try loading font information for U+msa on input line 65.

("C:\Program Files\MiKTeX 2.9\tex\latex\amsfonts\umsa.fd"
File: umsa.fd 2009/06/22 v3.00 AMS symbols A
)
("C:\Documents and Settings\dumb\Application Data\MiKTeX\2.9\tex\latex\microtyp
e\mt-msa.cfg"
File: mt-msa.cfg 2006/02/04 v1.1 microtype config. file: AMS symbols (a) (RS)
)
LaTeX Font Info:    Try loading font information for U+msb on input line 65.
 ("C:\Program Files\MiKTeX 2.9\tex\latex\amsfonts\umsb.fd"
File: umsb.fd 2009/06/22 v3.00 AMS symbols B
)
("C:\Documents and Settings\dumb\Application Data\MiKTeX\2.9\tex\latex\microtyp
e\mt-msb.cfg"
File: mt-msb.cfg 2005/06/01 v1.0 microtype config. file: AMS symbols (b) (RS)
)
LaTeX Font Info:    Try loading font information for U+rsfs on input line 65.
 ("C:\Program Files\MiKTeX 2.9\tex\latex\jknappen\ursfs.fd"
File: ursfs.fd 1998/03/24 rsfs font definition file (jk)
)
Overfull \hbox (12.49623pt too wide) in paragraph at lines 65--65
 [][] 
 []

<eule-rz.pdf, id=336, 85.31876pt x 85.31876pt>
File: eule-rz.pdf Graphic file (type pdf)
 <use eule-rz.pdf> [1



{C:/Documents and Settings/dumb/Local Settings/Application Data/MiKTeX/2.9/pdft
ex/config/pdftex.map} <D:/user/tuanta/Places/Saarland/thesis/thesis/minerva.pdf
> <D:/user/tuanta/Places/Saarland/thesis/thesis/eule-rz.pdf>] [2

]
(D:\user\tuanta\Places\Saarland\thesis\thesis\Presections\declaration.tex
Underfull \hbox (badness 10000) in paragraph at lines 2--5

 []


Underfull \hbox (badness 10000) in paragraph at lines 9--11

 []


Underfull \hbox (badness 10000) in paragraph at lines 12--15

 []

LaTeX Font Info:    Try loading font information for T1+lmss on input line 21.
("C:\Program Files\MiKTeX 2.9\tex\latex\lm\t1lmss.fd"
File: t1lmss.fd 2009/10/30 v1.6 Font defs for Latin Modern
) [3])
(D:\user\tuanta\Places\Saarland\thesis\thesis\Presections/dedication.tex
[4

]) (D:\user\tuanta\Places\Saarland\thesis\thesis\Presections/abstract.tex
[5

]
------------------------------------------------------------------------------
 Abstract Page
------------------------------------------------------------------------------
[6

])
(D:\user\tuanta\Places\Saarland\thesis\thesis\Presections/acknowledgement.tex
[7

]
------------------------------------------------------------------------------
 Acknowledgements
------------------------------------------------------------------------------
[8

])
------------------------------------------------------------------------------
 Table of Contents
------------------------------------------------------------------------------
(D:\user\tuanta\Places\Saarland\thesis\thesis\thesis.toc [9


] [10])
\tf@toc=\write4
 [11]
[12

] (D:\user\tuanta\Places\Saarland\thesis\thesis\Chapters\Chapter1.tex
Chapter 1.
------------------------------------------------------------------------------
 1 Introduction
------------------------------------------------------------------------------
LaTeX Font Info:    External font `lmex10' loaded for size
(Font)              <9> on input line 10.
LaTeX Font Info:    External font `lmex10' loaded for size
(Font)              <5> on input line 10.
LaTeX Font Info:    Try loading font information for T1+lmtt on input line 10.
("C:\Program Files\MiKTeX 2.9\tex\latex\lm\t1lmtt.fd"
File: t1lmtt.fd 2009/10/30 v1.6 Font defs for Latin Modern
) [1



]
LaTeX Font Info:    Try loading font information for TS1+lmr on input line 46.

("C:\Program Files\MiKTeX 2.9\tex\latex\lm\ts1lmr.fd"
File: ts1lmr.fd 2009/10/30 v1.6 Font defs for Latin Modern
) [2] [3])
(D:\user\tuanta\Places\Saarland\thesis\thesis\Chapters\Chapter2.tex [4]
Chapter 2.
------------------------------------------------------------------------------
 2 Related Work
------------------------------------------------------------------------------
[5

] [6] <Figures/../Figures/nastase08b.pdf, id=577, 614.295pt x 794.97pt>
File: Figures/../Figures/nastase08b.pdf Graphic file (type pdf)

<use Figures/../Figures/nastase08b.pdf>
LaTeX Font Info:    External font `lmex10' loaded for size
(Font)              <10> on input line 41.
LaTeX Font Info:    External font `lmex10' loaded for size
(Font)              <7> on input line 41.
 [7 <D:/user/tuanta/Places/Saarland/thesis/thesis/Figures/../Figures/nastase08b
.pdf>]
<Figures/../Figures/correlator.pdf, id=611, 614.295pt x 794.97pt>
File: Figures/../Figures/correlator.pdf Graphic file (type pdf)

<use Figures/../Figures/correlator.pdf> [8]
<Figures/../Figures/correlator_2.pdf, id=621, 614.295pt x 794.97pt>
File: Figures/../Figures/correlator_2.pdf Graphic file (type pdf)

<use Figures/../Figures/correlator_2.pdf> [9 <D:/user/tuanta/Places/Saarland/th
esis/thesis/Figures/../Figures/correlator.pdf> <D:/user/tuanta/Places/Saarland/
thesis/thesis/Figures/../Figures/correlator_2.pdf>] [10]
<Figures/../Figures/ecg.pdf, id=668, 614.295pt x 794.97pt>
File: Figures/../Figures/ecg.pdf Graphic file (type pdf)

<use Figures/../Figures/ecg.pdf> [11 <D:/user/tuanta/Places/Saarland/thesis/the
sis/Figures/../Figures/ecg.pdf>])
(D:\user\tuanta\Places\Saarland\thesis\thesis\Chapters\Chapter3.tex [12]
Chapter 3.
------------------------------------------------------------------------------
 3 Data Model
------------------------------------------------------------------------------
[13

] [14] <Figures/../Figures/ontology-plain.pdf, id=733, 722.7pt x 542.025pt>
File: Figures/../Figures/ontology-plain.pdf Graphic file (type pdf)

<use Figures/../Figures/ontology-plain.pdf>

pdfTeX warning: C:\Program Files\MiKTeX 2.9\miktex\bin\pdflatex.exe (file D:/us
er/tuanta/Places/Saarland/thesis/thesis/Figures/../Figures/yago_datatypes.pdf):
 PDF inclusion: found PDF version <1.6>, but at most version <1.5> allowed
<Figures/../Figures/yago_datatypes.pdf, id=739, 597.23125pt x 845.1575pt>
File: Figures/../Figures/yago_datatypes.pdf Graphic file (type pdf)

<use Figures/../Figures/yago_datatypes.pdf>
Overfull \hbox (9.31827pt too wide) in paragraph at lines 66--67
 [] 
 []

[15 <D:/user/tuanta/Places/Saarland/thesis/thesis/Figures/../Figures/ontology-p
lain.pdf>]
Overfull \hbox (16.11397pt too wide) in paragraph at lines 130--131
 [][] 
 []

[16 <D:/user/tuanta/Places/Saarland/thesis/thesis/Figures/../Figures/yago_datat
ypes.pdf>] [17]
LaTeX Font Info:    Font shape `T1/lmtt/bx/n' in size <10.95> not available
(Font)              Font shape `T1/lmtt/b/n' tried instead on input line 188.
 [18] [19])
(D:\user\tuanta\Places\Saarland\thesis\thesis\Chapters\Chapter4.tex [20]
Chapter 4.
------------------------------------------------------------------------------
 4 System Architecture
------------------------------------------------------------------------------
<./Figures/system.pdf, id=866, 867.24pt x 361.35pt>
File: ./Figures/system.pdf Graphic file (type pdf)
 <use ./Figures/system.pdf>
[21

] <Figures/../Figures/cate.pdf, id=874, 614.295pt x 794.97pt>
File: Figures/../Figures/cate.pdf Graphic file (type pdf)

<use Figures/../Figures/cate.pdf> [22 <D:/user/tuanta/Places/Saarland/thesis/th
esis/Figures/system.pdf>] [23 <D:/user/tuanta/Places/Saarland/thesis/thesis/Fig
ures/../Figures/cate.pdf>]
<Figures/../Figures/ir.pdf, id=920, 614.295pt x 794.97pt>
File: Figures/../Figures/ir.pdf Graphic file (type pdf)

<use Figures/../Figures/ir.pdf> [24 <D:/user/tuanta/Places/Saarland/thesis/thes
is/Figures/../Figures/ir.pdf>] [25])
(D:\user\tuanta\Places\Saarland\thesis\thesis\Chapters\Chapter5.tex [26]
Chapter 5.
------------------------------------------------------------------------------
 5 Information Extraction
------------------------------------------------------------------------------

Underfull \hbox (badness 10000) in paragraph at lines 10--10
[][][][][]$\T1/lmtt/m/n/9 http : / / en . wikipedia . org / wiki / Wikipedia : 
Categorization$[][]\T1/lmr/m/n/9 (+20) , [][]$\T1/lmtt/m/n/9 http : / / en . wi
kipedia . org / wiki /
 []

[27

] [28]
LaTeX Font Info:    Try loading font information for OT1+lmss on input line 58.

 ("C:\Program Files\MiKTeX 2.9\tex\latex\lm\ot1lmss.fd"
File: ot1lmss.fd 2009/10/30 v1.6 Font defs for Latin Modern
)

LaTeX Font Warning: Command \small invalid in math mode on input line 58.


LaTeX Font Warning: Command \small invalid in math mode on input line 58.


LaTeX Font Warning: Command \small invalid in math mode on input line 58.


Overfull \hbox (33.58014pt too wide) in paragraph at lines 58--60
 []\T1/lmss/bx/n/10.95 Pattern.[] \T1/lmr/m/n/10.95 (-20) A pat-tern is a set o
f po-si-tioned to-kens. For ex-am-ple, the pat-tern ``\T1/lmss/m/n/10 (-20) Lis
ts_of_XX_from_Y\T1/lmr/m/n/10.95 (-20) '',
 []

[29] <Figures/../Figures/cat.pdf, id=1009, 794.97pt x 614.295pt>
File: Figures/../Figures/cat.pdf Graphic file (type pdf)

<use Figures/../Figures/cat.pdf>
Package hyperref Info: bookmark level for unknown algorithm defaults to 0 on in
put line 86.
 [30 <D:/user/tuanta/Places/Saarland/thesis/thesis/Figures/../Figures/cat.pdf, 
page is rotated 90 degrees>]
<Figures/../Figures/candidate.pdf, id=1055, 794.97pt x 614.295pt>
File: Figures/../Figures/candidate.pdf Graphic file (type pdf)

<use Figures/../Figures/candidate.pdf> [31 <D:/user/tuanta/Places/Saarland/thes
is/thesis/Figures/../Figures/candidate.pdf, page is rotated 90 degrees>]
[32] [33] [34])
(D:\user\tuanta\Places\Saarland\thesis\thesis\Chapters\Chapter6.tex [35]
[36

]
Chapter 6.
------------------------------------------------------------------------------
 6 Entity Ranking Model
------------------------------------------------------------------------------
[37] [38] [39] [40] [41])
(D:\user\tuanta\Places\Saarland\thesis\thesis\Chapters\Chapter7.tex [42]
Chapter 7.
------------------------------------------------------------------------------
 7 Implementation
------------------------------------------------------------------------------
<Figures/../Figures/architecture_online.pdf, id=1192, 794.97pt x 614.295pt>
File: Figures/../Figures/architecture_online.pdf Graphic file (type pdf)

<use Figures/../Figures/architecture_online.pdf>
Overfull \hbox (0.70567pt too wide) in paragraph at lines 18--21
[]\T1/lmr/m/n/10.95 (-20) In the web lay-ers (client and web server), we use Go
ogle Web Toolkit frame-work [[]](GWT)
 []

[43

] [44 <D:/user/tuanta/Places/Saarland/thesis/thesis/Figures/../Figures/architec
ture_online.pdf, page is rotated 90 degrees>]
<Figures/../Figures/schema_wikidump.pdf, id=1241, 614.295pt x 794.97pt>
File: Figures/../Figures/schema_wikidump.pdf Graphic file (type pdf)

<use Figures/../Figures/schema_wikidump.pdf> [45]
<Figures/../Figures/schema_cate.pdf, id=1255, 614.295pt x 794.97pt>
File: Figures/../Figures/schema_cate.pdf Graphic file (type pdf)

<use Figures/../Figures/schema_cate.pdf> [46 <D:/user/tuanta/Places/Saarland/th
esis/thesis/Figures/../Figures/schema_wikidump.pdf> <D:/user/tuanta/Places/Saar
land/thesis/thesis/Figures/../Figures/schema_cate.pdf>] [47])
(D:\user\tuanta\Places\Saarland\thesis\thesis\Chapters\Chapter8.tex [48]
[49] [50

]
Chapter 8.
------------------------------------------------------------------------------
 8 Experiments and Results
------------------------------------------------------------------------------
[51]
LaTeX Font Info:    External font `lmex10' loaded for size
(Font)              <12> on input line 20.
 [52] [53] [54] [55]
Underfull \hbox (badness 1194) in paragraph at lines 187--187
\T1/lmr/m/it/10.95 (+20) Ger-man sci-en-tists, Cos-mol-o-gists, Ger-
 []


Underfull \hbox (badness 3029) in paragraph at lines 188--189
[]\T1/lmr/m/it/10.95 (+20) Academics of the Charles Uni-ver-sity,
 []


Overfull \hbox (4.8655pt too wide) in paragraph at lines 182--191
 [][] 
 []

[56] [57]
Underfull \hbox (badness 10000) in paragraph at lines 225--226
[]\T1/lmss/m/n/10 (+20) German_mathematicians
 []


Underfull \hbox (badness 10000) in paragraph at lines 225--226
\T1/lmss/m/n/10 (+20) Dif-fer-en-tial_geometers
 []


Underfull \hbox (badness 10000) in paragraph at lines 225--226
\T1/lmss/m/n/10 (+20) 19th-
 []


Underfull \hbox (badness 10000) in paragraph at lines 229--230
[]\T1/lmss/m/n/10 (+20) European_mathematicians
 []


Underfull \hbox (badness 10000) in paragraph at lines 229--230
\T1/lmss/m/n/10 (+20) 19th-
 []


Underfull \hbox (badness 10000) in paragraph at lines 229--230
\T1/lmss/m/n/10 (+20) century_differential_geometers
 []


Underfull \hbox (badness 10000) in paragraph at lines 229--230
\T1/lmss/m/n/10 (+20) 19th-century_Europe
 []


Underfull \hbox (badness 10000) in paragraph at lines 229--230
\T1/lmss/m/n/10 (+20) 19th-century_Germany
 []


Underfull \hbox (badness 10000) in paragraph at lines 229--230
\T1/lmss/m/n/10 (+20) 19th-century_Number_theorists
 []


Underfull \hbox (badness 10000) in paragraph at lines 229--230
\T1/lmss/m/n/10 (+20) 19th-
 []


Underfull \hbox (badness 10000) in paragraph at lines 233--233
[]\T1/lmss/m/n/10 (+20) Mathematical_analysis
 []


Underfull \hbox (badness 10000) in paragraph at lines 233--233
\T1/lmss/m/n/10 (+20) Dif-fer-en-tial_geometry
 []


Underfull \hbox (badness 10000) in paragraph at lines 233--233
\T1/lmss/m/n/10 (+20) Fun-da-men-
 []


Underfull \hbox (badness 10000) in paragraph at lines 233--233
\T1/lmss/m/n/10 (+20) tal_physics_concepts
 []


Underfull \hbox (badness 10000) in paragraph at lines 233--233
\T1/lmss/m/n/10 (+20) An-a-lyt-i-cal_number_theory
 []


Overfull \hbox (2.63911pt too wide) in paragraph at lines 220--241
 [][] 
 []

[58] [59] <Figures/../Figures/plot1.pdf, id=1429, 614.295pt x 794.97pt>
File: Figures/../Figures/plot1.pdf Graphic file (type pdf)

<use Figures/../Figures/plot1.pdf> [60 <D:/user/tuanta/Places/Saarland/thesis/t
hesis/Figures/../Figures/plot1.pdf>]
<Figures/../Figures/plot2.pdf, id=1453, 614.295pt x 794.97pt>
File: Figures/../Figures/plot2.pdf Graphic file (type pdf)

<use Figures/../Figures/plot2.pdf> [61 <D:/user/tuanta/Places/Saarland/thesis/t
hesis/Figures/../Figures/plot2.pdf>]
Overfull \hbox (1.41731pt too wide) in paragraph at lines 407--421
 [][] 
 []

[62] <Figures/../Figures/plot3.pdf, id=1486, 614.295pt x 794.97pt>
File: Figures/../Figures/plot3.pdf Graphic file (type pdf)

<use Figures/../Figures/plot3.pdf> [63 <D:/user/tuanta/Places/Saarland/thesis/t
hesis/Figures/../Figures/plot3.pdf>]

LaTeX Warning: Text page 64 contains only floats.

[64] <Figures/../Figures/plot4.pdf, id=1517, 614.295pt x 794.97pt>
File: Figures/../Figures/plot4.pdf Graphic file (type pdf)

<use Figures/../Figures/plot4.pdf> [65 <D:/user/tuanta/Places/Saarland/thesis/t
hesis/Figures/../Figures/plot4.pdf>]
<Figures/../Figures/snapshot-1.pdf, id=1542, 614.295pt x 794.97pt>
File: Figures/../Figures/snapshot-1.pdf Graphic file (type pdf)

<use Figures/../Figures/snapshot-1.pdf>
<Figures/../Figures/snapshot-3.pdf, id=1545, 614.295pt x 794.97pt>
File: Figures/../Figures/snapshot-3.pdf Graphic file (type pdf)

<use Figures/../Figures/snapshot-3.pdf>)
(D:\user\tuanta\Places\Saarland\thesis\thesis\Chapters\Chapter9.tex [66]
[67 <D:/user/tuanta/Places/Saarland/thesis/thesis/Figures/../Figures/snapshot-1
.pdf>] [68 <D:/user/tuanta/Places/Saarland/thesis/thesis/Figures/../Figures/sna
pshot-3.pdf>]
Chapter 9.
------------------------------------------------------------------------------
 9 Conclusion and Future Work
------------------------------------------------------------------------------
[69

] <Figures/../Figures/trocadero.pdf, id=1590, 614.295pt x 794.97pt>
File: Figures/../Figures/trocadero.pdf Graphic file (type pdf)

<use Figures/../Figures/trocadero.pdf> [70]
Overfull \hbox (0.35194pt too wide) in paragraph at lines 30--31
[]\T1/lmr/bx/n/10.95 Integrating CATE with a big-ger knowl-edge har-vest-ing fr
ame-work. \T1/lmr/m/n/10.95 (-20) CATE
 []

)
------------------------------------------------------------------------------
 List of Figures
------------------------------------------------------------------------------
[71 <D:/user/tuanta/Places/Saarland/thesis/thesis/Figures/../Figures/trocadero.
pdf>] [72

] (D:\user\tuanta\Places\Saarland\thesis\thesis\thesis.lof)
\tf@lof=\write5
 [73]
[74

]
------------------------------------------------------------------------------
 List of Tables
------------------------------------------------------------------------------
(D:\user\tuanta\Places\Saarland\thesis\thesis\thesis.lot)
\tf@lot=\write6
 [75

] [76

]
------------------------------------------------------------------------------
 Bibliography
------------------------------------------------------------------------------
(D:\user\tuanta\Places\Saarland\thesis\thesis\thesis.bbl [77


] [78] [79]
[80])

Package ps4pdf Warning: `thesis-pics.pdf' is no more valid.

Package atveryend Info: Empty hook `BeforeClearDocument' on input line 193.
[81]
Package atveryend Info: Empty hook `AfterLastShipout' on input line 193.
 (D:\user\tuanta\Places\Saarland\thesis\thesis\thesis.aux)
Package atveryend Info: Executing hook `AtVeryEndDocument' on input line 193.
Package rerunfilecheck Info: File `thesis.out' has not changed.
(rerunfilecheck)             Checksum: 50F83A62C9FC5FA27425BE7C579216B3;16563.


 *File List*
  Thesis.cls    2007/22/02 v1.0 LaTeX document class
    book.cls    2007/10/19 v1.4h Standard LaTeX document class
    bk11.clo    2007/10/19 v1.4h Standard LaTeX file (size option)
setspace.sty    2000/12/01 6.7 Contributed and Supported LaTeX2e package
 vmargin.sty    1999/06/01
fancyhdr.sty    
 amsmath.sty    2000/07/18 v2.13 AMS math features
 amstext.sty    2000/06/29 v2.01
  amsgen.sty    1999/11/30 v2.0
  amsbsy.sty    1999/11/29 v1.2d
  amsopn.sty    1999/12/14 v2.01 operator names
amsfonts.sty    2009/06/22 v3.00 Basic AMSFonts support
 amssymb.sty    2009/06/22 v3.00
   amscd.sty    1999/11/29 v2.0
  amsthm.sty    2004/08/06 v2.20
  xspace.sty    2006/05/08 v1.12 Space after command names (DPC,MH)
 caption.sty    2010/01/09 v3.1m Customizing captions (AR)
caption3.sty    2010/01/14 v3.1m caption3 kernel (AR)
  keyval.sty    1999/03/16 v1.13 key=value parser (DPC)
graphicx.sty    1999/02/16 v1.0f Enhanced LaTeX Graphics (DPC,SPQR)
graphics.sty    2009/02/05 v1.0o Standard LaTeX Graphics (DPC,SPQR)
    trig.sty    1999/03/16 v1.09 sin cos tan (DPC)
graphics.cfg    2007/01/18 v1.5 graphics configuration of teTeX/TeXLive
  pdftex.def    2010/09/14 v0.05b Graphics/color for pdfTeX
epstopdf.sty    2010/02/09 v2.5 Conversion with epstopdf on the fly (HO)
epstopdf-base.sty    2010/02/09 v2.5 Base part for package epstopdf
infwarerr.sty    2010/04/08 v1.3 Providing info/warning/message (HO)
  grfext.sty    2007/09/30 v1.0 Managing graphics extensions (HO)
kvoptions.sty    2010/02/22 v3.7 Keyval support for LaTeX options (HO)
kvsetkeys.sty    2010/03/01 v1.9 Key value parser (HO)
etexcmds.sty    2010/01/28 v1.3 Prefix for e-TeX command names (HO)
pdftexcmds.sty    2010/04/01 v0.9 Utility functions of pdfTeX for LuaTeX (HO)
ifluatex.sty    2010/03/01 v1.3 Provides the ifluatex switch (HO)
 ltxcmds.sty    2010/04/26 v1.7 LaTeX kernel commands for general use (HO)
subfigure.sty    2002/07/30 v2.1.4 subfigure package
subfigure.cfg
booktabs.sty    2005/04/14 v1.61803 publication quality tables
rotating.sty    2009/03/28 v2.16a rotated objects in LaTeX
  ifthen.sty    2001/05/26 v1.1c Standard LaTeX ifthen package (DPC)
listings.sty    2007/02/22 1.4 (Carsten Heinz)
lstpatch.sty    
 lstmisc.sty    2007/02/22 1.4 (Carsten Heinz)
listings.cfg    2007/02/22 1.4 listings configuration
lstpatch.sty    
hyperref.sty    2010/10/30 v6.81t Hypertext links for LaTeX
pdfescape.sty    2010/03/01 v1.9 Provides hex, PDF name and string conversions 
(HO)
   ifpdf.sty    2010/01/28 v2.1 Provides the ifpdf switch (HO)
  ifvtex.sty    2010/03/01 v1.5 Switches for detecting VTeX and its modes (HO)
 ifxetex.sty    2010/09/12 v0.6 Provides ifxetex conditional
 hycolor.sty    2009/12/12 v1.6 Color options of hyperref/bookmark (HO)
xcolor-patch.sty    2009/12/12 xcolor patch
letltxmacro.sty    2008/06/24 v1.3 Let assignment for LaTeX macros (HO)
  pd1enc.def    2010/10/30 v6.81t Hyperref: PDFDocEncoding definition (HO)
 intcalc.sty    2007/09/27 v1.1 Expandable integer calculations (HO)
hyperref.cfg    2002/06/06 v1.2 hyperref configuration of TeXLive
   puenc.def    2010/10/30 v6.81t Hyperref: PDF Unicode definition (HO)
     url.sty    2006/04/12  ver 3.3  Verb mode for urls, etc.
  bitset.sty    2007/09/28 v1.0 Data type bit set (HO)
bigintcalc.sty    2007/11/11 v1.1 Expandable big integer calculations (HO)
atbegshi.sty    2010/03/25 v1.12 At begin shipout hook (HO)
 hpdftex.def    2010/10/30 v6.81t Hyperref driver for pdfTeX
atveryend.sty    2010/03/24 v1.5 Hooks at very end of document (HO)
rerunfilecheck.sty    2010/03/16 v1.6 Rerun checks for auxiliary files (HO)
uniquecounter.sty    2009/12/18 v1.1 Provides unlimited unique counter (HO)
longtable.sty    2004/02/01 v4.11 Multi-page Table package (DPC)
  natbib.sty    2010/09/13 8.31b (PWD, AO)
verbatim.sty    2003/08/22 v1.5q LaTeX2e package for verbatim enhancements
  vector.sty    1994/09/16 v1.0 vector macros for LaTeX2e (nde)
    calc.sty    2007/08/22 v4.3 Infix arithmetic (KKT,FJ)
algorithm.sty    
   float.sty    2001/11/08 v1.3d Float enhancements (AL)
algorithmic.sty    2006/06/02
 fontenc.sty
   t1enc.def    2005/09/27 v1.99g Standard LaTeX file
venturis2.sty    2008/11/05 v1.004 VenturisADFNo2 PS
 fontenc.sty
   t1enc.def    2005/09/27 v1.99g Standard LaTeX file
textcomp.sty    2005/09/27 v1.99g Standard LaTeX package
  ts1enc.def    2001/06/05 v3.0e (jk/car/fm) Standard LaTeX file
nfssext-cfr.sty    2008/11/08 specially mangled by cfr; based on 2003/03/14 v1.
2 Experimental NFSS Extensions
 lmodern.sty    2009/10/30 v1.6 Latin Modern Fonts
mathrsfs.sty    1996/01/01 Math RSFS package v1.0 (jk)
microtype.sty    2010/01/10 v2.4 Micro-typography with pdfTeX (RS)
microtype.cfg    2010/01/10 v2.4 microtype main configuration file (RS)
  ps4pdf.sty    2005/02/11 v0.6i PS code for pdfTeX (RN/HO)
titlesec.sty    2007/08/12 v2.8 Sectioning titles
 sectsty.sty    2002/02/25 v2.0.2 Commands to change all sectional heading styl
es
  ts1cmr.fd    1999/05/25 v2.5h Standard LaTeX font definitions
   t1lmr.fd    2009/10/30 v1.6 Font defs for Latin Modern
ltcaption.sty    2008/03/28 v1.2 longtable captions (AR)
supp-pdf.mkii
   color.sty    2005/11/14 v1.0j Standard LaTeX Color (DPC)
   color.cfg    2007/01/18 v1.5 color configuration of teTeX/TeXLive
 nameref.sty    2010/04/30 v2.40 Cross-referencing by name of section
refcount.sty    2008/08/11 v3.1 Data extraction from references (HO)
gettitlestring.sty    2009/12/18 v1.3 Cleanup title references (HO)
  thesis.out
  thesis.out
  mt-cmr.cfg    2009/11/09 v2.0 microtype config. file: Computer Modern Roman (
RS)
 minerva.pdf    Graphic file (type pdf)
  ot1lmr.fd    2009/10/30 v1.6 Font defs for Latin Modern
  omllmm.fd    2009/10/30 v1.6 Font defs for Latin Modern
 omslmsy.fd    2009/10/30 v1.6 Font defs for Latin Modern
 omxlmex.fd    2009/10/30 v1.6 Font defs for Latin Modern
    umsa.fd    2009/06/22 v3.00 AMS symbols A
  mt-msa.cfg    2006/02/04 v1.1 microtype config. file: AMS symbols (a) (RS)
    umsb.fd    2009/06/22 v3.00 AMS symbols B
  mt-msb.cfg    2005/06/01 v1.0 microtype config. file: AMS symbols (b) (RS)
   ursfs.fd    1998/03/24 rsfs font definition file (jk)
 eule-rz.pdf    Graphic file (type pdf)
./Presections/declaration.tex
  t1lmss.fd    2009/10/30 v1.6 Font defs for Latin Modern
Presections/dedication.tex
Presections/abstract.tex
Presections/acknowledgement.tex
./Chapters/Chapter1.tex
  t1lmtt.fd    2009/10/30 v1.6 Font defs for Latin Modern
  ts1lmr.fd    2009/10/30 v1.6 Font defs for Latin Modern
./Chapters/Chapter2.tex
Figures/../Figures/nastase08b.pdf
Figures/../Figures/correlator.pdf
Figures/../Figures/correlator_2.pdf
Figures/../Figures/ecg.pdf
./Chapters/Chapter3.tex
Figures/../Figures/ontology-plain.pdf
Figures/../Figures/yago_datatypes.pdf
./Chapters/Chapter4.tex
./Figures/system.pdf
Figures/../Figures/cate.pdf
Figures/../Figures/ir.pdf
./Chapters/Chapter5.tex
 ot1lmss.fd    2009/10/30 v1.6 Font defs for Latin Modern
Figures/../Figures/cat.pdf
Figures/../Figures/candidate.pdf
./Chapters/Chapter6.tex
./Chapters/Chapter7.tex
Figures/../Figures/architecture_online.pdf
Figures/../Figures/schema_wikidump.pdf
Figures/../Figures/schema_cate.pdf
./Chapters/Chapter8.tex
Figures/../Figures/plot1.pdf
Figures/../Figures/plot2.pdf
Figures/../Figures/plot3.pdf
Figures/../Figures/plot4.pdf
Figures/../Figures/snapshot-1.pdf
Figures/../Figures/snapshot-3.pdf
./Chapters/Chapter9.tex
Figures/../Figures/trocadero.pdf
  thesis.bbl
 ***********


LaTeX Warning: There were multiply-defined labels.

 )
(\end occurred inside a group at level 10)

### simple group (level 10) entered at line 133 ({)
### simple group (level 9) entered at line 127 ({)
### simple group (level 8) entered at line 65 ({)
### simple group (level 7) entered at line 60 ({)
### simple group (level 6) entered at line 53 ({)
### simple group (level 5) entered at line 40 ({)
### simple group (level 4) entered at line 33 ({)
### simple group (level 3) entered at line 25 ({)
### simple group (level 2) entered at line 20 ({)
### simple group (level 1) entered at line 15 ({)
### bottom level 
Here is how much of TeX's memory you used:
 14687 strings out of 494019
 221607 string characters out of 3146448
 328173 words of memory out of 3000000
 16884 multiletter control sequences out of 15000+200000
 183200 words of font info for 253 fonts, out of 3000000 for 9000
 714 hyphenation exceptions out of 8191
 48i,12n,45p,2113b,815s stack positions out of 5000i,500n,10000p,200000b,50000s
pdfTeX warning (dest): name{algorithm.117} has been referenced 
but does not exist, replaced by a fixed one

{C:/Program Files/MiKTeX 2.9/fonts/enc/dvips/lm/lm-mathit.enc}{C:/Program Files
/MiKTeX 2.9/fonts/enc/dvips/lm/lm-rm.enc}{C:/Program Files/MiKTeX 2.9/fonts/enc
/dvips/lm/lm-ec.enc}{C:/Program Files/MiKTeX 2.9/fonts/enc/dvips/lm/lm-mathex.e
nc}{C:/Program Files/MiKTeX 2.9/fonts/enc/dvips/lm/lm-mathsy.enc}{C:/Program Fi
les/MiKTeX 2.9/fonts/enc/dvips/lm/lm-ts1.enc}<C:/Program Files/MiKTeX 2.9/fonts
/type1/public/amsfonts/cm/cmbx10.pfb><C:/Program Files/MiKTeX 2.9/fonts/type1/p
ublic/amsfonts/cm/cmbx12.pfb><C:/Program Files/MiKTeX 2.9/fonts/type1/public/am
sfonts/cm/cmmi10.pfb><C:/Program Files/MiKTeX 2.9/fonts/type1/public/amsfonts/c
m/cmr10.pfb><C:/Program Files/MiKTeX 2.9/fonts/type1/public/amsfonts/cm/cmsl10.
pfb><C:/Program Files/MiKTeX 2.9/fonts/type1/public/amsfonts/cm/cmsl9.pfb><C:/P
rogram Files/MiKTeX 2.9/fonts/type1/public/amsfonts/cm/cmsy10.pfb><C:/Program F
iles/MiKTeX 2.9/fonts/type1/public/lm/lmbx10.pfb><C:/Program Files/MiKTeX 2.9/f
onts/type1/public/lm/lmbx12.pfb><C:/Program Files/MiKTeX 2.9/fonts/type1/public
/lm/lmex10.pfb><C:/Program Files/MiKTeX 2.9/fonts/type1/public/lm/lmmi10.pfb><C
:/Program Files/MiKTeX 2.9/fonts/type1/public/lm/lmmi12.pfb><C:/Program Files/M
iKTeX 2.9/fonts/type1/public/lm/lmmi6.pfb><C:/Program Files/MiKTeX 2.9/fonts/ty
pe1/public/lm/lmmi8.pfb><C:/Program Files/MiKTeX 2.9/fonts/type1/public/lm/lmr1
0.pfb><C:/Program Files/MiKTeX 2.9/fonts/type1/public/lm/lmr12.pfb><C:/Program 
Files/MiKTeX 2.9/fonts/type1/public/lm/lmr17.pfb><C:/Program Files/MiKTeX 2.9/f
onts/type1/public/lm/lmr6.pfb><C:/Program Files/MiKTeX 2.9/fonts/type1/public/l
m/lmr8.pfb><C:/Program Files/MiKTeX 2.9/fonts/type1/public/lm/lmr9.pfb><C:/Prog
ram Files/MiKTeX 2.9/fonts/type1/public/lm/lmri10.pfb><C:/Program Files/MiKTeX 
2.9/fonts/type1/public/lm/lmri12.pfb><C:/Program Files/MiKTeX 2.9/fonts/type1/p
ublic/lm/lmri9.pfb><C:/Program Files/MiKTeX 2.9/fonts/type1/public/lm/lmss10.pf
b><C:/Program Files/MiKTeX 2.9/fonts/type1/public/lm/lmssbx10.pfb><C:/Program F
iles/MiKTeX 2.9/fonts/type1/public/lm/lmsy10.pfb><C:/Program Files/MiKTeX 2.9/f
onts/type1/public/lm/lmsy8.pfb><C:/Program Files/MiKTeX 2.9/fonts/type1/public/
lm/lmtk10.pfb><C:/Program Files/MiKTeX 2.9/fonts/type1/public/lm/lmtt10.pfb><C:
/Program Files/MiKTeX 2.9/fonts/type1/public/lm/lmtt9.pfb><C:/Program Files/MiK
TeX 2.9/fonts/type1/public/amsfonts/symbols/msbm10.pfb>
Output written on thesis.pdf (93 pages, 4258970 bytes).
PDF statistics:
 1910 PDF objects out of 2073 (max. 8388607)
 401 named destinations out of 1000 (max. 500000)
 57220 words of extra memory for PDF output out of 61914 (max. 10000000)

