\BOOKMARK [0][-]{dummy.2}{\376\377\000A\000b\000s\000t\000r\000a\000c\000t}{}% 1
\BOOKMARK [0][-]{dummy.3}{\376\377\000A\000c\000k\000n\000o\000w\000l\000e\000d\000g\000e\000m\000e\000n\000t\000s}{}% 2
\BOOKMARK [0][-]{chapter.5}{\376\377\0001\000\040\000I\000n\000t\000r\000o\000d\000u\000c\000t\000i\000o\000n}{}% 3
\BOOKMARK [1][-]{section.6}{\376\377\0001\000.\0001\000\040\000M\000o\000t\000i\000v\000a\000t\000i\000o\000n}{chapter.5}% 4
\BOOKMARK [1][-]{section.12}{\376\377\0001\000.\0002\000\040\000O\000u\000r\000\040\000A\000p\000p\000r\000o\000a\000c\000h}{chapter.5}% 5
\BOOKMARK [1][-]{section.16}{\376\377\0001\000.\0003\000\040\000P\000r\000o\000b\000l\000e\000m\000\040\000s\000t\000a\000t\000e\000m\000e\000n\000t}{chapter.5}% 6
\BOOKMARK [1][-]{section.20}{\376\377\0001\000.\0004\000\040\000C\000o\000n\000t\000r\000i\000b\000u\000t\000i\000o\000n\000s}{chapter.5}% 7
\BOOKMARK [1][-]{section.26}{\376\377\0001\000.\0005\000\040\000O\000u\000t\000l\000i\000n\000e}{chapter.5}% 8
\BOOKMARK [0][-]{chapter.27}{\376\377\0002\000\040\000R\000e\000l\000a\000t\000e\000d\000\040\000W\000o\000r\000k}{}% 9
\BOOKMARK [1][-]{section.28}{\376\377\0002\000.\0001\000\040\000W\000i\000k\000i\000p\000e\000d\000i\000a\000-\000b\000a\000s\000e\000d\000\040\000I\000n\000f\000o\000r\000m\000a\000t\000i\000o\000n\000\040\000E\000x\000t\000r\000a\000c\000t\000i\000o\000n}{chapter.27}% 10
\BOOKMARK [1][-]{section.32}{\376\377\0002\000.\0002\000\040\000E\000v\000e\000n\000t\000\040\000a\000n\000d\000\040\000T\000e\000m\000p\000o\000r\000a\000l\000\040\000F\000a\000c\000t\000\040\000E\000x\000t\000r\000a\000c\000t\000i\000o\000n}{chapter.27}% 11
\BOOKMARK [1][-]{section.33}{\376\377\0002\000.\0003\000\040\000K\000n\000o\000w\000l\000e\000d\000g\000e\000\040\000V\000i\000s\000u\000a\000l\000i\000z\000a\000t\000i\000o\000n}{chapter.27}% 12
\BOOKMARK [2][-]{subsection.34}{\376\377\0002\000.\0003\000.\0001\000\040\000Y\000a\000h\000o\000o\000!\000\040\000C\000o\000r\000r\000e\000l\000a\000t\000o\000r\000\040\000T\000i\000m\000e\000l\000i\000n\000e}{section.33}% 13
\BOOKMARK [2][-]{subsection.37}{\376\377\0002\000.\0003\000.\0002\000\040\000E\000-\000C\000u\000l\000t\000u\000r\000e}{section.33}% 14
\BOOKMARK [1][-]{section.39}{\376\377\0002\000.\0004\000\040\000E\000n\000t\000i\000t\000y\000\040\000R\000a\000n\000k\000i\000n\000g}{chapter.27}% 15
\BOOKMARK [0][-]{chapter.43}{\376\377\0003\000\040\000D\000a\000t\000a\000\040\000M\000o\000d\000e\000l}{}% 16
\BOOKMARK [1][-]{section.44}{\376\377\0003\000.\0001\000\040\000R\000e\000s\000o\000u\000r\000c\000e\000\040\000D\000e\000s\000c\000r\000i\000p\000t\000i\000o\000n\000\040\000F\000r\000a\000m\000e\000w\000o\000r\000k\000\040\000-\000\040\000R\000D\000F}{chapter.43}% 17
\BOOKMARK [1][-]{section.47}{\376\377\0003\000.\0002\000\040\000T\000h\000e\000\040\000Y\000A\000G\000O\000\040\000M\000o\000d\000e\000l}{chapter.43}% 18
\BOOKMARK [2][-]{subsection.48}{\376\377\0003\000.\0002\000.\0001\000\040\000I\000n\000t\000r\000o\000d\000u\000c\000t\000i\000o\000n}{section.47}% 19
\BOOKMARK [2][-]{subsection.49}{\376\377\0003\000.\0002\000.\0002\000\040\000T\000h\000e\000\040\000Y\000A\000G\000O\000\040\000M\000o\000d\000e\000l}{section.47}% 20
\BOOKMARK [2][-]{subsection.54}{\376\377\0003\000.\0002\000.\0003\000\040\000Y\000A\000G\000O\0002}{section.47}% 21
\BOOKMARK [1][-]{section.62}{\376\377\0003\000.\0003\000\040\000E\000x\000t\000e\000n\000s\000i\000o\000n\000\040\000i\000n\000\040\000C\000A\000T\000E}{chapter.43}% 22
\BOOKMARK [2][-]{subsection.64}{\376\377\0003\000.\0003\000.\0001\000\040\000C\000o\000n\000t\000e\000x\000t}{section.62}% 23
\BOOKMARK [2][-]{subsection.69}{\376\377\0003\000.\0003\000.\0002\000\040\000R\000e\000l\000a\000t\000i\000o\000n\000\040\000N\000a\000m\000e\000s}{section.62}% 24
\BOOKMARK [2][-]{subsection.80}{\376\377\0003\000.\0003\000.\0003\000\040\000E\000n\000t\000i\000t\000i\000e\000s\000\040\000a\000n\000d\000\040\000A\000r\000t\000i\000c\000l\000e\000s}{section.62}% 25
\BOOKMARK [2][-]{subsection.83}{\376\377\0003\000.\0003\000.\0004\000\040\000E\000v\000e\000n\000t\000\040\000m\000o\000d\000e\000l}{section.62}% 26
\BOOKMARK [0][-]{chapter.86}{\376\377\0004\000\040\000S\000y\000s\000t\000e\000m\000\040\000A\000r\000c\000h\000i\000t\000e\000c\000t\000u\000r\000e}{}% 27
\BOOKMARK [1][-]{section.88}{\376\377\0004\000.\0001\000\040\000T\000h\000e\000\040\000G\000r\000a\000p\000h\000i\000c\000a\000l\000\040\000U\000s\000e\000r\000\040\000I\000n\000t\000e\000r\000f\000a\000c\000e}{chapter.86}% 28
\BOOKMARK [1][-]{section.90}{\376\377\0004\000.\0002\000\040\000T\000h\000e\000\040\000R\000e\000t\000r\000i\000e\000v\000a\000l\000\040\000E\000n\000g\000i\000n\000e}{chapter.86}% 29
\BOOKMARK [1][-]{section.96}{\376\377\0004\000.\0003\000\040\000E\000v\000e\000n\000t\000-\000D\000e\000s\000c\000r\000i\000p\000t\000i\000o\000n\000\040\000E\000x\000t\000r\000a\000c\000t\000o\000r}{chapter.86}% 30
\BOOKMARK [2][-]{subsection.97}{\376\377\0004\000.\0003\000.\0001\000\040\000C\000o\000n\000v\000e\000r\000t\000i\000n\000g\000\040\000G\000r\000o\000u\000p\000s\000\040\000o\000f\000\040\000F\000a\000c\000t\000s\000\040\000t\000o\000\040\000E\000v\000e\000n\000t\000s}{section.96}% 31
\BOOKMARK [2][-]{subsection.98}{\376\377\0004\000.\0003\000.\0002\000\040\000E\000x\000t\000r\000a\000c\000t\000i\000n\000g\000\040\000A\000d\000d\000i\000t\000i\000o\000n\000a\000l\000\040\000E\000v\000e\000n\000t\000s}{section.96}% 32
\BOOKMARK [1][-]{section.99}{\376\377\0004\000.\0004\000\040\000I\000n\000f\000o\000r\000m\000a\000t\000i\000o\000n\000-\000E\000x\000t\000r\000a\000c\000t\000i\000o\000n\000\040\000T\000o\000o\000l}{chapter.86}% 33
\BOOKMARK [1][-]{section.100}{\376\377\0004\000.\0005\000\040\000D\000a\000t\000a\000\040\000S\000t\000o\000r\000e}{chapter.86}% 34
\BOOKMARK [0][-]{chapter.104}{\376\377\0005\000\040\000I\000n\000f\000o\000r\000m\000a\000t\000i\000o\000n\000\040\000E\000x\000t\000r\000a\000c\000t\000i\000o\000n}{}% 35
\BOOKMARK [1][-]{section.106}{\376\377\0005\000.\0001\000\040\000E\000x\000t\000r\000a\000c\000t\000i\000n\000g\000\040\000A\000t\000t\000r\000i\000b\000u\000t\000e\000\040\000V\000o\000c\000a\000b\000u\000l\000a\000r\000i\000e\000s}{chapter.104}% 36
\BOOKMARK [2][-]{subsection.107}{\376\377\0005\000.\0001\000.\0001\000\040\000T\000i\000m\000e\000\040\000V\000a\000l\000u\000e\000\040\000E\000x\000t\000r\000a\000c\000t\000i\000o\000n}{section.106}% 37
\BOOKMARK [2][-]{subsection.108}{\376\377\0005\000.\0001\000.\0002\000\040\000L\000o\000c\000a\000t\000i\000o\000n\000\040\000a\000n\000d\000\040\000T\000o\000p\000i\000c\000\040\000V\000a\000l\000u\000e\000s\000\040\000E\000x\000t\000r\000a\000c\000t\000i\000o\000n}{section.106}% 38
\BOOKMARK [2][-]{subsection.141}{\376\377\0005\000.\0001\000.\0003\000\040\000Y\000A\000G\000O\000\040\000E\000n\000t\000i\000t\000y\000\040\000M\000a\000p\000p\000i\000n\000g}{section.106}% 39
\BOOKMARK [1][-]{section.145}{\376\377\0005\000.\0002\000\040\000C\000o\000n\000s\000t\000r\000u\000c\000t\000i\000n\000g\000\040\000C\000o\000n\000t\000e\000x\000t\000\040\000O\000b\000j\000e\000c\000t\000s\000\040\000f\000r\000o\000m\000\040\000W\000i\000k\000i\000p\000e\000d\000i\000a\000\040\000C\000a\000t\000e\000g\000o\000r\000i\000e\000s}{chapter.104}% 40
\BOOKMARK [1][-]{section.148}{\376\377\0005\000.\0003\000\040\000A\000s\000s\000i\000g\000n\000i\000n\000g\000\040\000E\000n\000t\000i\000t\000i\000e\000s\000\040\000t\000o\000\040\000C\000o\000n\000t\000e\000x\000t\000s}{chapter.104}% 41
\BOOKMARK [2][-]{subsection.149}{\376\377\0005\000.\0003\000.\0001\000\040\000A\000s\000s\000i\000g\000n\000i\000n\000g\000\040\000E\000n\000t\000i\000t\000i\000e\000s\000\040\000t\000o\000\040\000C\000o\000n\000t\000e\000x\000t\000s\000\040\000B\000a\000s\000e\000d\000\040\000o\000n\000\040\000C\000a\000t\000e\000g\000o\000r\000i\000e\000s}{section.148}% 42
\BOOKMARK [2][-]{subsection.150}{\376\377\0005\000.\0003\000.\0002\000\040\000A\000s\000s\000i\000g\000n\000i\000n\000g\000\040\000E\000n\000t\000i\000t\000i\000e\000s\000\040\000t\000o\000\040\000C\000o\000n\000t\000e\000x\000t\000s\000\040\000B\000a\000s\000e\000d\000\040\000o\000n\000\040\000L\000i\000n\000k\000s}{section.148}% 43
\BOOKMARK [2][-]{subsection.152}{\376\377\0005\000.\0003\000.\0003\000\040\000C\000o\000n\000s\000t\000r\000u\000c\000t\000i\000n\000g\000\040\000C\000o\000n\000t\000e\000x\000t\000\040\000O\000b\000j\000e\000c\000t\000s\000\040\000F\000r\000o\000m\000\040\000A\000t\000t\000r\000i\000b\000u\000t\000e\000s}{section.148}% 44
\BOOKMARK [1][-]{section.153}{\376\377\0005\000.\0004\000\040\000S\000u\000m\000m\000a\000r\000y}{chapter.104}% 45
\BOOKMARK [0][-]{chapter.154}{\376\377\0006\000\040\000E\000n\000t\000i\000t\000y\000\040\000R\000a\000n\000k\000i\000n\000g\000\040\000M\000o\000d\000e\000l}{}% 46
\BOOKMARK [1][-]{section.155}{\376\377\0006\000.\0001\000\040\000S\000t\000a\000t\000i\000s\000t\000i\000c\000a\000l\000\040\000L\000a\000n\000g\000u\000a\000g\000e\000\040\000M\000o\000d\000e\000l\000\040\000i\000n\000\040\000I\000R}{chapter.154}% 47
\BOOKMARK [2][-]{subsection.156}{\376\377\0006\000.\0001\000.\0001\000\040\000I\000n\000t\000r\000o\000d\000u\000c\000t\000i\000o\000n}{section.155}% 48
\BOOKMARK [2][-]{subsection.159}{\376\377\0006\000.\0001\000.\0002\000\040\000Q\000u\000e\000r\000y\000\040\000L\000i\000k\000e\000l\000i\000h\000o\000o\000d\000\040\000M\000o\000d\000e\000l}{section.155}% 49
\BOOKMARK [2][-]{subsection.163}{\376\377\0006\000.\0001\000.\0003\000\040\000S\000m\000o\000o\000t\000h\000i\000n\000g}{section.155}% 50
\BOOKMARK [1][-]{section.166}{\376\377\0006\000.\0002\000\040\000S\000t\000a\000t\000i\000s\000t\000i\000c\000a\000l\000\040\000L\000a\000n\000g\000u\000a\000g\000e\000\040\000M\000o\000d\000e\000l\000\040\000f\000o\000r\000\040\000E\000n\000t\000i\000t\000y\000\040\000R\000e\000t\000r\000i\000e\000v\000a\000l}{chapter.154}% 51
\BOOKMARK [2][-]{subsection.167}{\376\377\0006\000.\0002\000.\0001\000\040\000L\000a\000n\000g\000u\000a\000g\000e\000\040\000M\000o\000d\000e\000l\000\040\000f\000o\000r\000\040\000a\000n\000\040\000E\000n\000t\000i\000t\000y}{section.166}% 52
\BOOKMARK [2][-]{subsection.171}{\376\377\0006\000.\0002\000.\0002\000\040\000L\000a\000n\000g\000u\000a\000g\000e\000\040\000M\000o\000d\000e\000l\000\040\000f\000o\000r\000\040\000a\000\040\000C\000o\000n\000t\000e\000x\000t}{section.166}% 53
\BOOKMARK [1][-]{section.173}{\376\377\0006\000.\0003\000\040\000E\000n\000t\000i\000t\000y\000\040\000R\000a\000n\000k\000i\000n\000g\000\040\000M\000o\000d\000e\000l}{chapter.154}% 54
\BOOKMARK [2][-]{subsection.174}{\376\377\0006\000.\0003\000.\0001\000\040\000R\000a\000n\000k\000i\000n\000g\000\040\000C\000o\000n\000t\000e\000x\000t\000s}{section.173}% 55
\BOOKMARK [2][-]{subsection.177}{\376\377\0006\000.\0003\000.\0002\000\040\000R\000a\000n\000k\000i\000n\000g\000\040\000E\000n\000t\000i\000t\000i\000e\000s\000\040\000R\000e\000l\000e\000v\000a\000n\000t\000\040\000t\000o\000\040\000a\000\040\000G\000i\000v\000e\000n\000\040\000E\000n\000t\000i\000t\000y\000\040\000w\000i\000t\000h\000i\000n\000\040\000a\000\040\000C\000o\000n\000t\000e\000x\000t}{section.173}% 56
\BOOKMARK [2][-]{subsection.179}{\376\377\0006\000.\0003\000.\0003\000\040\000R\000a\000n\000k\000i\000n\000g\000\040\000E\000n\000t\000i\000t\000i\000e\000s\000\040\000w\000i\000t\000h\000i\000n\000\040\000a\000\040\000C\000o\000n\000t\000e\000x\000t}{section.173}% 57
\BOOKMARK [0][-]{chapter.180}{\376\377\0007\000\040\000I\000m\000p\000l\000e\000m\000e\000n\000t\000a\000t\000i\000o\000n}{}% 58
\BOOKMARK [1][-]{section.181}{\376\377\0007\000.\0001\000\040\000C\000A\000T\000E\000\040\000C\000l\000i\000e\000n\000t\000-\000s\000e\000r\000v\000e\000r\000\040\000F\000r\000a\000m\000e\000w\000o\000r\000k}{chapter.180}% 59
\BOOKMARK [1][-]{section.183}{\376\377\0007\000.\0002\000\040\000D\000a\000t\000a\000\040\000S\000t\000o\000r\000e}{chapter.180}% 60
\BOOKMARK [2][-]{subsection.184}{\376\377\0007\000.\0002\000.\0001\000\040\000T\000e\000x\000t\000\040\000D\000a\000t\000a\000b\000a\000s\000e}{section.183}% 61
\BOOKMARK [2][-]{subsection.189}{\376\377\0007\000.\0002\000.\0002\000\040\000C\000A\000T\000E\000\040\000D\000a\000t\000a\000b\000a\000s\000e}{section.183}% 62
\BOOKMARK [1][-]{section.192}{\376\377\0007\000.\0003\000\040\000I\000m\000p\000l\000e\000m\000e\000n\000t\000a\000t\000i\000o\000n\000\040\000o\000f\000\040\000C\000o\000n\000t\000e\000x\000t\000\040\000E\000x\000t\000r\000a\000c\000t\000i\000o\000n}{chapter.180}% 63
\BOOKMARK [1][-]{section.193}{\376\377\0007\000.\0004\000\040\000I\000m\000p\000l\000e\000m\000e\000n\000t\000a\000t\000i\000o\000n\000\040\000o\000f\000\040\000E\000v\000e\000n\000t\000\040\000D\000e\000s\000c\000r\000i\000p\000t\000i\000o\000n\000\040\000E\000x\000t\000r\000a\000c\000t\000i\000o\000n}{chapter.180}% 64
\BOOKMARK [1][-]{section.195}{\376\377\0007\000.\0005\000\040\000S\000u\000m\000m\000a\000r\000y}{chapter.180}% 65
\BOOKMARK [0][-]{chapter.196}{\376\377\0008\000\040\000E\000x\000p\000e\000r\000i\000m\000e\000n\000t\000s\000\040\000a\000n\000d\000\040\000R\000e\000s\000u\000l\000t\000s}{}% 66
\BOOKMARK [1][-]{section.197}{\376\377\0008\000.\0001\000\040\000D\000a\000t\000a\000\040\000C\000o\000l\000l\000e\000c\000t\000i\000o\000n}{chapter.196}% 67
\BOOKMARK [1][-]{section.199}{\376\377\0008\000.\0002\000\040\000E\000v\000a\000l\000u\000a\000t\000i\000o\000n\000\040\000M\000e\000a\000s\000u\000r\000e\000m\000e\000n\000t\000s}{chapter.196}% 68
\BOOKMARK [2][-]{subsection.200}{\376\377\0008\000.\0002\000.\0001\000\040\000P\000r\000e\000c\000i\000s\000i\000o\000n\000\040\000a\000n\000d\000\040\000R\000e\000c\000a\000l\000l}{section.199}% 69
\BOOKMARK [2][-]{subsection.207}{\376\377\0008\000.\0002\000.\0002\000\040\000D\000i\000s\000c\000o\000u\000n\000t\000e\000d\000\040\000C\000u\000m\000u\000l\000a\000t\000i\000v\000e\000\040\000G\000a\000i\000n\000\040\000\050\000D\000C\000G\000\051}{section.199}% 70
\BOOKMARK [2][-]{subsection.213}{\376\377\0008\000.\0002\000.\0003\000\040\000S\000i\000g\000n\000i\000f\000i\000c\000a\000n\000c\000e\000\040\000T\000e\000s\000t\000s}{section.199}% 71
\BOOKMARK [1][-]{section.219}{\376\377\0008\000.\0003\000\040\000E\000x\000p\000e\000r\000i\000m\000e\000n\000t\000s\000\040\000o\000n\000\040\000C\000o\000n\000t\000e\000x\000t\000\040\000E\000x\000t\000r\000a\000c\000t\000i\000o\000n}{chapter.196}% 72
\BOOKMARK [2][-]{subsection.220}{\376\377\0008\000.\0003\000.\0001\000\040\000C\000a\000t\000e\000g\000o\000r\000y\000-\000b\000a\000s\000e\000d\000\040\000a\000t\000t\000r\000i\000b\000u\000t\000e\000\040\000a\000n\000d\000\040\000c\000o\000n\000t\000e\000x\000t\000\040\000e\000x\000t\000r\000a\000c\000t\000i\000o\000n}{section.219}% 73
\BOOKMARK [2][-]{subsection.224}{\376\377\0008\000.\0003\000.\0002\000\040\000C\000o\000n\000t\000e\000x\000t\000\040\000A\000s\000s\000i\000g\000n\000m\000e\000n\000t}{section.219}% 74
\BOOKMARK [1][-]{section.230}{\376\377\0008\000.\0004\000\040\000E\000x\000p\000e\000r\000i\000m\000e\000n\000t\000s\000\040\000o\000n\000\040\000E\000n\000t\000i\000t\000y\000\040\000R\000e\000t\000r\000i\000e\000v\000a\000l}{chapter.196}% 75
\BOOKMARK [1][-]{section.243}{\376\377\0008\000.\0005\000\040\000E\000x\000p\000e\000r\000i\000m\000e\000n\000t\000s\000\040\000o\000n\000\040\000E\000v\000e\000n\000t\000\040\000D\000e\000s\000c\000r\000i\000p\000t\000i\000o\000n\000\040\000E\000x\000t\000r\000a\000c\000t\000i\000o\000n}{chapter.196}% 76
\BOOKMARK [1][-]{section.248}{\376\377\0008\000.\0006\000\040\000D\000e\000m\000o\000n\000s\000t\000r\000a\000t\000i\000o\000n\000\040\000S\000c\000e\000n\000a\000r\000i\000o\000s}{chapter.196}% 77
\BOOKMARK [0][-]{chapter.251}{\376\377\0009\000\040\000C\000o\000n\000c\000l\000u\000s\000i\000o\000n\000\040\000a\000n\000d\000\040\000F\000u\000t\000u\000r\000e\000\040\000W\000o\000r\000k}{}% 78
\BOOKMARK [1][-]{section.252}{\376\377\0009\000.\0001\000\040\000C\000o\000n\000c\000l\000u\000s\000i\000o\000n}{chapter.251}% 79
\BOOKMARK [1][-]{section.253}{\376\377\0009\000.\0002\000\040\000F\000u\000t\000u\000r\000e\000\040\000W\000o\000r\000k}{chapter.251}% 80
\BOOKMARK [0][-]{dummy.255}{\376\377\000L\000i\000s\000t\000\040\000o\000f\000\040\000F\000i\000g\000u\000r\000e\000s}{}% 81
\BOOKMARK [0][-]{dummy.257}{\376\377\000L\000i\000s\000t\000\040\000o\000f\000\040\000T\000a\000b\000l\000e\000s}{}% 82
\BOOKMARK [0][-]{dummy.259}{\376\377\000B\000i\000b\000l\000i\000o\000g\000r\000a\000p\000h\000y}{}% 83
