This is pdfTeX, Version 3.1415926-2.3-1.40.12 (MiKTeX 2.9) (preloaded format=pdflatex 2012.11.20)  4 FEB 2013 15:41
entering extended mode
**Thesis.tex
(C:\Users\ande01\Documents\Thesis\dissertation\Thesis.tex
LaTeX2e <2011/06/27>
Babel <v3.8m> and hyphenation patterns for english, afrikaans, ancientgreek, ar
abic, armenian, assamese, basque, bengali, bokmal, bulgarian, catalan, coptic, 
croatian, czech, danish, dutch, esperanto, estonian, farsi, finnish, french, ga
lician, german, german-x-2009-06-19, greek, gujarati, hindi, hungarian, iceland
ic, indonesian, interlingua, irish, italian, kannada, kurmanji, lao, latin, lat
vian, lithuanian, malayalam, marathi, mongolian, mongolianlmc, monogreek, ngerm
an, ngerman-x-2009-06-19, nynorsk, oriya, panjabi, pinyin, polish, portuguese, 
romanian, russian, sanskrit, serbian, slovak, slovenian, spanish, swedish, swis
sgerman, tamil, telugu, turkish, turkmen, ukenglish, ukrainian, uppersorbian, u
senglishmax, welsh, loaded.
(C:\Users\ande01\Documents\Thesis\dissertation\Thesis.cls
Document Class: Thesis 2007/22/02 v1.0 LaTeX document class
(C:\Users\ande01\MikTex\tex\latex\base\book.cls
Document Class: book 2007/10/19 v1.4h Standard LaTeX document class
(C:\Users\ande01\MikTex\tex\latex\base\bk11.clo
File: bk11.clo 2007/10/19 v1.4h Standard LaTeX file (size option)
)
\c@part=\count79
\c@chapter=\count80
\c@section=\count81
\c@subsection=\count82
\c@subsubsection=\count83
\c@paragraph=\count84
\c@subparagraph=\count85
\c@figure=\count86
\c@table=\count87
\abovecaptionskip=\skip41
\belowcaptionskip=\skip42
\bibindent=\dimen102
)
(C:\Users\ande01\MikTex\tex\latex\setspace\setspace.sty
Package: setspace 2011/12/19 v6.7a set line spacing
)
(C:\Users\ande01\MikTex\tex\latex\ieeepes\vmargin.sty
Package: vmargin 1999/06/01

Package `vmargin', V2.2, <1999/06/01>
\PaperWidth=\dimen103
\PaperHeight=\dimen104
) (C:\Users\ande01\MikTex\tex\latex\fancyhdr\fancyhdr.sty
\fancy@headwidth=\skip43
\f@ncyO@elh=\skip44
\f@ncyO@erh=\skip45
\f@ncyO@olh=\skip46
\f@ncyO@orh=\skip47
\f@ncyO@elf=\skip48
\f@ncyO@erf=\skip49
\f@ncyO@olf=\skip50
\f@ncyO@orf=\skip51
)
(C:\Users\ande01\MikTex\tex\latex\ams\math\amsmath.sty
Package: amsmath 2000/07/18 v2.13 AMS math features
\@mathmargin=\skip52

For additional information on amsmath, use the `?' option.
(C:\Users\ande01\MikTex\tex\latex\ams\math\amstext.sty
Package: amstext 2000/06/29 v2.01

(C:\Users\ande01\MikTex\tex\latex\ams\math\amsgen.sty
File: amsgen.sty 1999/11/30 v2.0
\@emptytoks=\toks14
\ex@=\dimen105
))
(C:\Users\ande01\MikTex\tex\latex\ams\math\amsbsy.sty
Package: amsbsy 1999/11/29 v1.2d
\pmbraise@=\dimen106
)
(C:\Users\ande01\MikTex\tex\latex\ams\math\amsopn.sty
Package: amsopn 1999/12/14 v2.01 operator names
)
\inf@bad=\count88
LaTeX Info: Redefining \frac on input line 211.
\uproot@=\count89
\leftroot@=\count90
LaTeX Info: Redefining \overline on input line 307.
\classnum@=\count91
\DOTSCASE@=\count92
LaTeX Info: Redefining \ldots on input line 379.
LaTeX Info: Redefining \dots on input line 382.
LaTeX Info: Redefining \cdots on input line 467.
\Mathstrutbox@=\box26
\strutbox@=\box27
\big@size=\dimen107
LaTeX Font Info:    Redeclaring font encoding OML on input line 567.
LaTeX Font Info:    Redeclaring font encoding OMS on input line 568.
\macc@depth=\count93
\c@MaxMatrixCols=\count94
\dotsspace@=\muskip10
\c@parentequation=\count95
\dspbrk@lvl=\count96
\tag@help=\toks15
\row@=\count97
\column@=\count98
\maxfields@=\count99
\andhelp@=\toks16
\eqnshift@=\dimen108
\alignsep@=\dimen109
\tagshift@=\dimen110
\tagwidth@=\dimen111
\totwidth@=\dimen112
\lineht@=\dimen113
\@envbody=\toks17
\multlinegap=\skip53
\multlinetaggap=\skip54
\mathdisplay@stack=\toks18
LaTeX Info: Redefining \[ on input line 2666.
LaTeX Info: Redefining \] on input line 2667.
)
(C:\Users\ande01\MikTex\tex\latex\amsfonts\amsfonts.sty
Package: amsfonts 2009/06/22 v3.00 Basic AMSFonts support
\symAMSa=\mathgroup4
\symAMSb=\mathgroup5
LaTeX Font Info:    Overwriting math alphabet `\mathfrak' in version `bold'
(Font)                  U/euf/m/n --> U/euf/b/n on input line 96.
)
(C:\Users\ande01\MikTex\tex\latex\amsfonts\amssymb.sty
Package: amssymb 2009/06/22 v3.00
)
(C:\Users\ande01\MikTex\tex\latex\ams\math\amscd.sty
Package: amscd 1999/11/29 v2.0
\athelp@=\toks19
\minaw@=\dimen114
\bigaw@=\dimen115
\minCDarrowwidth=\dimen116
)
(C:\Users\ande01\MikTex\tex\latex\ams\classes\amsthm.sty
Package: amsthm 2004/08/06 v2.20
\thm@style=\toks20
\thm@bodyfont=\toks21
\thm@headfont=\toks22
\thm@notefont=\toks23
\thm@headpunct=\toks24
\thm@preskip=\skip55
\thm@postskip=\skip56
\thm@headsep=\skip57
\dth@everypar=\toks25
)
(C:\Users\ande01\MikTex\tex\latex\tools\xspace.sty
Package: xspace 2009/10/20 v1.13 Space after command names (DPC,MH)
)
\c@example=\count100
\c@theorem=\count101

(C:\Users\ande01\MikTex\tex\latex\caption\caption.sty
Package: caption 2012/02/19 v3.2f Customizing captions (AR)

(C:\Users\ande01\MikTex\tex\latex\caption\caption3.sty
Package: caption3 2012/01/12 v1.4b caption3 kernel (AR)

(C:\Users\ande01\MikTex\tex\latex\graphics\keyval.sty
Package: keyval 1999/03/16 v1.13 key=value parser (DPC)
\KV@toks@=\toks26
)
\captionmargin=\dimen117
\captionmargin@=\dimen118
\captionwidth=\dimen119
\caption@indent=\dimen120
\caption@parindent=\dimen121
\caption@hangindent=\dimen122
)
\c@ContinuedFloat=\count102
)
(C:\Users\ande01\MikTex\tex\latex\graphics\graphicx.sty
Package: graphicx 1999/02/16 v1.0f Enhanced LaTeX Graphics (DPC,SPQR)

(C:\Users\ande01\MikTex\tex\latex\graphics\graphics.sty
Package: graphics 2009/02/05 v1.0o Standard LaTeX Graphics (DPC,SPQR)

(C:\Users\ande01\MikTex\tex\latex\graphics\trig.sty
Package: trig 1999/03/16 v1.09 sin cos tan (DPC)
)
(C:\Users\ande01\MikTex\tex\latex\00miktex\graphics.cfg
File: graphics.cfg 2007/01/18 v1.5 graphics configuration of teTeX/TeXLive
)
Package graphics Info: Driver file: pdftex.def on input line 91.

(C:\Users\ande01\MikTex\tex\latex\pdftex-def\pdftex.def
File: pdftex.def 2011/05/27 v0.06d Graphics/color for pdfTeX

(C:\Users\ande01\MikTex\tex\generic\oberdiek\infwarerr.sty
Package: infwarerr 2010/04/08 v1.3 Providing info/warning/error messages (HO)
)
(C:\Users\ande01\MikTex\tex\generic\oberdiek\ltxcmds.sty
Package: ltxcmds 2011/11/09 v1.22 LaTeX kernel commands for general use (HO)
)
\Gread@gobject=\count103
))
\Gin@req@height=\dimen123
\Gin@req@width=\dimen124
)
(C:\Users\ande01\MikTex\tex\latex\oberdiek\epstopdf.sty
Package: epstopdf 2010/02/09 v2.5 Conversion with epstopdf on the fly (HO)

(C:\Users\ande01\MikTex\tex\latex\oberdiek\epstopdf-base.sty
Package: epstopdf-base 2010/02/09 v2.5 Base part for package epstopdf

(C:\Users\ande01\MikTex\tex\latex\oberdiek\grfext.sty
Package: grfext 2010/08/19 v1.1 Manage graphics extensions (HO)

(C:\Users\ande01\MikTex\tex\generic\oberdiek\kvdefinekeys.sty
Package: kvdefinekeys 2011/04/07 v1.3 Define keys (HO)
))
(C:\Users\ande01\MikTex\tex\latex\oberdiek\kvoptions.sty
Package: kvoptions 2011/06/30 v3.11 Key value format for package options (HO)

(C:\Users\ande01\MikTex\tex\generic\oberdiek\kvsetkeys.sty
Package: kvsetkeys 2012/04/25 v1.16 Key value parser (HO)

(C:\Users\ande01\MikTex\tex\generic\oberdiek\etexcmds.sty
Package: etexcmds 2011/02/16 v1.5 Avoid name clashes with e-TeX commands (HO)

(C:\Users\ande01\MikTex\tex\generic\oberdiek\ifluatex.sty
Package: ifluatex 2010/03/01 v1.3 Provides the ifluatex switch (HO)
Package ifluatex Info: LuaTeX not detected.
)
Package etexcmds Info: Could not find \expanded.
(etexcmds)             That can mean that you are not using pdfTeX 1.50 or
(etexcmds)             that some package has redefined \expanded.
(etexcmds)             In the latter case, load this package earlier.
)))
(C:\Users\ande01\MikTex\tex\generic\oberdiek\pdftexcmds.sty
Package: pdftexcmds 2011/11/29 v0.20 Utility functions of pdfTeX for LuaTeX (HO
)

(C:\Users\ande01\MikTex\tex\generic\oberdiek\ifpdf.sty
Package: ifpdf 2011/01/30 v2.3 Provides the ifpdf switch (HO)
Package ifpdf Info: pdfTeX in PDF mode is detected.
)
Package pdftexcmds Info: LuaTeX not detected.
Package pdftexcmds Info: \pdf@primitive is available.
Package pdftexcmds Info: \pdf@ifprimitive is available.
Package pdftexcmds Info: \pdfdraftmode found.
)
Package grfext Info: Graphics extension search list:
(grfext)             [.png,.pdf,.jpg,.mps,.jpeg,.jbig2,.jb2,.PNG,.PDF,.JPG,.JPE
G,.JBIG2,.JB2,.eps]
(grfext)             \AppendGraphicsExtensions on input line 452.
))
(C:\Users\ande01\MikTex\tex\latex\subfigure\subfigure.sty
Package: subfigure 2002/07/30 v2.1.4 subfigure package
\subfigtopskip=\skip58
\subfigcapskip=\skip59
\subfigcaptopadj=\dimen125
\subfigbottomskip=\skip60
\subfigcapmargin=\dimen126
\subfiglabelskip=\skip61
\c@subfigure=\count104
\c@lofdepth=\count105
\c@subtable=\count106
\c@lotdepth=\count107

****************************************
* Local config file subfigure.cfg used *
****************************************
(C:\Users\ande01\MikTex\tex\latex\subfigure\subfigure.cfg)
\subfig@top=\skip62
\subfig@bottom=\skip63
)
(C:\Users\ande01\MikTex\tex\latex\booktabs\booktabs.sty
Package: booktabs 2005/04/14 v1.61803 publication quality tables
\heavyrulewidth=\dimen127
\lightrulewidth=\dimen128
\cmidrulewidth=\dimen129
\belowrulesep=\dimen130
\belowbottomsep=\dimen131
\aboverulesep=\dimen132
\abovetopsep=\dimen133
\cmidrulesep=\dimen134
\cmidrulekern=\dimen135
\defaultaddspace=\dimen136
\@cmidla=\count108
\@cmidlb=\count109
\@aboverulesep=\dimen137
\@belowrulesep=\dimen138
\@thisruleclass=\count110
\@lastruleclass=\count111
\@thisrulewidth=\dimen139
)
(C:\Users\ande01\MikTex\tex\latex\rotating\rotating.sty
Package: rotating 2009/03/28 v2.16a rotated objects in LaTeX

(C:\Users\ande01\MikTex\tex\latex\base\ifthen.sty
Package: ifthen 2001/05/26 v1.1c Standard LaTeX ifthen package (DPC)
)
\c@r@tfl@t=\count112
\rotFPtop=\skip64
\rotFPbot=\skip65
\rot@float@box=\box28
\rot@mess@toks=\toks27
)
(C:\Users\ande01\MikTex\tex\latex\listings\listings.sty
\lst@mode=\count113
\lst@gtempboxa=\box29
\lst@token=\toks28
\lst@length=\count114
\lst@currlwidth=\dimen140
\lst@column=\count115
\lst@pos=\count116
\lst@lostspace=\dimen141
\lst@width=\dimen142
\lst@newlines=\count117
\lst@lineno=\count118
\lst@maxwidth=\dimen143

(C:\Users\ande01\Documents\Thesis\dissertation\lstpatch.sty

***
*** This is a patch for listings 1.3, but you're using
*** version 1.4.
***
*** Patch file not loaded.
***

) (C:\Users\ande01\MikTex\tex\latex\listings\lstmisc.sty
File: lstmisc.sty 2007/02/22 1.4 (Carsten Heinz)
\c@lstnumber=\count119
\lst@skipnumbers=\count120
\lst@framebox=\box30
)
(C:\Users\ande01\MikTex\tex\latex\listings\listings.cfg
File: listings.cfg 2007/02/22 1.4 listings configuration
))
Package: listings 2007/02/22 1.4 (Carsten Heinz)

(C:\Users\ande01\Documents\Thesis\dissertation\lstpatch.sty

***
*** This is a patch for listings 1.3, but you're using
*** version 1.4.
***
 *** Patch file not loaded.
***

) (C:\Users\ande01\MikTex\tex\latex\hyperref\hyperref.sty
Package: hyperref 2012/05/13 v6.82q Hypertext links for LaTeX

(C:\Users\ande01\MikTex\tex\generic\oberdiek\hobsub-hyperref.sty
Package: hobsub-hyperref 2012/04/25 v1.12 Bundle oberdiek, subset hyperref (HO)


(C:\Users\ande01\MikTex\tex\generic\oberdiek\hobsub-generic.sty
Package: hobsub-generic 2012/04/25 v1.12 Bundle oberdiek, subset generic (HO)
Package: hobsub 2012/04/25 v1.12 Construct package bundles (HO)
Package hobsub Info: Skipping package `infwarerr' (already loaded).
Package hobsub Info: Skipping package `ltxcmds' (already loaded).
Package hobsub Info: Skipping package `ifluatex' (already loaded).
Package: ifvtex 2010/03/01 v1.5 Detect VTeX and its facilities (HO)
Package ifvtex Info: VTeX not detected.
Package: intcalc 2007/09/27 v1.1 Expandable calculations with integers (HO)
Package hobsub Info: Skipping package `ifpdf' (already loaded).
Package hobsub Info: Skipping package `etexcmds' (already loaded).
Package hobsub Info: Skipping package `kvsetkeys' (already loaded).
Package hobsub Info: Skipping package `kvdefinekeys' (already loaded).
Package hobsub Info: Skipping package `pdftexcmds' (already loaded).
Package: pdfescape 2011/11/25 v1.13 Implements pdfTeX's escape features (HO)
Package: bigintcalc 2012/04/08 v1.3 Expandable calculations on big integers (HO
)
Package: bitset 2011/01/30 v1.1 Handle bit-vector datatype (HO)
Package: uniquecounter 2011/01/30 v1.2 Provide unlimited unique counter (HO)
)
Package hobsub Info: Skipping package `hobsub' (already loaded).
Package: letltxmacro 2010/09/02 v1.4 Let assignment for LaTeX macros (HO)
Package: hopatch 2011/06/24 v1.1 Wrapper for package hooks (HO)
Package: xcolor-patch 2011/01/30 xcolor patch
Package: atveryend 2011/06/30 v1.8 Hooks at the very end of document (HO)
Package atveryend Info: \enddocument detected (standard20110627).
Package: atbegshi 2011/10/05 v1.16 At begin shipout hook (HO)
Package: refcount 2011/10/16 v3.4 Data extraction from label references (HO)
Package: hycolor 2011/01/30 v1.7 Color options for hyperref/bookmark (HO)
)
(C:\Users\ande01\MikTex\tex\generic\ifxetex\ifxetex.sty
Package: ifxetex 2010/09/12 v0.6 Provides ifxetex conditional
)
\@linkdim=\dimen144
\Hy@linkcounter=\count121
\Hy@pagecounter=\count122

(C:\Users\ande01\MikTex\tex\latex\hyperref\pd1enc.def
File: pd1enc.def 2012/05/13 v6.82q Hyperref: PDFDocEncoding definition (HO)
)
\Hy@SavedSpaceFactor=\count123

(C:\Users\ande01\MikTex\tex\latex\00miktex\hyperref.cfg
File: hyperref.cfg 2002/06/06 v1.2 hyperref configuration of TeXLive
)
Package hyperref Info: Option `bookmarks' set `true' on input line 3941.
Package hyperref Info: Option `bookmarksopen' set `true' on input line 3941.
Package hyperref Info: Option `bookmarksnumbered' set `true' on input line 3941
.
Package hyperref Info: Option `hypertexnames' set `false' on input line 3941.
Package hyperref Info: Option `colorlinks' set `true' on input line 3941.
Package hyperref Info: Option `unicode' set `true' on input line 3941.

(C:\Users\ande01\MikTex\tex\latex\hyperref\puenc.def
File: puenc.def 2012/05/13 v6.82q Hyperref: PDF Unicode definition (HO)
)
Package hyperref Info: Option `breaklinks' set `true' on input line 3941.
Package hyperref Info: Hyper figures OFF on input line 4062.
Package hyperref Info: Link nesting OFF on input line 4067.
Package hyperref Info: Hyper index ON on input line 4070.
Package hyperref Info: Plain pages OFF on input line 4077.
Package hyperref Info: Backreferencing OFF on input line 4082.
Package hyperref Info: Implicit mode ON; LaTeX internals redefined.
Package hyperref Info: Bookmarks ON on input line 4300.
\c@Hy@tempcnt=\count124

(C:\Users\ande01\MikTex\tex\latex\ltxmisc\url.sty
\Urlmuskip=\muskip11
Package: url 2006/04/12  ver 3.3  Verb mode for urls, etc.
)
LaTeX Info: Redefining \url on input line 4653.
\Fld@menulength=\count125
\Field@Width=\dimen145
\Fld@charsize=\dimen146
Package hyperref Info: Hyper figures OFF on input line 5773.
Package hyperref Info: Link nesting OFF on input line 5778.
Package hyperref Info: Hyper index ON on input line 5781.
Package hyperref Info: backreferencing OFF on input line 5788.
Package hyperref Info: Link coloring ON on input line 5791.
Package hyperref Info: Link coloring with OCG OFF on input line 5798.
Package hyperref Info: PDF/A mode OFF on input line 5803.
LaTeX Info: Redefining \ref on input line 5843.
LaTeX Info: Redefining \pageref on input line 5847.
\Hy@abspage=\count126
\c@Item=\count127
\c@Hfootnote=\count128
)

Package hyperref Message: Driver (autodetected): hpdftex.

(C:\Users\ande01\MikTex\tex\latex\hyperref\hpdftex.def
File: hpdftex.def 2012/05/13 v6.82q Hyperref driver for pdfTeX
\Fld@listcount=\count129
\c@bookmark@seq@number=\count130

(C:\Users\ande01\MikTex\tex\latex\oberdiek\rerunfilecheck.sty
Package: rerunfilecheck 2011/04/15 v1.7 Rerun checks for auxiliary files (HO)
Package uniquecounter Info: New unique counter `rerunfilecheck' on input line 2
82.
)
\Hy@SectionHShift=\skip66
)
\c@dummy=\count131

(C:\Users\ande01\MikTex\tex\latex\tools\longtable.sty
Package: longtable 2004/02/01 v4.11 Multi-page Table package (DPC)
\LTleft=\skip67
\LTright=\skip68
\LTpre=\skip69
\LTpost=\skip70
\LTchunksize=\count132
\LTcapwidth=\dimen147
\LT@head=\box31
\LT@firsthead=\box32
\LT@foot=\box33
\LT@lastfoot=\box34
\LT@cols=\count133
\LT@rows=\count134
\c@LT@tables=\count135
\c@LT@chunks=\count136
\LT@p@ftn=\toks29
))
(C:\Users\ande01\MikTex\tex\latex\natbib\natbib.sty
Package: natbib 2010/09/13 8.31b (PWD, AO)
\bibhang=\skip71
\bibsep=\skip72
LaTeX Info: Redefining \cite on input line 694.
\c@NAT@ctr=\count137
)
(C:\Users\ande01\MikTex\tex\latex\tools\verbatim.sty
Package: verbatim 2003/08/22 v1.5q LaTeX2e package for verbatim enhancements
\every@verbatim=\toks30
\verbatim@line=\toks31
\verbatim@in@stream=\read1
)
(C:\Users\ande01\Documents\Thesis\dissertation\vector.sty
Package: vector 1994/09/16 v1.0 vector macros for LaTeX2e (nde)

(C:\Users\ande01\MikTex\tex\latex\tools\calc.sty
Package: calc 2007/08/22 v4.3 Infix arithmetic (KKT,FJ)
\calc@Acount=\count138
\calc@Bcount=\count139
\calc@Adimen=\dimen148
\calc@Bdimen=\dimen149
\calc@Askip=\skip73
\calc@Bskip=\skip74
LaTeX Info: Redefining \setlength on input line 76.
LaTeX Info: Redefining \addtolength on input line 77.
\calc@Ccount=\count140
\calc@Cskip=\skip75
)
\c@vec@elem=\count141
)
(C:\Users\ande01\MikTex\tex\latex\pgf\frontendlayer\tikz.sty
(C:\Users\ande01\MikTex\tex\latex\pgf\basiclayer\pgf.sty
(C:\Users\ande01\MikTex\tex\latex\pgf\utilities\pgfrcs.sty
(C:\Users\ande01\MikTex\tex\generic\pgf\utilities\pgfutil-common.tex
\pgfutil@everybye=\toks32
)
(C:\Users\ande01\MikTex\tex\generic\pgf\utilities\pgfutil-latex.def
\pgfutil@abb=\box35

(C:\Users\ande01\MikTex\tex\latex\ms\everyshi.sty
Package: everyshi 2001/05/15 v3.00 EveryShipout Package (MS)
))
(C:\Users\ande01\MikTex\tex\generic\pgf\utilities\pgfrcs.code.tex
Package: pgfrcs 2010/10/25 v2.10 (rcs-revision 1.24)
))
Package: pgf 2008/01/15 v2.10 (rcs-revision 1.12)

(C:\Users\ande01\MikTex\tex\latex\pgf\basiclayer\pgfcore.sty
(C:\Users\ande01\MikTex\tex\latex\pgf\systemlayer\pgfsys.sty
(C:\Users\ande01\MikTex\tex\generic\pgf\systemlayer\pgfsys.code.tex
Package: pgfsys 2010/06/30 v2.10 (rcs-revision 1.37)

(C:\Users\ande01\MikTex\tex\generic\pgf\utilities\pgfkeys.code.tex
\pgfkeys@pathtoks=\toks33
\pgfkeys@temptoks=\toks34

(C:\Users\ande01\MikTex\tex\generic\pgf\utilities\pgfkeysfiltered.code.tex
\pgfkeys@tmptoks=\toks35
))
\pgf@x=\dimen150
\pgf@y=\dimen151
\pgf@xa=\dimen152
\pgf@ya=\dimen153
\pgf@xb=\dimen154
\pgf@yb=\dimen155
\pgf@xc=\dimen156
\pgf@yc=\dimen157
\w@pgf@writea=\write3
\r@pgf@reada=\read2
\c@pgf@counta=\count142
\c@pgf@countb=\count143
\c@pgf@countc=\count144
\c@pgf@countd=\count145

(C:\Users\ande01\MikTex\tex\generic\pgf\systemlayer\pgf.cfg
File: pgf.cfg 2008/05/14  (rcs-revision 1.7)
)
Package pgfsys Info: Driver file for pgf: pgfsys-pdftex.def on input line 900.

(C:\Users\ande01\MikTex\tex\generic\pgf\systemlayer\pgfsys-pdftex.def
File: pgfsys-pdftex.def 2009/05/22  (rcs-revision 1.26)

(C:\Users\ande01\MikTex\tex\generic\pgf\systemlayer\pgfsys-common-pdf.def
File: pgfsys-common-pdf.def 2008/05/19  (rcs-revision 1.10)
)))
(C:\Users\ande01\MikTex\tex\generic\pgf\systemlayer\pgfsyssoftpath.code.tex
File: pgfsyssoftpath.code.tex 2008/07/18  (rcs-revision 1.7)
\pgfsyssoftpath@smallbuffer@items=\count146
\pgfsyssoftpath@bigbuffer@items=\count147
)
(C:\Users\ande01\MikTex\tex\generic\pgf\systemlayer\pgfsysprotocol.code.tex
File: pgfsysprotocol.code.tex 2006/10/16  (rcs-revision 1.4)
))
(C:\Users\ande01\MikTex\tex\latex\xcolor\xcolor.sty
Package: xcolor 2007/01/21 v2.11 LaTeX color extensions (UK)

(C:\Users\ande01\MikTex\tex\latex\00miktex\color.cfg
File: color.cfg 2007/01/18 v1.5 color configuration of teTeX/TeXLive
)
Package xcolor Info: Driver file: pdftex.def on input line 225.
Package xcolor Info: Model `cmy' substituted by `cmy0' on input line 1337.
Package xcolor Info: Model `hsb' substituted by `rgb' on input line 1341.
Package xcolor Info: Model `RGB' extended on input line 1353.
Package xcolor Info: Model `HTML' substituted by `rgb' on input line 1355.
Package xcolor Info: Model `Hsb' substituted by `hsb' on input line 1356.
Package xcolor Info: Model `tHsb' substituted by `hsb' on input line 1357.
Package xcolor Info: Model `HSB' substituted by `hsb' on input line 1358.
Package xcolor Info: Model `Gray' substituted by `gray' on input line 1359.
Package xcolor Info: Model `wave' substituted by `hsb' on input line 1360.
)
(C:\Users\ande01\MikTex\tex\generic\pgf\basiclayer\pgfcore.code.tex
Package: pgfcore 2010/04/11 v2.10 (rcs-revision 1.7)

(C:\Users\ande01\MikTex\tex\generic\pgf\math\pgfmath.code.tex
(C:\Users\ande01\MikTex\tex\generic\pgf\math\pgfmathcalc.code.tex
(C:\Users\ande01\MikTex\tex\generic\pgf\math\pgfmathutil.code.tex)
(C:\Users\ande01\MikTex\tex\generic\pgf\math\pgfmathparser.code.tex
\pgfmath@dimen=\dimen158
\pgfmath@count=\count148
\pgfmath@box=\box36
\pgfmath@toks=\toks36
\pgfmath@stack@operand=\toks37
\pgfmath@stack@operation=\toks38
)
(C:\Users\ande01\MikTex\tex\generic\pgf\math\pgfmathfunctions.code.tex
(C:\Users\ande01\MikTex\tex\generic\pgf\math\pgfmathfunctions.basic.code.tex)
(C:\Users\ande01\MikTex\tex\generic\pgf\math\pgfmathfunctions.trigonometric.cod
e.tex)
(C:\Users\ande01\MikTex\tex\generic\pgf\math\pgfmathfunctions.random.code.tex)
(C:\Users\ande01\MikTex\tex\generic\pgf\math\pgfmathfunctions.comparison.code.t
ex) (C:\Users\ande01\MikTex\tex\generic\pgf\math\pgfmathfunctions.base.code.tex
) (C:\Users\ande01\MikTex\tex\generic\pgf\math\pgfmathfunctions.round.code.tex)
(C:\Users\ande01\MikTex\tex\generic\pgf\math\pgfmathfunctions.misc.code.tex)))
(C:\Users\ande01\MikTex\tex\generic\pgf\math\pgfmathfloat.code.tex
\c@pgfmathroundto@lastzeros=\count149
))
(C:\Users\ande01\MikTex\tex\generic\pgf\basiclayer\pgfcorepoints.code.tex
File: pgfcorepoints.code.tex 2010/04/09  (rcs-revision 1.20)
\pgf@picminx=\dimen159
\pgf@picmaxx=\dimen160
\pgf@picminy=\dimen161
\pgf@picmaxy=\dimen162
\pgf@pathminx=\dimen163
\pgf@pathmaxx=\dimen164
\pgf@pathminy=\dimen165
\pgf@pathmaxy=\dimen166
\pgf@xx=\dimen167
\pgf@xy=\dimen168
\pgf@yx=\dimen169
\pgf@yy=\dimen170
\pgf@zx=\dimen171
\pgf@zy=\dimen172
)
(C:\Users\ande01\MikTex\tex\generic\pgf\basiclayer\pgfcorepathconstruct.code.te
x
File: pgfcorepathconstruct.code.tex 2010/08/03  (rcs-revision 1.24)
\pgf@path@lastx=\dimen173
\pgf@path@lasty=\dimen174
) (C:\Users\ande01\MikTex\tex\generic\pgf\basiclayer\pgfcorepathusage.code.tex
File: pgfcorepathusage.code.tex 2008/04/22  (rcs-revision 1.12)
\pgf@shorten@end@additional=\dimen175
\pgf@shorten@start@additional=\dimen176
) (C:\Users\ande01\MikTex\tex\generic\pgf\basiclayer\pgfcorescopes.code.tex
File: pgfcorescopes.code.tex 2010/09/08  (rcs-revision 1.34)
\pgfpic=\box37
\pgf@hbox=\box38
\pgf@layerbox@main=\box39
\pgf@picture@serial@count=\count150
)
(C:\Users\ande01\MikTex\tex\generic\pgf\basiclayer\pgfcoregraphicstate.code.tex
File: pgfcoregraphicstate.code.tex 2008/04/22  (rcs-revision 1.9)
\pgflinewidth=\dimen177
)
(C:\Users\ande01\MikTex\tex\generic\pgf\basiclayer\pgfcoretransformations.code.
tex
File: pgfcoretransformations.code.tex 2009/06/10  (rcs-revision 1.11)
\pgf@pt@x=\dimen178
\pgf@pt@y=\dimen179
\pgf@pt@temp=\dimen180
) (C:\Users\ande01\MikTex\tex\generic\pgf\basiclayer\pgfcorequick.code.tex
File: pgfcorequick.code.tex 2008/10/09  (rcs-revision 1.3)
)
(C:\Users\ande01\MikTex\tex\generic\pgf\basiclayer\pgfcoreobjects.code.tex
File: pgfcoreobjects.code.tex 2006/10/11  (rcs-revision 1.2)
)
(C:\Users\ande01\MikTex\tex\generic\pgf\basiclayer\pgfcorepathprocessing.code.t
ex
File: pgfcorepathprocessing.code.tex 2008/10/09  (rcs-revision 1.8)
) (C:\Users\ande01\MikTex\tex\generic\pgf\basiclayer\pgfcorearrows.code.tex
File: pgfcorearrows.code.tex 2008/04/23  (rcs-revision 1.11)
)
(C:\Users\ande01\MikTex\tex\generic\pgf\basiclayer\pgfcoreshade.code.tex
File: pgfcoreshade.code.tex 2008/11/23  (rcs-revision 1.13)
\pgf@max=\dimen181
\pgf@sys@shading@range@num=\count151
)
(C:\Users\ande01\MikTex\tex\generic\pgf\basiclayer\pgfcoreimage.code.tex
File: pgfcoreimage.code.tex 2010/03/25  (rcs-revision 1.16)

(C:\Users\ande01\MikTex\tex\generic\pgf\basiclayer\pgfcoreexternal.code.tex
File: pgfcoreexternal.code.tex 2010/09/01  (rcs-revision 1.17)
\pgfexternal@startupbox=\box40
))
(C:\Users\ande01\MikTex\tex\generic\pgf\basiclayer\pgfcorelayers.code.tex
File: pgfcorelayers.code.tex 2010/08/27  (rcs-revision 1.2)
)
(C:\Users\ande01\MikTex\tex\generic\pgf\basiclayer\pgfcoretransparency.code.tex
File: pgfcoretransparency.code.tex 2008/01/17  (rcs-revision 1.2)
) (C:\Users\ande01\MikTex\tex\generic\pgf\basiclayer\pgfcorepatterns.code.tex
File: pgfcorepatterns.code.tex 2009/07/02  (rcs-revision 1.3)
))) (C:\Users\ande01\MikTex\tex\generic\pgf\modules\pgfmoduleshapes.code.tex
File: pgfmoduleshapes.code.tex 2010/09/09  (rcs-revision 1.13)
\pgfnodeparttextbox=\box41
)
(C:\Users\ande01\MikTex\tex\generic\pgf\modules\pgfmoduleplot.code.tex
File: pgfmoduleplot.code.tex 2010/10/22  (rcs-revision 1.8)
)
(C:\Users\ande01\MikTex\tex\latex\pgf\compatibility\pgfcomp-version-0-65.sty
Package: pgfcomp-version-0-65 2007/07/03 v2.10 (rcs-revision 1.7)
\pgf@nodesepstart=\dimen182
\pgf@nodesepend=\dimen183
)
(C:\Users\ande01\MikTex\tex\latex\pgf\compatibility\pgfcomp-version-1-18.sty
Package: pgfcomp-version-1-18 2007/07/23 v2.10 (rcs-revision 1.1)
))
(C:\Users\ande01\MikTex\tex\latex\pgf\utilities\pgffor.sty
(C:\Users\ande01\MikTex\tex\latex\pgf\utilities\pgfkeys.sty
(C:\Users\ande01\MikTex\tex\generic\pgf\utilities\pgfkeys.code.tex))
(C:\Users\ande01\MikTex\tex\generic\pgf\utilities\pgffor.code.tex
Package: pgffor 2010/03/23 v2.10 (rcs-revision 1.18)
\pgffor@iter=\dimen184
\pgffor@skip=\dimen185
\pgffor@stack=\toks39
\pgffor@toks=\toks40
))
(C:\Users\ande01\MikTex\tex\generic\pgf\frontendlayer\tikz\tikz.code.tex
Package: tikz 2010/10/13 v2.10 (rcs-revision 1.76)

(C:\Users\ande01\MikTex\tex\generic\pgf\libraries\pgflibraryplothandlers.code.t
ex
File: pgflibraryplothandlers.code.tex 2010/05/31 v2.10 (rcs-revision 1.15)
\pgf@plot@mark@count=\count152
\pgfplotmarksize=\dimen186
)
\tikz@lastx=\dimen187
\tikz@lasty=\dimen188
\tikz@lastxsaved=\dimen189
\tikz@lastysaved=\dimen190
\tikzleveldistance=\dimen191
\tikzsiblingdistance=\dimen192
\tikz@figbox=\box42
\tikz@tempbox=\box43
\tikztreelevel=\count153
\tikznumberofchildren=\count154
\tikznumberofcurrentchild=\count155
\tikz@fig@count=\count156
 (C:\Users\ande01\MikTex\tex\generic\pgf\modules\pgfmodulematrix.code.tex
File: pgfmodulematrix.code.tex 2010/08/24  (rcs-revision 1.4)
\pgfmatrixcurrentrow=\count157
\pgfmatrixcurrentcolumn=\count158
\pgf@matrix@numberofcolumns=\count159
)
\tikz@expandcount=\count160

(C:\Users\ande01\MikTex\tex\generic\pgf\frontendlayer\tikz\libraries\tikzlibrar
ytopaths.code.tex
File: tikzlibrarytopaths.code.tex 2008/06/17 v2.10 (rcs-revision 1.2)
))) (C:\Users\ande01\MikTex\tex\latex\pgfplots\pgfplots.sty
(C:\Users\ande01\MikTex\tex\generic\pgfplots\pgfplots.revision.tex)
Package: pgfplots 2012/10/26 v1.7 Data Visualization (1.7-2-ge24fff4)

(C:\Users\ande01\MikTex\tex\generic\pgfplots\pgfplots.code.tex
(C:\Users\ande01\MikTex\tex\generic\pgfplots\pgfplotscore.code.tex
\t@pgfplots@toka=\toks41
\t@pgfplots@tokb=\toks42
\t@pgfplots@tokc=\toks43
\pgfplots@tmpa=\dimen193
\c@pgfplots@coordindex=\count161
\c@pgfplots@scanlineindex=\count162

(C:\Users\ande01\MikTex\tex\generic\pgfplots\sys\pgfplotssysgeneric.code.tex))
(C:\Users\ande01\MikTex\tex\generic\pgfplots\libs\pgfplotslibrary.code.tex)
(C:\Users\ande01\MikTex\tex\generic\pgfplots\oldpgfcompatib\pgfplotsoldpgfsupp_
loader.code.tex
Package pgfplots: loading complementary code for your PGF version...

(C:\Users\ande01\MikTex\tex\generic\pgfplots\oldpgfcompatib\pgfplotsoldpgfsupp_
misc.code.tex)
(C:\Users\ande01\MikTex\tex\generic\pgfplots\oldpgfcompatib\pgfplotsoldpgfsupp_
pgfkeys.code.tex
\pgfkeys@pathtoks=\toks44
\pgfkeys@temptoks=\toks45

(C:\Users\ande01\MikTex\tex\generic\pgfplots\oldpgfcompatib\pgfplotsoldpgfsupp_
pgfkeysfiltered.code.tex
\pgfkeys@tmptoks=\toks46
))
(C:\Users\ande01\MikTex\tex\generic\pgfplots\oldpgfcompatib\pgfplotsoldpgfsupp_
pgfmathfloat.code.tex
\c@pgfmathroundto@lastzeros=\count163
)
(C:\Users\ande01\MikTex\tex\generic\pgfplots\oldpgfcompatib\pgfplotsoldpgfsupp_
pgflibraryplothandlers.code.tex
File: pgflibraryplothandlers.code.tex 2012/09/11 v2.10 (rcs-revision 1.17)
\pgf@plot@mark@count=\count164
\pgfplotmarksize=\dimen194
)
(C:\Users\ande01\MikTex\tex\generic\pgfplots\oldpgfcompatib\pgfplotsoldpgfsupp_
pgflibraryfpu.code.tex)
(C:\Users\ande01\MikTex\tex\generic\pgfplots\oldpgfcompatib\pgfplotsoldpgfsupp_
pgfcorescopes.code.tex
File: pgfcorescopes.code.tex 2011/10/01  (rcs-revision 1.37)
\pgfpic=\box44
\pgf@hbox=\box45
\pgf@layerbox@main=\box46
\pgf@picture@serial@count=\count165
)
(C:\Users\ande01\MikTex\tex\generic\pgfplots\oldpgfcompatib\pgfplotsoldpgfsupp_
pgfcorelayers.code.tex
File: pgfcorelayers.code.tex 2011/10/02  (rcs-revision 1.4)
))
(C:\Users\ande01\MikTex\tex\generic\pgfplots\util\pgfplotsutil.code.tex
(C:\Users\ande01\MikTex\tex\generic\pgfplots\liststructure\pgfplotsliststructur
e.code.tex)
(C:\Users\ande01\MikTex\tex\generic\pgfplots\liststructure\pgfplotsliststructur
eext.code.tex)
(C:\Users\ande01\MikTex\tex\generic\pgfplots\liststructure\pgfplotsarray.code.t
ex
\c@pgfplotsarray@tmp=\count166
)
(C:\Users\ande01\MikTex\tex\generic\pgfplots\liststructure\pgfplotsmatrix.code.
tex)
(C:\Users\ande01\MikTex\tex\generic\pgfplots\numtable\pgfplotstableshared.code.
tex
\c@pgfplotstable@counta=\count167
\t@pgfplotstable@a=\toks47
)
(C:\Users\ande01\MikTex\tex\generic\pgfplots\liststructure\pgfplotsdeque.code.t
ex) (C:\Users\ande01\MikTex\tex\generic\pgfplots\util\pgfplotsbinary.code.tex
(C:\Users\ande01\MikTex\tex\generic\pgfplots\util\pgfplotsbinary.data.code.tex)
) (C:\Users\ande01\MikTex\tex\generic\pgfplots\util\pgfplotsutil.verb.code.tex)

(C:\Users\ande01\MikTex\tex\generic\pgfplots\libs\pgflibrarypgfplots.surfshadin
g.code.tex
\c@pgfplotslibrarysurf@no=\count168

(C:\Users\ande01\MikTex\tex\generic\pgfplots\sys\pgflibrarypgfplots.surfshading
.pgfsys-pdftex.def)))
(C:\Users\ande01\MikTex\tex\generic\pgfplots\util\pgfplotscolormap.code.tex)
(C:\Users\ande01\MikTex\tex\generic\pgfplots\pgfplotsstackedplots.code.tex)
(C:\Users\ande01\MikTex\tex\generic\pgfplots\pgfplotsplothandlers.code.tex
(C:\Users\ande01\MikTex\tex\generic\pgfplots\pgfplotsmeshplothandler.code.tex))
(C:\Users\ande01\MikTex\tex\generic\pgfplots\pgfplots.scaling.code.tex)
(C:\Users\ande01\MikTex\tex\generic\pgfplots\pgfplotscoordprocessing.code.tex)
(C:\Users\ande01\MikTex\tex\generic\pgfplots\pgfplotsticks.code.tex)
(C:\Users\ande01\MikTex\tex\generic\pgfplots\pgfplots.paths.code.tex)
(C:\Users\ande01\MikTex\tex\generic\pgf\frontendlayer\tikz\libraries\tikzlibrar
ydecorations.code.tex
(C:\Users\ande01\MikTex\tex\generic\pgf\modules\pgfmoduledecorations.code.tex
\pgfdecoratedcompleteddistance=\dimen195
\pgfdecoratedremainingdistance=\dimen196
\pgfdecoratedinputsegmentcompleteddistance=\dimen197
\pgfdecoratedinputsegmentremainingdistance=\dimen198
\pgf@decorate@distancetomove=\dimen199
\pgf@decorate@repeatstate=\count169
\pgfdecorationsegmentamplitude=\dimen200
\pgfdecorationsegmentlength=\dimen201
)
\tikz@lib@dec@box=\box47
)
(C:\Users\ande01\MikTex\tex\generic\pgf\frontendlayer\tikz\libraries\tikzlibrar
ydecorations.pathmorphing.code.tex
(C:\Users\ande01\MikTex\tex\generic\pgf\libraries\decorations\pgflibrarydecorat
ions.pathmorphing.code.tex))
(C:\Users\ande01\MikTex\tex\generic\pgf\frontendlayer\tikz\libraries\tikzlibrar
ydecorations.pathreplacing.code.tex
(C:\Users\ande01\MikTex\tex\generic\pgf\libraries\decorations\pgflibrarydecorat
ions.pathreplacing.code.tex))
\pgfplots@numplots=\count170
\pgfplots@xmin@reg=\dimen202
\pgfplots@xmax@reg=\dimen203
\pgfplots@ymin@reg=\dimen204
\pgfplots@ymax@reg=\dimen205
\pgfplots@zmin@reg=\dimen206
\pgfplots@zmax@reg=\dimen207
)
(C:\Users\ande01\MikTex\tex\generic\pgf\frontendlayer\tikz\libraries\tikzlibrar
yplotmarks.code.tex
File: tikzlibraryplotmarks.code.tex 2008/01/09 v2.10 (rcs-revision 1.1)

(C:\Users\ande01\MikTex\tex\generic\pgf\libraries\pgflibraryplotmarks.code.tex
File: pgflibraryplotmarks.code.tex 2010/10/15 v2.10 (rcs-revision 1.12)
))) (C:\Users\ande01\MikTex\tex\latex\algorithm2e\algorithm2e.sty
Package: algorithm2e 2008/00/00 v3.10 algorithms environments
\c@AlgoLine=\count171

(C:\Users\ande01\MikTex\tex\latex\ltxmisc\relsize.sty
Package: relsize 2003/07/04 ver 3.1
)
********************************************************
Package `algorithm2e' Release 4.01 -- december 14 2009 --
- algorithm2e-announce@lirmm.fr mailing list for announcement about releases
- algorithm2e-discussion@lirmm.fr mailing list for discussion about package
subscribe by emailing sympa@lirmm.fr with 'subscribe <list> <firstname name>'
- Author: Christophe Fiorio (fiorio@lirmm.fr)
********************************************************
\skiptotal=\skip76
\skiplinenumber=\skip77
\skiprule=\skip78
\skiphlne=\skip79
\skiptext=\skip80
\skiplength=\skip81
\algomargin=\skip82
\skipalgocfslide=\skip83
\algowidth=\dimen208
\inoutsize=\dimen209
\inoutline=\dimen210
\interspacetitleruled=\dimen211
\interspacealgoruled=\dimen212
\interspacetitleboxruled=\dimen213
\algocf@inoutbox=\box48
\algocf@inputbox=\box49
\AlCapSkip=\skip84
\AlCapHSkip=\skip85
\algocf@nlbox=\box50
\algocf@hangingbox=\box51
\algocf@capbox=\box52
\algoheightruledefault=\skip86
\algoheightrule=\skip87
\algotitleheightruledefault=\skip88
\algotitleheightrule=\skip89
\c@algocfline=\count172
\c@algocfproc=\count173
\c@algocf=\count174
\algocf@algoframe=\box53
\algocf@algobox=\box54
) (C:\Users\ande01\MikTex\tex\latex\algorithmicx\algpseudocode.sty
Package: algpseudocode 

(C:\Users\ande01\MikTex\tex\latex\algorithmicx\algorithmicx.sty
Package: algorithmicx 2005/04/27 v1.2 Algorithmicx

Document Style algorithmicx 1.2 - a greatly improved `algorithmic' style
\c@ALG@line=\count175
\c@ALG@rem=\count176
\c@ALG@nested=\count177
\ALG@tlm=\skip90
\ALG@thistlm=\skip91
\c@ALG@Lnr=\count178
\c@ALG@blocknr=\count179
\c@ALG@storecount=\count180
\c@ALG@tmpcounter=\count181
\ALG@tmplength=\skip92
)
Document Style - pseudocode environments for use with the `algorithmicx' style
) (C:\Users\ande01\MikTex\tex\latex\base\fontenc.sty
Package: fontenc 2005/09/27 v1.99g Standard LaTeX package

(C:\Users\ande01\MikTex\tex\latex\base\t1enc.def
File: t1enc.def 2005/09/27 v1.99g Standard LaTeX file
LaTeX Font Info:    Redeclaring font encoding T1 on input line 43.
))
(C:\Users\ande01\Documents\Thesis\dissertation\venturis2.sty
Package: venturis2 2008/11/05 v1.004 VenturisADFNo2 PS

(C:\Users\ande01\MikTex\tex\latex\base\fontenc.sty
Package: fontenc 2005/09/27 v1.99g Standard LaTeX package

(C:\Users\ande01\MikTex\tex\latex\base\t1enc.def
File: t1enc.def 2005/09/27 v1.99g Standard LaTeX file
LaTeX Font Info:    Redeclaring font encoding T1 on input line 43.
))
(C:\Users\ande01\MikTex\tex\latex\base\textcomp.sty
Package: textcomp 2005/09/27 v1.99g Standard LaTeX package
Package textcomp Info: Sub-encoding information:
(textcomp)               5 = only ISO-Adobe without \textcurrency
(textcomp)               4 = 5 + \texteuro
(textcomp)               3 = 4 + \textohm
(textcomp)               2 = 3 + \textestimated + \textcurrency
(textcomp)               1 = TS1 - \textcircled - \t
(textcomp)               0 = TS1 (full)
(textcomp)             Font families with sub-encoding setting implement
(textcomp)             only a restricted character set as indicated.
(textcomp)             Family '?' is the default used for unknown fonts.
(textcomp)             See the documentation for details.
Package textcomp Info: Setting ? sub-encoding to TS1/1 on input line 71.

(C:\Users\ande01\MikTex\tex\latex\base\ts1enc.def
File: ts1enc.def 2001/06/05 v3.0e (jk/car/fm) Standard LaTeX file
)
LaTeX Info: Redefining \oldstylenums on input line 266.
Package textcomp Info: Setting cmr sub-encoding to TS1/0 on input line 281.
Package textcomp Info: Setting cmss sub-encoding to TS1/0 on input line 282.
Package textcomp Info: Setting cmtt sub-encoding to TS1/0 on input line 283.
Package textcomp Info: Setting cmvtt sub-encoding to TS1/0 on input line 284.
Package textcomp Info: Setting cmbr sub-encoding to TS1/0 on input line 285.
Package textcomp Info: Setting cmtl sub-encoding to TS1/0 on input line 286.
Package textcomp Info: Setting ccr sub-encoding to TS1/0 on input line 287.
Package textcomp Info: Setting ptm sub-encoding to TS1/4 on input line 288.
Package textcomp Info: Setting pcr sub-encoding to TS1/4 on input line 289.
Package textcomp Info: Setting phv sub-encoding to TS1/4 on input line 290.
Package textcomp Info: Setting ppl sub-encoding to TS1/3 on input line 291.
Package textcomp Info: Setting pag sub-encoding to TS1/4 on input line 292.
Package textcomp Info: Setting pbk sub-encoding to TS1/4 on input line 293.
Package textcomp Info: Setting pnc sub-encoding to TS1/4 on input line 294.
Package textcomp Info: Setting pzc sub-encoding to TS1/4 on input line 295.
Package textcomp Info: Setting bch sub-encoding to TS1/4 on input line 296.
Package textcomp Info: Setting put sub-encoding to TS1/5 on input line 297.
Package textcomp Info: Setting uag sub-encoding to TS1/5 on input line 298.
Package textcomp Info: Setting ugq sub-encoding to TS1/5 on input line 299.
Package textcomp Info: Setting ul8 sub-encoding to TS1/4 on input line 300.
Package textcomp Info: Setting ul9 sub-encoding to TS1/4 on input line 301.
Package textcomp Info: Setting augie sub-encoding to TS1/5 on input line 302.
Package textcomp Info: Setting dayrom sub-encoding to TS1/3 on input line 303.
Package textcomp Info: Setting dayroms sub-encoding to TS1/3 on input line 304.

Package textcomp Info: Setting pxr sub-encoding to TS1/0 on input line 305.
Package textcomp Info: Setting pxss sub-encoding to TS1/0 on input line 306.
Package textcomp Info: Setting pxtt sub-encoding to TS1/0 on input line 307.
Package textcomp Info: Setting txr sub-encoding to TS1/0 on input line 308.
Package textcomp Info: Setting txss sub-encoding to TS1/0 on input line 309.
Package textcomp Info: Setting txtt sub-encoding to TS1/0 on input line 310.
Package textcomp Info: Setting lmr sub-encoding to TS1/0 on input line 311.
Package textcomp Info: Setting lmdh sub-encoding to TS1/0 on input line 312.
Package textcomp Info: Setting lmss sub-encoding to TS1/0 on input line 313.
Package textcomp Info: Setting lmssq sub-encoding to TS1/0 on input line 314.
Package textcomp Info: Setting lmvtt sub-encoding to TS1/0 on input line 315.
Package textcomp Info: Setting qhv sub-encoding to TS1/0 on input line 316.
Package textcomp Info: Setting qag sub-encoding to TS1/0 on input line 317.
Package textcomp Info: Setting qbk sub-encoding to TS1/0 on input line 318.
Package textcomp Info: Setting qcr sub-encoding to TS1/0 on input line 319.
Package textcomp Info: Setting qcs sub-encoding to TS1/0 on input line 320.
Package textcomp Info: Setting qpl sub-encoding to TS1/0 on input line 321.
Package textcomp Info: Setting qtm sub-encoding to TS1/0 on input line 322.
Package textcomp Info: Setting qzc sub-encoding to TS1/0 on input line 323.
Package textcomp Info: Setting qhvc sub-encoding to TS1/0 on input line 324.
Package textcomp Info: Setting futs sub-encoding to TS1/4 on input line 325.
Package textcomp Info: Setting futx sub-encoding to TS1/4 on input line 326.
Package textcomp Info: Setting futj sub-encoding to TS1/4 on input line 327.
Package textcomp Info: Setting hlh sub-encoding to TS1/3 on input line 328.
Package textcomp Info: Setting hls sub-encoding to TS1/3 on input line 329.
Package textcomp Info: Setting hlst sub-encoding to TS1/3 on input line 330.
Package textcomp Info: Setting hlct sub-encoding to TS1/5 on input line 331.
Package textcomp Info: Setting hlx sub-encoding to TS1/5 on input line 332.
Package textcomp Info: Setting hlce sub-encoding to TS1/5 on input line 333.
Package textcomp Info: Setting hlcn sub-encoding to TS1/5 on input line 334.
Package textcomp Info: Setting hlcw sub-encoding to TS1/5 on input line 335.
Package textcomp Info: Setting hlcf sub-encoding to TS1/5 on input line 336.
Package textcomp Info: Setting pplx sub-encoding to TS1/3 on input line 337.
Package textcomp Info: Setting pplj sub-encoding to TS1/3 on input line 338.
Package textcomp Info: Setting ptmx sub-encoding to TS1/4 on input line 339.
Package textcomp Info: Setting ptmj sub-encoding to TS1/4 on input line 340.
)
(C:\Users\ande01\Documents\Thesis\dissertation\nfssext-cfr.sty
Package: nfssext-cfr 2008/11/08 specially mangled by cfr; based on 2003/03/14 v
1.2 Experimental NFSS Extensions
\c@taken=\count182
LaTeX Info: Redefining \itshape on input line 503.
LaTeX Info: Redefining \scshape on input line 511.
LaTeX Info: Redefining \upshape on input line 525.
))
(C:\Users\ande01\MikTex\tex\latex\lm\lmodern.sty
Package: lmodern 2009/10/30 v1.6 Latin Modern Fonts
LaTeX Font Info:    Overwriting symbol font `operators' in version `normal'
(Font)                  OT1/cmr/m/n --> OT1/lmr/m/n on input line 22.
LaTeX Font Info:    Overwriting symbol font `letters' in version `normal'
(Font)                  OML/cmm/m/it --> OML/lmm/m/it on input line 23.
LaTeX Font Info:    Overwriting symbol font `symbols' in version `normal'
(Font)                  OMS/cmsy/m/n --> OMS/lmsy/m/n on input line 24.
LaTeX Font Info:    Overwriting symbol font `largesymbols' in version `normal'
(Font)                  OMX/cmex/m/n --> OMX/lmex/m/n on input line 25.
LaTeX Font Info:    Overwriting symbol font `operators' in version `bold'
(Font)                  OT1/cmr/bx/n --> OT1/lmr/bx/n on input line 26.
LaTeX Font Info:    Overwriting symbol font `letters' in version `bold'
(Font)                  OML/cmm/b/it --> OML/lmm/b/it on input line 27.
LaTeX Font Info:    Overwriting symbol font `symbols' in version `bold'
(Font)                  OMS/cmsy/b/n --> OMS/lmsy/b/n on input line 28.
LaTeX Font Info:    Overwriting symbol font `largesymbols' in version `bold'
(Font)                  OMX/cmex/m/n --> OMX/lmex/m/n on input line 29.
LaTeX Font Info:    Overwriting math alphabet `\mathbf' in version `normal'
(Font)                  OT1/cmr/bx/n --> OT1/lmr/bx/n on input line 31.
LaTeX Font Info:    Overwriting math alphabet `\mathsf' in version `normal'
(Font)                  OT1/cmss/m/n --> OT1/lmss/m/n on input line 32.
LaTeX Font Info:    Overwriting math alphabet `\mathit' in version `normal'
(Font)                  OT1/cmr/m/it --> OT1/lmr/m/it on input line 33.
LaTeX Font Info:    Overwriting math alphabet `\mathtt' in version `normal'
(Font)                  OT1/cmtt/m/n --> OT1/lmtt/m/n on input line 34.
LaTeX Font Info:    Overwriting math alphabet `\mathbf' in version `bold'
(Font)                  OT1/cmr/bx/n --> OT1/lmr/bx/n on input line 35.
LaTeX Font Info:    Overwriting math alphabet `\mathsf' in version `bold'
(Font)                  OT1/cmss/bx/n --> OT1/lmss/bx/n on input line 36.
LaTeX Font Info:    Overwriting math alphabet `\mathit' in version `bold'
(Font)                  OT1/cmr/bx/it --> OT1/lmr/bx/it on input line 37.
LaTeX Font Info:    Overwriting math alphabet `\mathtt' in version `bold'
(Font)                  OT1/cmtt/m/n --> OT1/lmtt/m/n on input line 38.
)
(C:\Users\ande01\MikTex\tex\latex\microtype\microtype.sty
Package: microtype 2010/01/10 v2.4 Micro-typography with pdfTeX (RS)
\MT@toks=\toks48
\MT@count=\count183
LaTeX Info: Redefining \lsstyle on input line 1597.
LaTeX Info: Redefining \lslig on input line 1597.
\MT@outer@space=\skip93
LaTeX Info: Redefining \textls on input line 1605.
\MT@outer@kern=\dimen214
LaTeX Info: Redefining \textmicrotypecontext on input line 2156.
Package microtype Info: Loading configuration file microtype.cfg.

(C:\Users\ande01\MikTex\tex\latex\microtype\microtype.cfg
File: microtype.cfg 2010/01/10 v2.4 microtype main configuration file (RS)
))
(C:\Users\ande01\Documents\Thesis\dissertation\ps4pdf.sty
Package: ps4pdf 2005/02/11 v0.6i PS code for pdfTeX (RN/HO)
\c@PSforPDF=\count184
)
(C:\Users\ande01\MikTex\tex\latex\titlesec\titlesec.sty
Package: titlesec 2011/12/15 v2.10.0 Sectioning titles
\ttl@box=\box55
\beforetitleunit=\skip94
\aftertitleunit=\skip95
\ttl@plus=\dimen215
\ttl@minus=\dimen216
\ttl@toksa=\toks49
\titlewidth=\dimen217
\titlewidthlast=\dimen218
\titlewidthfirst=\dimen219
)
(C:\Users\ande01\MikTex\tex\latex\sectsty\sectsty.sty
Package: sectsty 2002/02/25 v2.0.2 Commands to change all sectional heading sty
les
)
(C:\Users\ande01\MikTex\tex\latex\base\inputenc.sty
Package: inputenc 2008/03/30 v1.1d Input encoding file
\inpenc@prehook=\toks50
\inpenc@posthook=\toks51

(C:\Users\ande01\MikTex\tex\latex\base\utf8.def
File: utf8.def 2008/04/05 v1.1m UTF-8 support for inputenc
Now handling font encoding OML ...
... no UTF-8 mapping file for font encoding OML
Now handling font encoding T1 ...
... processing UTF-8 mapping file for font encoding T1

(C:\Users\ande01\MikTex\tex\latex\base\t1enc.dfu
File: t1enc.dfu 2008/04/05 v1.1m UTF-8 support for inputenc
   defining Unicode char U+00A1 (decimal 161)
   defining Unicode char U+00A3 (decimal 163)
   defining Unicode char U+00AB (decimal 171)
   defining Unicode char U+00BB (decimal 187)
   defining Unicode char U+00BF (decimal 191)
   defining Unicode char U+00C0 (decimal 192)
   defining Unicode char U+00C1 (decimal 193)
   defining Unicode char U+00C2 (decimal 194)
   defining Unicode char U+00C3 (decimal 195)
   defining Unicode char U+00C4 (decimal 196)
   defining Unicode char U+00C5 (decimal 197)
   defining Unicode char U+00C6 (decimal 198)
   defining Unicode char U+00C7 (decimal 199)
   defining Unicode char U+00C8 (decimal 200)
   defining Unicode char U+00C9 (decimal 201)
   defining Unicode char U+00CA (decimal 202)
   defining Unicode char U+00CB (decimal 203)
   defining Unicode char U+00CC (decimal 204)
   defining Unicode char U+00CD (decimal 205)
   defining Unicode char U+00CE (decimal 206)
   defining Unicode char U+00CF (decimal 207)
   defining Unicode char U+00D0 (decimal 208)
   defining Unicode char U+00D1 (decimal 209)
   defining Unicode char U+00D2 (decimal 210)
   defining Unicode char U+00D3 (decimal 211)
   defining Unicode char U+00D4 (decimal 212)
   defining Unicode char U+00D5 (decimal 213)
   defining Unicode char U+00D6 (decimal 214)
   defining Unicode char U+00D8 (decimal 216)
   defining Unicode char U+00D9 (decimal 217)
   defining Unicode char U+00DA (decimal 218)
   defining Unicode char U+00DB (decimal 219)
   defining Unicode char U+00DC (decimal 220)
   defining Unicode char U+00DD (decimal 221)
   defining Unicode char U+00DE (decimal 222)
   defining Unicode char U+00DF (decimal 223)
   defining Unicode char U+00E0 (decimal 224)
   defining Unicode char U+00E1 (decimal 225)
   defining Unicode char U+00E2 (decimal 226)
   defining Unicode char U+00E3 (decimal 227)
   defining Unicode char U+00E4 (decimal 228)
   defining Unicode char U+00E5 (decimal 229)
   defining Unicode char U+00E6 (decimal 230)
   defining Unicode char U+00E7 (decimal 231)
   defining Unicode char U+00E8 (decimal 232)
   defining Unicode char U+00E9 (decimal 233)
   defining Unicode char U+00EA (decimal 234)
   defining Unicode char U+00EB (decimal 235)
   defining Unicode char U+00EC (decimal 236)
   defining Unicode char U+00ED (decimal 237)
   defining Unicode char U+00EE (decimal 238)
   defining Unicode char U+00EF (decimal 239)
   defining Unicode char U+00F0 (decimal 240)
   defining Unicode char U+00F1 (decimal 241)
   defining Unicode char U+00F2 (decimal 242)
   defining Unicode char U+00F3 (decimal 243)
   defining Unicode char U+00F4 (decimal 244)
   defining Unicode char U+00F5 (decimal 245)
   defining Unicode char U+00F6 (decimal 246)
   defining Unicode char U+00F8 (decimal 248)
   defining Unicode char U+00F9 (decimal 249)
   defining Unicode char U+00FA (decimal 250)
   defining Unicode char U+00FB (decimal 251)
   defining Unicode char U+00FC (decimal 252)
   defining Unicode char U+00FD (decimal 253)
   defining Unicode char U+00FE (decimal 254)
   defining Unicode char U+00FF (decimal 255)
   defining Unicode char U+0102 (decimal 258)
   defining Unicode char U+0103 (decimal 259)
   defining Unicode char U+0104 (decimal 260)
   defining Unicode char U+0105 (decimal 261)
   defining Unicode char U+0106 (decimal 262)
   defining Unicode char U+0107 (decimal 263)
   defining Unicode char U+010C (decimal 268)
   defining Unicode char U+010D (decimal 269)
   defining Unicode char U+010E (decimal 270)
   defining Unicode char U+010F (decimal 271)
   defining Unicode char U+0110 (decimal 272)
   defining Unicode char U+0111 (decimal 273)
   defining Unicode char U+0118 (decimal 280)
   defining Unicode char U+0119 (decimal 281)
   defining Unicode char U+011A (decimal 282)
   defining Unicode char U+011B (decimal 283)
   defining Unicode char U+011E (decimal 286)
   defining Unicode char U+011F (decimal 287)
   defining Unicode char U+0130 (decimal 304)
   defining Unicode char U+0131 (decimal 305)
   defining Unicode char U+0132 (decimal 306)
   defining Unicode char U+0133 (decimal 307)
   defining Unicode char U+0139 (decimal 313)
   defining Unicode char U+013A (decimal 314)
   defining Unicode char U+013D (decimal 317)
   defining Unicode char U+013E (decimal 318)
   defining Unicode char U+0141 (decimal 321)
   defining Unicode char U+0142 (decimal 322)
   defining Unicode char U+0143 (decimal 323)
   defining Unicode char U+0144 (decimal 324)
   defining Unicode char U+0147 (decimal 327)
   defining Unicode char U+0148 (decimal 328)
   defining Unicode char U+014A (decimal 330)
   defining Unicode char U+014B (decimal 331)
   defining Unicode char U+0150 (decimal 336)
   defining Unicode char U+0151 (decimal 337)
   defining Unicode char U+0152 (decimal 338)
   defining Unicode char U+0153 (decimal 339)
   defining Unicode char U+0154 (decimal 340)
   defining Unicode char U+0155 (decimal 341)
   defining Unicode char U+0158 (decimal 344)
   defining Unicode char U+0159 (decimal 345)
   defining Unicode char U+015A (decimal 346)
   defining Unicode char U+015B (decimal 347)
   defining Unicode char U+015E (decimal 350)
   defining Unicode char U+015F (decimal 351)
   defining Unicode char U+0160 (decimal 352)
   defining Unicode char U+0161 (decimal 353)
   defining Unicode char U+0162 (decimal 354)
   defining Unicode char U+0163 (decimal 355)
   defining Unicode char U+0164 (decimal 356)
   defining Unicode char U+0165 (decimal 357)
   defining Unicode char U+016E (decimal 366)
   defining Unicode char U+016F (decimal 367)
   defining Unicode char U+0170 (decimal 368)
   defining Unicode char U+0171 (decimal 369)
   defining Unicode char U+0178 (decimal 376)
   defining Unicode char U+0179 (decimal 377)
   defining Unicode char U+017A (decimal 378)
   defining Unicode char U+017B (decimal 379)
   defining Unicode char U+017C (decimal 380)
   defining Unicode char U+017D (decimal 381)
   defining Unicode char U+017E (decimal 382)
   defining Unicode char U+200C (decimal 8204)
   defining Unicode char U+2013 (decimal 8211)
   defining Unicode char U+2014 (decimal 8212)
   defining Unicode char U+2018 (decimal 8216)
   defining Unicode char U+2019 (decimal 8217)
   defining Unicode char U+201A (decimal 8218)
   defining Unicode char U+201C (decimal 8220)
   defining Unicode char U+201D (decimal 8221)
   defining Unicode char U+201E (decimal 8222)
   defining Unicode char U+2030 (decimal 8240)
   defining Unicode char U+2031 (decimal 8241)
   defining Unicode char U+2039 (decimal 8249)
   defining Unicode char U+203A (decimal 8250)
   defining Unicode char U+2423 (decimal 9251)
)
Now handling font encoding OT1 ...
... processing UTF-8 mapping file for font encoding OT1

(C:\Users\ande01\MikTex\tex\latex\base\ot1enc.dfu
File: ot1enc.dfu 2008/04/05 v1.1m UTF-8 support for inputenc
   defining Unicode char U+00A1 (decimal 161)
   defining Unicode char U+00A3 (decimal 163)
   defining Unicode char U+00B8 (decimal 184)
   defining Unicode char U+00BF (decimal 191)
   defining Unicode char U+00C5 (decimal 197)
   defining Unicode char U+00C6 (decimal 198)
   defining Unicode char U+00D8 (decimal 216)
   defining Unicode char U+00DF (decimal 223)
   defining Unicode char U+00E6 (decimal 230)
   defining Unicode char U+00EC (decimal 236)
   defining Unicode char U+00ED (decimal 237)
   defining Unicode char U+00EE (decimal 238)
   defining Unicode char U+00EF (decimal 239)
   defining Unicode char U+00F8 (decimal 248)
   defining Unicode char U+0131 (decimal 305)
   defining Unicode char U+0141 (decimal 321)
   defining Unicode char U+0142 (decimal 322)
   defining Unicode char U+0152 (decimal 338)
   defining Unicode char U+0153 (decimal 339)
   defining Unicode char U+2013 (decimal 8211)
   defining Unicode char U+2014 (decimal 8212)
   defining Unicode char U+2018 (decimal 8216)
   defining Unicode char U+2019 (decimal 8217)
   defining Unicode char U+201C (decimal 8220)
   defining Unicode char U+201D (decimal 8221)
)
Now handling font encoding OMS ...
... processing UTF-8 mapping file for font encoding OMS

(C:\Users\ande01\MikTex\tex\latex\base\omsenc.dfu
File: omsenc.dfu 2008/04/05 v1.1m UTF-8 support for inputenc
   defining Unicode char U+00A7 (decimal 167)
   defining Unicode char U+00B6 (decimal 182)
   defining Unicode char U+00B7 (decimal 183)
   defining Unicode char U+2020 (decimal 8224)
   defining Unicode char U+2021 (decimal 8225)
   defining Unicode char U+2022 (decimal 8226)
)
Now handling font encoding OMX ...
... no UTF-8 mapping file for font encoding OMX
Now handling font encoding U ...
... no UTF-8 mapping file for font encoding U
Now handling font encoding PD1 ...
... no UTF-8 mapping file for font encoding PD1
Now handling font encoding PU ...
... no UTF-8 mapping file for font encoding PU
Now handling font encoding TS1 ...
... processing UTF-8 mapping file for font encoding TS1

(C:\Users\ande01\MikTex\tex\latex\base\ts1enc.dfu
File: ts1enc.dfu 2008/04/05 v1.1m UTF-8 support for inputenc
   defining Unicode char U+00A2 (decimal 162)
   defining Unicode char U+00A3 (decimal 163)
   defining Unicode char U+00A4 (decimal 164)
   defining Unicode char U+00A5 (decimal 165)
   defining Unicode char U+00A6 (decimal 166)
   defining Unicode char U+00A7 (decimal 167)
   defining Unicode char U+00A8 (decimal 168)
   defining Unicode char U+00A9 (decimal 169)
   defining Unicode char U+00AA (decimal 170)
   defining Unicode char U+00AC (decimal 172)
   defining Unicode char U+00AE (decimal 174)
   defining Unicode char U+00AF (decimal 175)
   defining Unicode char U+00B0 (decimal 176)
   defining Unicode char U+00B1 (decimal 177)
   defining Unicode char U+00B2 (decimal 178)
   defining Unicode char U+00B3 (decimal 179)
   defining Unicode char U+00B4 (decimal 180)
   defining Unicode char U+00B5 (decimal 181)
   defining Unicode char U+00B6 (decimal 182)
   defining Unicode char U+00B7 (decimal 183)
   defining Unicode char U+00B9 (decimal 185)
   defining Unicode char U+00BA (decimal 186)
   defining Unicode char U+00BC (decimal 188)
   defining Unicode char U+00BD (decimal 189)
   defining Unicode char U+00BE (decimal 190)
   defining Unicode char U+00D7 (decimal 215)
   defining Unicode char U+00F7 (decimal 247)
   defining Unicode char U+0192 (decimal 402)
   defining Unicode char U+02C7 (decimal 711)
   defining Unicode char U+02D8 (decimal 728)
   defining Unicode char U+02DD (decimal 733)
   defining Unicode char U+0E3F (decimal 3647)
   defining Unicode char U+2016 (decimal 8214)
   defining Unicode char U+2020 (decimal 8224)
   defining Unicode char U+2021 (decimal 8225)
   defining Unicode char U+2022 (decimal 8226)
   defining Unicode char U+2030 (decimal 8240)
   defining Unicode char U+2031 (decimal 8241)
   defining Unicode char U+203B (decimal 8251)
   defining Unicode char U+203D (decimal 8253)
   defining Unicode char U+2044 (decimal 8260)
   defining Unicode char U+204E (decimal 8270)
   defining Unicode char U+2052 (decimal 8274)
   defining Unicode char U+20A1 (decimal 8353)
   defining Unicode char U+20A4 (decimal 8356)
   defining Unicode char U+20A6 (decimal 8358)
   defining Unicode char U+20A9 (decimal 8361)
   defining Unicode char U+20AB (decimal 8363)
   defining Unicode char U+20AC (decimal 8364)
   defining Unicode char U+20B1 (decimal 8369)
   defining Unicode char U+2103 (decimal 8451)
   defining Unicode char U+2116 (decimal 8470)
   defining Unicode char U+2117 (decimal 8471)
   defining Unicode char U+211E (decimal 8478)
   defining Unicode char U+2120 (decimal 8480)
   defining Unicode char U+2122 (decimal 8482)
   defining Unicode char U+2126 (decimal 8486)
   defining Unicode char U+2127 (decimal 8487)
   defining Unicode char U+212E (decimal 8494)
   defining Unicode char U+2190 (decimal 8592)
   defining Unicode char U+2191 (decimal 8593)
   defining Unicode char U+2192 (decimal 8594)
   defining Unicode char U+2193 (decimal 8595)
   defining Unicode char U+2329 (decimal 9001)
   defining Unicode char U+232A (decimal 9002)
   defining Unicode char U+2422 (decimal 9250)
   defining Unicode char U+25E6 (decimal 9702)
   defining Unicode char U+25EF (decimal 9711)
   defining Unicode char U+266A (decimal 9834)
)
   defining Unicode char U+00A9 (decimal 169)
   defining Unicode char U+00AA (decimal 170)
   defining Unicode char U+00AE (decimal 174)
   defining Unicode char U+00BA (decimal 186)
   defining Unicode char U+02C6 (decimal 710)
   defining Unicode char U+02DC (decimal 732)
   defining Unicode char U+200C (decimal 8204)
   defining Unicode char U+2026 (decimal 8230)
   defining Unicode char U+2122 (decimal 8482)
   defining Unicode char U+2423 (decimal 9251)
))
(C:\Users\ande01\MikTex\tex\generic\babel\babel.sty
Package: babel 2008/07/08 v3.8m The Babel package

*************************************
* Local config file bblopts.cfg used
*
(C:\Users\ande01\MikTex\tex\latex\00miktex\bblopts.cfg
File: bblopts.cfg 2006/07/31 v1.0 MiKTeX 'babel' configuration
)
(C:\Users\ande01\MikTex\tex\generic\babel\english.ldf
Language: english 2005/03/30 v3.3o English support from the babel system

(C:\Users\ande01\MikTex\tex\generic\babel\babel.def
File: babel.def 2008/07/08 v3.8m Babel common definitions
\babel@savecnt=\count185
\U@D=\dimen220
)
\l@canadian = a dialect from \language\l@american 
\l@australian = a dialect from \language\l@british 
\l@newzealand = a dialect from \language\l@british 
))
\c@thm=\count186
Package hyperref Info: Option `colorlinks' set `true' on input line 53.

(C:\Users\ande01\Documents\Thesis\dissertation\Thesis.aux

LaTeX Warning: Label `fig:itemsetLattice' multiply defined.


LaTeX Warning: Label `alg4' multiply defined.


LaTeX Warning: Label `ch:intro' multiply defined.

)
LaTeX Font Info:    Checking defaults for OML/cmm/m/it on input line 60.
LaTeX Font Info:    ... okay on input line 60.
LaTeX Font Info:    Checking defaults for T1/cmr/m/n on input line 60.
LaTeX Font Info:    ... okay on input line 60.
LaTeX Font Info:    Checking defaults for OT1/cmr/m/n on input line 60.
LaTeX Font Info:    ... okay on input line 60.
LaTeX Font Info:    Checking defaults for OMS/cmsy/m/n on input line 60.
LaTeX Font Info:    ... okay on input line 60.
LaTeX Font Info:    Checking defaults for OMX/cmex/m/n on input line 60.
LaTeX Font Info:    ... okay on input line 60.
LaTeX Font Info:    Checking defaults for U/cmr/m/n on input line 60.
LaTeX Font Info:    ... okay on input line 60.
LaTeX Font Info:    Checking defaults for PD1/pdf/m/n on input line 60.
LaTeX Font Info:    ... okay on input line 60.
LaTeX Font Info:    Checking defaults for PU/pdf/m/n on input line 60.
LaTeX Font Info:    ... okay on input line 60.
LaTeX Font Info:    Checking defaults for TS1/cmr/m/n on input line 60.
LaTeX Font Info:    Try loading font information for TS1+cmr on input line 60.
 (C:\Users\ande01\MikTex\tex\latex\base\ts1cmr.fd
File: ts1cmr.fd 1999/05/25 v2.5h Standard LaTeX font definitions
)
LaTeX Font Info:    ... okay on input line 60.
LaTeX Font Info:    Try loading font information for T1+lmr on input line 60.

(C:\Users\ande01\MikTex\tex\latex\lm\t1lmr.fd
File: t1lmr.fd 2009/10/30 v1.6 Font defs for Latin Modern
)
Package caption Info: Begin \AtBeginDocument code.
Package caption Info: hyperref package is loaded.
Package caption Info: listings package is loaded.
Package caption Info: longtable package is loaded.

(C:\Users\ande01\MikTex\tex\latex\caption\ltcaption.sty
Package: ltcaption 2011/09/12 v1.3 longtable captions (AR)
)
Package caption Info: rotating package is loaded.
Package caption Info: subfigure package is loaded.
Package caption Info: End \AtBeginDocument code.

(C:\Users\ande01\MikTex\tex\context\base\supp-pdf.mkii
[Loading MPS to PDF converter (version 2006.09.02).]
\scratchcounter=\count187
\scratchdimen=\dimen221
\scratchbox=\box56
\nofMPsegments=\count188
\nofMParguments=\count189
\everyMPshowfont=\toks52
\MPscratchCnt=\count190
\MPscratchDim=\dimen222
\MPnumerator=\count191
\makeMPintoPDFobject=\count192
\everyMPtoPDFconversion=\toks53
)
\c@lstlisting=\count193
\AtBeginShipoutBox=\box57
Package hyperref Info: Link coloring ON on input line 60.
 (C:\Users\ande01\MikTex\tex\latex\hyperref\nameref.sty
Package: nameref 2010/04/30 v2.40 Cross-referencing by name of section

(C:\Users\ande01\MikTex\tex\generic\oberdiek\gettitlestring.sty
Package: gettitlestring 2010/12/03 v1.4 Cleanup title references (HO)
)
\c@section@level=\count194
)
LaTeX Info: Redefining \ref on input line 60.
LaTeX Info: Redefining \pageref on input line 60.
LaTeX Info: Redefining \nameref on input line 60.

(C:\Users\ande01\Documents\Thesis\dissertation\Thesis.out)
(C:\Users\ande01\Documents\Thesis\dissertation\Thesis.out)
\@outlinefile=\write4

ABD: EveryShipout initializing macros
! Package pgfplots Warning: running in backwards compatibility mode (unsuitable
 tick labels; missing features). Consider writing \pgfplotsset{compat=1.7} into
 your preamble.

LaTeX Info: Redefining \microtypecontext on input line 60.
Package microtype Info: Generating PDF output.
Package microtype Info: Character protrusion enabled (level 2).
Package microtype Info: Using default protrusion set `alltext'.
Package microtype Info: Automatic font expansion enabled (level 2),
(microtype)             stretch: 20, shrink: 20, step: 1, non-selected.
Package microtype Info: Using default expansion set `basictext'.
Package microtype Info: No tracking.
Package microtype Info: No adjustment of interword spacing.
Package microtype Info: No adjustment of character kerning.
(C:\Users\ande01\MikTex\tex\latex\microtype\mt-cmr.cfg
File: mt-cmr.cfg 2009/11/09 v2.0 microtype config. file: Computer Modern Roman 
(RS)
)

Package ps4pdf Warning: Graphic container `Thesis-pics.pdf' not found.

------------------------------------------------------------------------------
 Title Page
------------------------------------------------------------------------------
<minerva.pdf, id=206, 146.5475pt x 146.5475pt>
File: minerva.pdf Graphic file (type pdf)
 <use minerva.pdf>
Package pdftex.def Info: minerva.pdf used on input line 75.
(pdftex.def)             Requested size: 71.13188pt x 71.13133pt.
LaTeX Font Info:    Try loading font information for OT1+lmr on input line 75.

(C:\Users\ande01\MikTex\tex\latex\lm\ot1lmr.fd
File: ot1lmr.fd 2009/10/30 v1.6 Font defs for Latin Modern
)
LaTeX Font Info:    Try loading font information for OML+lmm on input line 75.

(C:\Users\ande01\MikTex\tex\latex\lm\omllmm.fd
File: omllmm.fd 2009/10/30 v1.6 Font defs for Latin Modern
)
LaTeX Font Info:    Try loading font information for OMS+lmsy on input line 75.


(C:\Users\ande01\MikTex\tex\latex\lm\omslmsy.fd
File: omslmsy.fd 2009/10/30 v1.6 Font defs for Latin Modern
)
LaTeX Font Info:    Try loading font information for OMX+lmex on input line 75.


(C:\Users\ande01\MikTex\tex\latex\lm\omxlmex.fd
File: omxlmex.fd 2009/10/30 v1.6 Font defs for Latin Modern
)
LaTeX Font Info:    External font `lmex10' loaded for size
(Font)              <10.95> on input line 75.
LaTeX Font Info:    External font `lmex10' loaded for size
(Font)              <8> on input line 75.
LaTeX Font Info:    External font `lmex10' loaded for size
(Font)              <6> on input line 75.
LaTeX Font Info:    Try loading font information for U+msa on input line 75.

(C:\Users\ande01\MikTex\tex\latex\amsfonts\umsa.fd
File: umsa.fd 2009/06/22 v3.00 AMS symbols A
)
(C:\Users\ande01\MikTex\tex\latex\microtype\mt-msa.cfg
File: mt-msa.cfg 2006/02/04 v1.1 microtype config. file: AMS symbols (a) (RS)
)
LaTeX Font Info:    Try loading font information for U+msb on input line 75.

(C:\Users\ande01\MikTex\tex\latex\amsfonts\umsb.fd
File: umsb.fd 2009/06/22 v3.00 AMS symbols B
)
(C:\Users\ande01\MikTex\tex\latex\microtype\mt-msb.cfg
File: mt-msb.cfg 2005/06/01 v1.0 microtype config. file: AMS symbols (b) (RS)
)
Overfull \hbox (12.49623pt too wide) in paragraph at lines 75--75
 [][] 
 []

<eule-rz.pdf, id=207, 85.31876pt x 85.31876pt>
File: eule-rz.pdf Graphic file (type pdf)
 <use eule-rz.pdf>
Package pdftex.def Info: eule-rz.pdf used on input line 75.
(pdftex.def)             Requested size: 71.13188pt x 71.13608pt.
 [1



{C:/Users/ande01/AppData/Local/MiKTeX/2.9/pdftex/config/pdftex.map} <C:/Users/a
nde01/Documents/Thesis/dissertation/minerva.pdf> <C:/Users/ande01/Documents/The
sis/dissertation/eule-rz.pdf>] [2

]
(C:\Users\ande01\Documents\Thesis\dissertation\Presections\declaration.tex
Underfull \hbox (badness 10000) in paragraph at lines 2--5

 []


Underfull \hbox (badness 10000) in paragraph at lines 9--11

 []


Underfull \hbox (badness 10000) in paragraph at lines 12--15

 []

LaTeX Font Info:    Try loading font information for T1+lmss on input line 21.
(C:\Users\ande01\MikTex\tex\latex\lm\t1lmss.fd
File: t1lmss.fd 2009/10/30 v1.6 Font defs for Latin Modern
) [3])
(C:\Users\ande01\Documents\Thesis\dissertation\Presections/dedication.tex
[4

]) (C:\Users\ande01\Documents\Thesis\dissertation\Presections/abstract.tex
[5

]
------------------------------------------------------------------------------
 Abstract Page
------------------------------------------------------------------------------
[6

])
(C:\Users\ande01\Documents\Thesis\dissertation\Presections/acknowledgement.tex
[7

]
------------------------------------------------------------------------------
 Acknowledgements
------------------------------------------------------------------------------
[8

])
------------------------------------------------------------------------------
 Table of Contents
------------------------------------------------------------------------------
(C:\Users\ande01\Documents\Thesis\dissertation\Thesis.toc [9


])
\tf@toc=\write5
 [10]
(C:\Users\ande01\Documents\Thesis\dissertation\Chapters\introduction.tex
Chapter 1.
------------------------------------------------------------------------------
 1 Introduction
------------------------------------------------------------------------------
LaTeX Font Info:    Try loading font information for TS1+lmr on input line 29.
(C:\Users\ande01\MikTex\tex\latex\lm\ts1lmr.fd
File: ts1lmr.fd 2009/10/30 v1.6 Font defs for Latin Modern
) [1




]
Overfull \hbox (11.89296pt too wide) in paragraph at lines 43--46
\T1/lmr/m/it/10.95 (-20) Wash-ing-ton, D.C.\T1/lmr/m/n/10.95 (-20) , we could t
hen ap-ply this soft rule to de-rive the fact \T1/lmr/m/it/10.95 (-20) livesIn(
MichelleObama,
 []

[2] [3] [4])
(C:\Users\ande01\Documents\Thesis\dissertation\Chapters\relatedwork.tex
[5] [6

]
Chapter 2.
------------------------------------------------------------------------------
 2 Related Work
------------------------------------------------------------------------------
[7] [8]

Package caption Warning: \label without proper \caption on input line 97.
See the caption package documentation for explanation.


LaTeX Warning: Reference `tb:ilpExample' on page 9 undefined on input line 91.

[9]
Overfull \hbox (71.20901pt too wide) in paragraph at lines 133--136
[]\T1/lmr/m/n/10.95 (-20) For ex-am-ple, for $\OML/lmm/m/it/10.95 c \OT1/lmr/m/
n/10.95 (-20) = \OML/lmm/m/it/10.95 daughter\OT1/lmr/m/n/10.95 (-20) (\OML/lmm/
m/it/10.95 X; Y\OT1/lmr/m/n/10.95 (-20) )$\T1/lmr/m/n/10.95 (-20) :-$\OML/lmm/m
/it/10.95 parent\OT1/lmr/m/n/10.95 (-20) (\OML/lmm/m/it/10.95 Y; X\OT1/lmr/m/n/
10.95 (-20) )$ \T1/lmr/m/n/10.95 (-20) and $\OML/lmm/m/it/10.95 c[] \OT1/lmr/m/
n/10.95 (-20) = \OML/lmm/m/it/10.95 daughter\OT1/lmr/m/n/10.95 (-20) (\OML/lmm/
m/it/10.95 X; Y\OT1/lmr/m/n/10.95 (-20) )$\T1/lmr/m/n/10.95 (-20) :-$\OML/lmm/m
/it/10.95 female\OT1/lmr/m/n/10.95 (-20) (\OML/lmm/m/it/10.95 X\OT1/lmr/m/n/10.
95 (-20) )\OML/lmm/m/it/10.95 ; parent\OT1/lmr/m/n/10.95 (-20) (\OML/lmm/m/it/1
0.95 Y; X\OT1/lmr/m/n/10.95 (-20) )$\T1/lmr/m/n/10.95 (-20) .
 []


Overfull \hbox (70.90633pt too wide) in paragraph at lines 133--136
\T1/lmr/m/n/10.95 (-20) We know that $\OML/lmm/m/it/10.95 c[]$ \T1/lmr/m/n/10.9
5 (-20) is a spe-cial-iza-tion of $\OML/lmm/m/it/10.95 c$ \T1/lmr/m/n/10.95 (-2
0) be-cause for $\OML/lmm/m/it/10.95  \OT1/lmr/m/n/10.95 (-20) = \OMS/lmsy/m/n
/10.95 ;$\T1/lmr/m/n/10.95 (-20) , $\OML/lmm/m/it/10.95 c \OMS/lmsy/m/n/10.95 
 \OML/lmm/m/it/10.95 c[]$ \T1/lmr/m/n/10.95 (-20) since $\OMS/lmsy/m/n/10.95 f\
OML/lmm/m/it/10.95 daughter\OT1/lmr/m/n/10.95 (-20) (\OML/lmm/m/it/10.95 X; Y\O
T1/lmr/m/n/10.95 (-20) )\OML/lmm/m/it/10.95 ; \OMS/lmsy/m/n/10.95 :\OML/lmm/m/i
t/10.95 parent\OT1/lmr/m/n/10.95 (-20) (\OML/lmm/m/it/10.95 Y; X\OT1/lmr/m/n/10
.95 (-20) )\OMS/lmsy/m/n/10.95 g 
 []


Overfull \hbox (27.78976pt too wide) in paragraph at lines 137--140
[]\T1/lmr/m/n/10.95 (-20) If we have $\OML/lmm/m/it/10.95 c \OT1/lmr/m/n/10.95 
(-20) = \OML/lmm/m/it/10.95 livesIn\OT1/lmr/m/n/10.95 (-20) (\OML/lmm/m/it/10.9
5 X; Y\OT1/lmr/m/n/10.95 (-20) )$\T1/lmr/m/n/10.95 (-20) :-$\OML/lmm/m/it/10.95
 marriedTo\OT1/lmr/m/n/10.95 (-20) (\OML/lmm/m/it/10.95 X; Z\OT1/lmr/m/n/10.95 
(-20) )\OML/lmm/m/it/10.95 ; livesIn\OT1/lmr/m/n/10.95 (-20) (\OML/lmm/m/it/10.
95 Z; Y\OT1/lmr/m/n/10.95 (-20) )$ \T1/lmr/m/n/10.95 (-20) and $\OML/lmm/m/it/1
0.95 c[] \OT1/lmr/m/n/10.95 (-20) = \OML/lmm/m/it/10.95 livesIn\OT1/lmr/m/n/10.
95 (-20) (\OML/lmm/m/it/10.95 X; germany\OT1/lmr/m/n/10.95 (-20) )$\T1/lmr/m/n/
10.95 (-20) :-
 []

[10]
LaTeX Font Info:    Try loading font information for T1+lmtt on input line 187.

 (C:\Users\ande01\MikTex\tex\latex\lm\t1lmtt.fd
File: t1lmtt.fd 2009/10/30 v1.6 Font defs for Latin Modern
)

Package natbib Warning: Citation `DBLP:conf/aii/LavracD92' on page 11 undefined
 on input line 206.

[11]

Package natbib Warning: Citation `DBLP:journals/ngc/GottlobLS99' on page 12 und
efined on input line 229.


Package natbib Warning: Citation `DBLP:journals/ml/Quinlan9' on page 12 undefin
ed on input line 243.


Package natbib Warning: Citation `DBLP:conf/ecml/QuinlanC93' on page 12 undefin
ed on input line 244.


Package natbib Warning: Citation `Agrawal:1993:MAR:170036.170072' on page 12 un
defined on input line 247.


Package natbib Warning: Citation `Hipp00algorithmsfor' on page 12 undefined on 
input line 248.

[12] [13]

Package caption Warning: \label without proper \caption on input line 335.
See the caption package documentation for explanation.


LaTeX Warning: Reference `tb:itemsetLattice' on page 14 undefined on input line
 327.

LaTeX Font Info:    External font `lmex10' loaded for size
(Font)              <10> on input line 347.
LaTeX Font Info:    External font `lmex10' loaded for size
(Font)              <7> on input line 347.
LaTeX Font Info:    External font `lmex10' loaded for size
(Font)              <5> on input line 347.

Package natbib Warning: Citation `Pasquier99efficientmining' on page 14 undefin
ed on input line 347.


Package natbib Warning: Citation `Pasquier99efficientmining' on page 14 undefin
ed on input line 347.


Overfull \hbox (1.42247pt too wide) in paragraph at lines 417--419
 [][] 
 []


LaTeX Warning: `!h' float specifier changed to `!ht'.

[14] [15]

Package caption Warning: \label without proper \caption on input line 335.
See the caption package documentation for explanation.


LaTeX Warning: Reference `tb:itemsetLattice' on page 16 undefined on input line
 461.

[16] [17] [18]

LaTeX Warning: Reference `eq:jDiv' on page 19 undefined on input line 594.


LaTeX Warning: Reference `eq:jensenShannon' on page 19 undefined on input line 
595.


Package natbib Warning: Citation `Vinh:2010:ITM:1953011.1953024' on page 19 und
efined on input line 626.

[19]

Package caption Warning: \label without proper \caption on input line 622.
See the caption package documentation for explanation.


LaTeX Warning: Reference `fig:sematicWebLayer' on page 20 undefined on input li
ne 636.

LaTeX Font Info:    External font `lmex10' loaded for size
(Font)              <9> on input line 637.
<./Figures/Semantic-web-stack.png, id=451, 395.4775pt x 431.6125pt>
File: ./Figures/Semantic-web-stack.png Graphic file (type png)

<use ./Figures/Semantic-web-stack.png>
Package pdftex.def Info: ./Figures/Semantic-web-stack.png used on input line 64
3.
(pdftex.def)             Requested size: 208.73653pt x 227.81175pt.
 [20 <C:/Users/ande01/Documents/Thesis/dissertation/Figures/Semantic-web-stack.
png>]

Package caption Warning: \label without proper \caption on input line 673.
See the caption package documentation for explanation.


LaTeX Warning: Reference `fig:lod' on page 21 undefined on input line 688.

[21]
<./Figures/lod-datasets_2011-09-19.png, id=487, 1706.375pt x 1125.20375pt>
File: ./Figures/lod-datasets_2011-09-19.png Graphic file (type png)

<use ./Figures/lod-datasets_2011-09-19.png>
Package pdftex.def Info: ./Figures/lod-datasets_2011-09-19.png used on input li
ne 694.
(pdftex.def)             Requested size: 417.47307pt x 275.27385pt.
)
(C:\Users\ande01\Documents\Thesis\dissertation\Chapters\main.tex [22 <C:/Users/
ande01/Documents/Thesis/dissertation/Figures/lod-datasets_2011-09-19.png>]
Chapter 3.
------------------------------------------------------------------------------
 3 Learning Rules With Numerical and Categorical Attributes
------------------------------------------------------------------------------
[23

]

Package caption Warning: \label without proper \caption on input line 41.
See the caption package documentation for explanation.


LaTeX Warning: Reference `interestingnessExample' on page 24 undefined on input
 line 37.


Package caption Warning: \label without proper \caption on input line 96.
See the caption package documentation for explanation.


LaTeX Warning: Reference `interestingnessDistribution' on page 24 undefined on 
input line 92.

[24] [25]
Underfull \hbox (badness 10000) in paragraph at lines 210--212

 []

[26] [27]

LaTeX Warning: `!h' float specifier changed to `!ht'.


LaTeX Warning: `!h' float specifier changed to `!ht'.

[28] [29] [30]
Underfull \hbox (badness 10000) in paragraph at lines 465--469

 []


Underfull \hbox (badness 10000) in paragraph at lines 470--474

 []


Underfull \hbox (badness 10000) in paragraph at lines 475--476

 []

[31]
Underfull \hbox (badness 10000) in paragraph at lines 477--481

 []

(C:\Users\ande01\Documents\Thesis\dissertation\Chapters\graph1.tex)
Overfull \hbox (23.53589pt too wide) in paragraph at lines 491--493
 [][] 
 []

[32] [33] [34] [35] [36] [37] [38] [39]

LaTeX Warning: `!h' float specifier changed to `!ht'.

)
(C:\Users\ande01\Documents\Thesis\dissertation\Chapters\algorithmic-framework.t
ex [40] [41] [42

]
Chapter 4.
------------------------------------------------------------------------------
 4 Algorithmic Framework
------------------------------------------------------------------------------
[43]
Overfull \hbox (34.39864pt too wide) in paragraph at lines 42--43
[]\T1/lmr/m/n/10.95 (-20) With such query, it's pos-si-ble to ex-tract a his-to
gram for the node \T1/lmr/m/it/10.95 (-20) has-In-come(x,y)hasEducation(x,z)
 []


Underfull \hbox (badness 10000) in paragraph at lines 54--65

 []

[44]) (C:\Users\ande01\Documents\Thesis\dissertation\Chapters\experiments.tex
[45] [46

]
Chapter 5.
------------------------------------------------------------------------------
 5 Experiments
------------------------------------------------------------------------------
Package microtype Info: Character `029' is missing
(microtype)             in font `T1/lmr/m/sc/10.95'.
(microtype)             Ignoring protrusion settings for this character.
)
------------------------------------------------------------------------------
 List of Figures
------------------------------------------------------------------------------
[47] [48] [49] [50

] (C:\Users\ande01\Documents\Thesis\dissertation\Thesis.lof)
\tf@lof=\write6

[51] [52

]
------------------------------------------------------------------------------
 List of Tables
------------------------------------------------------------------------------
(C:\Users\ande01\Documents\Thesis\dissertation\Thesis.lot

Package natbib Warning: Citation `Pasquier99efficientmining' on page 53 undefin
ed on input line 5.

)
\tf@lot=\write7
 [53

] [54

]
------------------------------------------------------------------------------
 Bibliography
------------------------------------------------------------------------------
(C:\Users\ande01\Documents\Thesis\dissertation\Thesis.bbl [55


])

Package natbib Warning: There were undefined citations.


Package ps4pdf Warning: `Thesis-pics.pdf' is no more valid.

Package atveryend Info: Empty hook `BeforeClearDocument' on input line 195.
[56]
Package atveryend Info: Empty hook `AfterLastShipout' on input line 195.
 (C:\Users\ande01\Documents\Thesis\dissertation\Thesis.aux)
Package atveryend Info: Executing hook `AtVeryEndDocument' on input line 195.


 *File List*
  Thesis.cls    2007/22/02 v1.0 LaTeX document class
    book.cls    2007/10/19 v1.4h Standard LaTeX document class
    bk11.clo    2007/10/19 v1.4h Standard LaTeX file (size option)
setspace.sty    2011/12/19 v6.7a set line spacing
 vmargin.sty    1999/06/01
fancyhdr.sty    
 amsmath.sty    2000/07/18 v2.13 AMS math features
 amstext.sty    2000/06/29 v2.01
  amsgen.sty    1999/11/30 v2.0
  amsbsy.sty    1999/11/29 v1.2d
  amsopn.sty    1999/12/14 v2.01 operator names
amsfonts.sty    2009/06/22 v3.00 Basic AMSFonts support
 amssymb.sty    2009/06/22 v3.00
   amscd.sty    1999/11/29 v2.0
  amsthm.sty    2004/08/06 v2.20
  xspace.sty    2009/10/20 v1.13 Space after command names (DPC,MH)
 caption.sty    2012/02/19 v3.2f Customizing captions (AR)
caption3.sty    2012/01/12 v1.4b caption3 kernel (AR)
  keyval.sty    1999/03/16 v1.13 key=value parser (DPC)
graphicx.sty    1999/02/16 v1.0f Enhanced LaTeX Graphics (DPC,SPQR)
graphics.sty    2009/02/05 v1.0o Standard LaTeX Graphics (DPC,SPQR)
    trig.sty    1999/03/16 v1.09 sin cos tan (DPC)
graphics.cfg    2007/01/18 v1.5 graphics configuration of teTeX/TeXLive
  pdftex.def    2011/05/27 v0.06d Graphics/color for pdfTeX
infwarerr.sty    2010/04/08 v1.3 Providing info/warning/error messages (HO)
 ltxcmds.sty    2011/11/09 v1.22 LaTeX kernel commands for general use (HO)
epstopdf.sty    2010/02/09 v2.5 Conversion with epstopdf on the fly (HO)
epstopdf-base.sty    2010/02/09 v2.5 Base part for package epstopdf
  grfext.sty    2010/08/19 v1.1 Manage graphics extensions (HO)
kvdefinekeys.sty    2011/04/07 v1.3 Define keys (HO)
kvoptions.sty    2011/06/30 v3.11 Key value format for package options (HO)
kvsetkeys.sty    2012/04/25 v1.16 Key value parser (HO)
etexcmds.sty    2011/02/16 v1.5 Avoid name clashes with e-TeX commands (HO)
ifluatex.sty    2010/03/01 v1.3 Provides the ifluatex switch (HO)
pdftexcmds.sty    2011/11/29 v0.20 Utility functions of pdfTeX for LuaTeX (HO)
   ifpdf.sty    2011/01/30 v2.3 Provides the ifpdf switch (HO)
subfigure.sty    2002/07/30 v2.1.4 subfigure package
subfigure.cfg
booktabs.sty    2005/04/14 v1.61803 publication quality tables
rotating.sty    2009/03/28 v2.16a rotated objects in LaTeX
  ifthen.sty    2001/05/26 v1.1c Standard LaTeX ifthen package (DPC)
listings.sty    2007/02/22 1.4 (Carsten Heinz)
lstpatch.sty    
 lstmisc.sty    2007/02/22 1.4 (Carsten Heinz)
listings.cfg    2007/02/22 1.4 listings configuration
lstpatch.sty    
hyperref.sty    2012/05/13 v6.82q Hypertext links for LaTeX
hobsub-hyperref.sty    2012/04/25 v1.12 Bundle oberdiek, subset hyperref (HO)
hobsub-generic.sty    2012/04/25 v1.12 Bundle oberdiek, subset generic (HO)
  hobsub.sty    2012/04/25 v1.12 Construct package bundles (HO)
  ifvtex.sty    2010/03/01 v1.5 Detect VTeX and its facilities (HO)
 intcalc.sty    2007/09/27 v1.1 Expandable calculations with integers (HO)
pdfescape.sty    2011/11/25 v1.13 Implements pdfTeX's escape features (HO)
bigintcalc.sty    2012/04/08 v1.3 Expandable calculations on big integers (HO)
  bitset.sty    2011/01/30 v1.1 Handle bit-vector datatype (HO)
uniquecounter.sty    2011/01/30 v1.2 Provide unlimited unique counter (HO)
letltxmacro.sty    2010/09/02 v1.4 Let assignment for LaTeX macros (HO)
 hopatch.sty    2011/06/24 v1.1 Wrapper for package hooks (HO)
xcolor-patch.sty    2011/01/30 xcolor patch
atveryend.sty    2011/06/30 v1.8 Hooks at the very end of document (HO)
atbegshi.sty    2011/10/05 v1.16 At begin shipout hook (HO)
refcount.sty    2011/10/16 v3.4 Data extraction from label references (HO)
 hycolor.sty    2011/01/30 v1.7 Color options for hyperref/bookmark (HO)
 ifxetex.sty    2010/09/12 v0.6 Provides ifxetex conditional
  pd1enc.def    2012/05/13 v6.82q Hyperref: PDFDocEncoding definition (HO)
hyperref.cfg    2002/06/06 v1.2 hyperref configuration of TeXLive
   puenc.def    2012/05/13 v6.82q Hyperref: PDF Unicode definition (HO)
     url.sty    2006/04/12  ver 3.3  Verb mode for urls, etc.
 hpdftex.def    2012/05/13 v6.82q Hyperref driver for pdfTeX
rerunfilecheck.sty    2011/04/15 v1.7 Rerun checks for auxiliary files (HO)
longtable.sty    2004/02/01 v4.11 Multi-page Table package (DPC)
  natbib.sty    2010/09/13 8.31b (PWD, AO)
verbatim.sty    2003/08/22 v1.5q LaTeX2e package for verbatim enhancements
  vector.sty    1994/09/16 v1.0 vector macros for LaTeX2e (nde)
    calc.sty    2007/08/22 v4.3 Infix arithmetic (KKT,FJ)
    tikz.sty    2010/10/13 v2.10 (rcs-revision 1.76)
     pgf.sty    2008/01/15 v2.10 (rcs-revision 1.12)
  pgfrcs.sty    2010/10/25 v2.10 (rcs-revision 1.24)
everyshi.sty    2001/05/15 v3.00 EveryShipout Package (MS)
  pgfrcs.code.tex
 pgfcore.sty    2010/04/11 v2.10 (rcs-revision 1.7)
  pgfsys.sty    2010/06/30 v2.10 (rcs-revision 1.37)
  pgfsys.code.tex
pgfsyssoftpath.code.tex    2008/07/18  (rcs-revision 1.7)
pgfsysprotocol.code.tex    2006/10/16  (rcs-revision 1.4)
  xcolor.sty    2007/01/21 v2.11 LaTeX color extensions (UK)
   color.cfg    2007/01/18 v1.5 color configuration of teTeX/TeXLive
 pgfcore.code.tex
pgfcomp-version-0-65.sty    2007/07/03 v2.10 (rcs-revision 1.7)
pgfcomp-version-1-18.sty    2007/07/23 v2.10 (rcs-revision 1.1)
  pgffor.sty    2010/03/23 v2.10 (rcs-revision 1.18)
 pgfkeys.sty    
 pgfkeys.code.tex
  pgffor.code.tex
    tikz.code.tex
pgfplots.sty    2012/10/26 v1.7 Data Visualization (1.7-2-ge24fff4)
algorithm2e.sty    2008/00/00 v3.10 algorithms environments
 relsize.sty    2003/07/04 ver 3.1
algpseudocode.sty    
algorithmicx.sty    2005/04/27 v1.2 Algorithmicx
 fontenc.sty
   t1enc.def    2005/09/27 v1.99g Standard LaTeX file
venturis2.sty    2008/11/05 v1.004 VenturisADFNo2 PS
 fontenc.sty
   t1enc.def    2005/09/27 v1.99g Standard LaTeX file
textcomp.sty    2005/09/27 v1.99g Standard LaTeX package
  ts1enc.def    2001/06/05 v3.0e (jk/car/fm) Standard LaTeX file
nfssext-cfr.sty    2008/11/08 specially mangled by cfr; based on 2003/03/14 v1.
2 Experimental NFSS Extensions
 lmodern.sty    2009/10/30 v1.6 Latin Modern Fonts
microtype.sty    2010/01/10 v2.4 Micro-typography with pdfTeX (RS)
microtype.cfg    2010/01/10 v2.4 microtype main configuration file (RS)
  ps4pdf.sty    2005/02/11 v0.6i PS code for pdfTeX (RN/HO)
titlesec.sty    2011/12/15 v2.10.0 Sectioning titles
 sectsty.sty    2002/02/25 v2.0.2 Commands to change all sectional heading styl
es
inputenc.sty    2008/03/30 v1.1d Input encoding file
    utf8.def    2008/04/05 v1.1m UTF-8 support for inputenc
   t1enc.dfu    2008/04/05 v1.1m UTF-8 support for inputenc
  ot1enc.dfu    2008/04/05 v1.1m UTF-8 support for inputenc
  omsenc.dfu    2008/04/05 v1.1m UTF-8 support for inputenc
  ts1enc.dfu    2008/04/05 v1.1m UTF-8 support for inputenc
   babel.sty    2008/07/08 v3.8m The Babel package
 bblopts.cfg    2006/07/31 v1.0 MiKTeX 'babel' configuration
 english.ldf    2005/03/30 v3.3o English support from the babel system
  ts1cmr.fd    1999/05/25 v2.5h Standard LaTeX font definitions
   t1lmr.fd    2009/10/30 v1.6 Font defs for Latin Modern
ltcaption.sty    2011/09/12 v1.3 longtable captions (AR)
supp-pdf.mkii
 nameref.sty    2010/04/30 v2.40 Cross-referencing by name of section
gettitlestring.sty    2010/12/03 v1.4 Cleanup title references (HO)
  Thesis.out
  Thesis.out
  mt-cmr.cfg    2009/11/09 v2.0 microtype config. file: Computer Modern Roman (
RS)
 minerva.pdf    Graphic file (type pdf)
  ot1lmr.fd    2009/10/30 v1.6 Font defs for Latin Modern
  omllmm.fd    2009/10/30 v1.6 Font defs for Latin Modern
 omslmsy.fd    2009/10/30 v1.6 Font defs for Latin Modern
 omxlmex.fd    2009/10/30 v1.6 Font defs for Latin Modern
    umsa.fd    2009/06/22 v3.00 AMS symbols A
  mt-msa.cfg    2006/02/04 v1.1 microtype config. file: AMS symbols (a) (RS)
    umsb.fd    2009/06/22 v3.00 AMS symbols B
  mt-msb.cfg    2005/06/01 v1.0 microtype config. file: AMS symbols (b) (RS)
 eule-rz.pdf    Graphic file (type pdf)
./Presections/declaration.tex
  t1lmss.fd    2009/10/30 v1.6 Font defs for Latin Modern
Presections/dedication.tex
Presections/abstract.tex
Presections/acknowledgement.tex
./Chapters/introduction.tex
  ts1lmr.fd    2009/10/30 v1.6 Font defs for Latin Modern
./Chapters/relatedwork.tex
  t1lmtt.fd    2009/10/30 v1.6 Font defs for Latin Modern
./Figures/Semantic-web-stack.png
./Figures/lod-datasets_2011-09-19.png
./Chapters/main.tex
./Chapters/graph1.tex
./Chapters/algorithmic-framework.tex
./Chapters/experiments.tex
  Thesis.bbl
 ***********

Package atveryend Info: Executing hook `AtEndAfterFileList' on input line 195.

Package rerunfilecheck Warning: File `Thesis.out' has changed.
(rerunfilecheck)                Rerun to get outlines right
(rerunfilecheck)                or use package `bookmark'.

Package rerunfilecheck Info: Checksums for `Thesis.out':
(rerunfilecheck)             Before: A2E9C050EA2BB5E1CC7009ABA34C41AB;9455
(rerunfilecheck)             After:  CD6BC2789FBAE43A697F93A510338BF3;9644.

LaTeX Warning: There were undefined references.


LaTeX Warning: There were multiply-defined labels.

Package atveryend Info: Empty hook `AtVeryVeryEnd' on input line 195.
 ) 
Here is how much of TeX's memory you used:
 32659 strings out of 494045
 642136 string characters out of 3150398
 845139 words of memory out of 3000000
 34857 multiletter control sequences out of 15000+200000
 132088 words of font info for 169 fonts, out of 3000000 for 9000
 715 hyphenation exceptions out of 8191
 56i,20n,93p,787b,2116s stack positions out of 5000i,500n,10000p,200000b,50000s
pdfTeX warning (dest): name{figure.caption.121} has been referenced but does 
not exist, replaced by a fixed one

pdfTeX warning (dest): name{figure.caption.120} has been referenced but does no
t exist, replaced by a fixed one

pdfTeX warning (dest): name{figure.caption.70} has been referenced but does not
 exist, replaced by a fixed one

pdfTeX warning (dest): name{figure.caption.104} has been referenced but does no
t exist, replaced by a fixed one

pdfTeX warning (dest): name{equation.89} has been referenced but does not exist
, replaced by a fixed one

pdfTeX warning (dest): name{figure.caption.88} has been referenced but does not
 exist, replaced by a fixed one

pdfTeX warning (dest): name{figure.caption.84} has been referenced but does not
 exist, replaced by a fixed one

pdfTeX warning (dest): name{algocf.77} has been referenced but does not exist, 
replaced by a fixed one

pdfTeX warning (dest): name{algocf.80} has been referenced but does not exist, 
replaced by a fixed one

pdfTeX warning (dest): name{algocf.73} has been referenced but does not exist, 
replaced by a fixed one

pdfTeX warning (dest): name{figure.caption.63} has been referenced but does not
 exist, replaced by a fixed one

pdfTeX warning (dest): name{figure.caption.62} has been referenced but does not
 exist, replaced by a fixed one

pdfTeX warning (dest): name{figure.caption.57} has been referenced but does not
 exist, replaced by a fixed one

pdfTeX warning (dest): name{figure.caption.50} has been referenced but does not
 exist, replaced by a fixed one

pdfTeX warning (dest): name{dummy.122} has been referenced but does not exist, 
replaced by a fixed one

pdfTeX warning (dest): name{chapter.119} has been referenced but does not exist
, replaced by a fixed one

pdfTeX warning (dest): name{subsection.114} has been referenced but does not ex
ist, replaced by a fixed one

pdfTeX warning (dest): name{section.113} has been referenced but does not exist
, replaced by a fixed one

pdfTeX warning (dest): name{section.112} has been referenced but does not exist
, replaced by a fixed one

pdfTeX warning (dest): name{chapter.111} has been referenced but does not exist
, replaced by a fixed one

pdfTeX warning (dest): name{section.102} has been referenced but does not exist
, replaced by a fixed one

pdfTeX warning (dest): name{subsection.99} has been referenced but does not exi
st, replaced by a fixed one

pdfTeX warning (dest): name{section.98} has been referenced but does not exist,
 replaced by a fixed one

pdfTeX warning (dest): name{subsection.95} has been referenced but does not exi
st, replaced by a fixed one

pdfTeX warning (dest): name{subsection.91} has been referenced but does not exi
st, replaced by a fixed one

pdfTeX warning (dest): name{section.82} has been referenced but does not exist,
 replaced by a fixed one

pdfTeX warning (dest): name{subsection.81} has been referenced but does not exi
st, replaced by a fixed one

pdfTeX warning (dest): name{section.67} has been referenced but does not exist,
 replaced by a fixed one

pdfTeX warning (dest): name{subsection.66} has been referenced but does not exi
st, replaced by a fixed one

pdfTeX warning (dest): name{subsection.65} has been referenced but does not exi
st, replaced by a fixed one

pdfTeX warning (dest): name{section.64} has been referenced but does not exist,
 replaced by a fixed one

pdfTeX warning (dest): name{section.59} has been referenced but does not exist,
 replaced by a fixed one

pdfTeX warning (dest): name{chapter.58} has been referenced but does not exist,
 replaced by a fixed one

pdfTeX warning (dest): name{section.51} has been referenced but does not exist,
 replaced by a fixed one

pdfTeX warning (dest): name{section.48} has been referenced but does not exist,
 replaced by a fixed one

{C:/Users/ande01/MikTex/fonts/enc/dvips/lm/lm-ec.enc}{C:/Users/ande01/MikTex/fo
nts/enc/dvips/lm/lm-rm.enc}{C:/Users/ande01/MikTex/fonts/enc/dvips/lm/lm-mathit
.enc}{C:/Users/ande01/MikTex/fonts/enc/dvips/lm/lm-mathsy.enc}{C:/Users/ande01/
MikTex/fonts/enc/dvips/lm/lm-mathex.enc}{C:/Users/ande01/MikTex/fonts/enc/dvips
/lm/lm-ts1.enc}<C:/Users/ande01/MikTex/fonts/type1/public/lm/lmbx10.pfb><C:/Use
rs/ande01/MikTex/fonts/type1/public/lm/lmbx12.pfb><C:/Users/ande01/MikTex/fonts
/type1/public/lm/lmbxi10.pfb><C:/Users/ande01/MikTex/fonts/type1/public/lm/lmcs
c10.pfb><C:/Users/ande01/MikTex/fonts/type1/public/lm/lmex10.pfb><C:/Users/ande
01/MikTex/fonts/type1/public/lm/lmmi10.pfb><C:/Users/ande01/MikTex/fonts/type1/
public/lm/lmmi6.pfb><C:/Users/ande01/MikTex/fonts/type1/public/lm/lmmi8.pfb><C:
/Users/ande01/MikTex/fonts/type1/public/lm/lmr10.pfb><C:/Users/ande01/MikTex/fo
nts/type1/public/lm/lmr12.pfb><C:/Users/ande01/MikTex/fonts/type1/public/lm/lmr
17.pfb><C:/Users/ande01/MikTex/fonts/type1/public/lm/lmr5.pfb><C:/Users/ande01/
MikTex/fonts/type1/public/lm/lmr6.pfb><C:/Users/ande01/MikTex/fonts/type1/publi
c/lm/lmr8.pfb><C:/Users/ande01/MikTex/fonts/type1/public/lm/lmr9.pfb><C:/Users/
ande01/MikTex/fonts/type1/public/lm/lmri10.pfb><C:/Users/ande01/MikTex/fonts/ty
pe1/public/lm/lmri12.pfb><C:/Users/ande01/MikTex/fonts/type1/public/lm/lmssbx10
.pfb><C:/Users/ande01/MikTex/fonts/type1/public/lm/lmsy10.pfb><C:/Users/ande01/
MikTex/fonts/type1/public/lm/lmsy6.pfb><C:/Users/ande01/MikTex/fonts/type1/publ
ic/lm/lmsy8.pfb><C:/Users/ande01/MikTex/fonts/type1/public/lm/lmtt10.pfb><C:/Us
ers/ande01/MikTex/fonts/type1/public/lm/lmtt9.pfb><C:/Users/ande01/MikTex/fonts
/type1/public/amsfonts/symbols/msbm10.pfb>
Output written on Thesis.pdf (66 pages, 1908588 bytes).
PDF statistics:
 903 PDF objects out of 1000 (max. 8388607)
 241 named destinations out of 1000 (max. 500000)
 39345 words of extra memory for PDF output out of 42996 (max. 10000000)

