This is pdfTeX, Version 3.1415926-2.3-1.40.12 (MiKTeX 2.9) (preloaded format=pdflatex 2012.11.20)  20 NOV 2012 12:10
entering extended mode
**Thesis.tex
(C:\Users\ande01\Documents\Thesis\dissertation\Thesis.tex
LaTeX2e <2011/06/27>
Babel <v3.8m> and hyphenation patterns for english, afrikaans, ancientgreek, ar
abic, armenian, assamese, basque, bengali, bokmal, bulgarian, catalan, coptic, 
croatian, czech, danish, dutch, esperanto, estonian, farsi, finnish, french, ga
lician, german, german-x-2009-06-19, greek, gujarati, hindi, hungarian, iceland
ic, indonesian, interlingua, irish, italian, kannada, kurmanji, lao, latin, lat
vian, lithuanian, malayalam, marathi, mongolian, mongolianlmc, monogreek, ngerm
an, ngerman-x-2009-06-19, nynorsk, oriya, panjabi, pinyin, polish, portuguese, 
romanian, russian, sanskrit, serbian, slovak, slovenian, spanish, swedish, swis
sgerman, tamil, telugu, turkish, turkmen, ukenglish, ukrainian, uppersorbian, u
senglishmax, welsh, loaded.
(C:\Users\ande01\Documents\Thesis\dissertation\Thesis.cls
Document Class: Thesis 2007/22/02 v1.0 LaTeX document class
(C:\Users\ande01\MikTex\tex\latex\base\book.cls
Document Class: book 2007/10/19 v1.4h Standard LaTeX document class
(C:\Users\ande01\MikTex\tex\latex\base\bk11.clo
File: bk11.clo 2007/10/19 v1.4h Standard LaTeX file (size option)
)
\c@part=\count79
\c@chapter=\count80
\c@section=\count81
\c@subsection=\count82
\c@subsubsection=\count83
\c@paragraph=\count84
\c@subparagraph=\count85
\c@figure=\count86
\c@table=\count87
\abovecaptionskip=\skip41
\belowcaptionskip=\skip42
\bibindent=\dimen102
)
(C:\Users\ande01\MikTex\tex\latex\setspace\setspace.sty
Package: setspace 2011/12/19 v6.7a set line spacing
)
(C:\Users\ande01\MikTex\tex\latex\ieeepes\vmargin.sty
Package: vmargin 1999/06/01

Package `vmargin', V2.2, <1999/06/01>
\PaperWidth=\dimen103
\PaperHeight=\dimen104
) (C:\Users\ande01\MikTex\tex\latex\fancyhdr\fancyhdr.sty
\fancy@headwidth=\skip43
\f@ncyO@elh=\skip44
\f@ncyO@erh=\skip45
\f@ncyO@olh=\skip46
\f@ncyO@orh=\skip47
\f@ncyO@elf=\skip48
\f@ncyO@erf=\skip49
\f@ncyO@olf=\skip50
\f@ncyO@orf=\skip51
)
(C:\Users\ande01\MikTex\tex\latex\ams\math\amsmath.sty
Package: amsmath 2000/07/18 v2.13 AMS math features
\@mathmargin=\skip52

For additional information on amsmath, use the `?' option.
(C:\Users\ande01\MikTex\tex\latex\ams\math\amstext.sty
Package: amstext 2000/06/29 v2.01

(C:\Users\ande01\MikTex\tex\latex\ams\math\amsgen.sty
File: amsgen.sty 1999/11/30 v2.0
\@emptytoks=\toks14
\ex@=\dimen105
))
(C:\Users\ande01\MikTex\tex\latex\ams\math\amsbsy.sty
Package: amsbsy 1999/11/29 v1.2d
\pmbraise@=\dimen106
)
(C:\Users\ande01\MikTex\tex\latex\ams\math\amsopn.sty
Package: amsopn 1999/12/14 v2.01 operator names
)
\inf@bad=\count88
LaTeX Info: Redefining \frac on input line 211.
\uproot@=\count89
\leftroot@=\count90
LaTeX Info: Redefining \overline on input line 307.
\classnum@=\count91
\DOTSCASE@=\count92
LaTeX Info: Redefining \ldots on input line 379.
LaTeX Info: Redefining \dots on input line 382.
LaTeX Info: Redefining \cdots on input line 467.
\Mathstrutbox@=\box26
\strutbox@=\box27
\big@size=\dimen107
LaTeX Font Info:    Redeclaring font encoding OML on input line 567.
LaTeX Font Info:    Redeclaring font encoding OMS on input line 568.
\macc@depth=\count93
\c@MaxMatrixCols=\count94
\dotsspace@=\muskip10
\c@parentequation=\count95
\dspbrk@lvl=\count96
\tag@help=\toks15
\row@=\count97
\column@=\count98
\maxfields@=\count99
\andhelp@=\toks16
\eqnshift@=\dimen108
\alignsep@=\dimen109
\tagshift@=\dimen110
\tagwidth@=\dimen111
\totwidth@=\dimen112
\lineht@=\dimen113
\@envbody=\toks17
\multlinegap=\skip53
\multlinetaggap=\skip54
\mathdisplay@stack=\toks18
LaTeX Info: Redefining \[ on input line 2666.
LaTeX Info: Redefining \] on input line 2667.
)
(C:\Users\ande01\MikTex\tex\latex\amsfonts\amsfonts.sty
Package: amsfonts 2009/06/22 v3.00 Basic AMSFonts support
\symAMSa=\mathgroup4
\symAMSb=\mathgroup5
LaTeX Font Info:    Overwriting math alphabet `\mathfrak' in version `bold'
(Font)                  U/euf/m/n --> U/euf/b/n on input line 96.
)
(C:\Users\ande01\MikTex\tex\latex\amsfonts\amssymb.sty
Package: amssymb 2009/06/22 v3.00
)
(C:\Users\ande01\MikTex\tex\latex\ams\math\amscd.sty
Package: amscd 1999/11/29 v2.0
\athelp@=\toks19
\minaw@=\dimen114
\bigaw@=\dimen115
\minCDarrowwidth=\dimen116
)
(C:\Users\ande01\MikTex\tex\latex\ams\classes\amsthm.sty
Package: amsthm 2004/08/06 v2.20
\thm@style=\toks20
\thm@bodyfont=\toks21
\thm@headfont=\toks22
\thm@notefont=\toks23
\thm@headpunct=\toks24
\thm@preskip=\skip55
\thm@postskip=\skip56
\thm@headsep=\skip57
\dth@everypar=\toks25
)
(C:\Users\ande01\MikTex\tex\latex\tools\xspace.sty
Package: xspace 2009/10/20 v1.13 Space after command names (DPC,MH)
)
\c@example=\count100
\c@theorem=\count101

(C:\Users\ande01\MikTex\tex\latex\caption\caption.sty
Package: caption 2012/02/19 v3.2f Customizing captions (AR)

(C:\Users\ande01\MikTex\tex\latex\caption\caption3.sty
Package: caption3 2012/01/12 v1.4b caption3 kernel (AR)

(C:\Users\ande01\MikTex\tex\latex\graphics\keyval.sty
Package: keyval 1999/03/16 v1.13 key=value parser (DPC)
\KV@toks@=\toks26
)
\captionmargin=\dimen117
\captionmargin@=\dimen118
\captionwidth=\dimen119
\caption@indent=\dimen120
\caption@parindent=\dimen121
\caption@hangindent=\dimen122
)
\c@ContinuedFloat=\count102
)
(C:\Users\ande01\MikTex\tex\latex\graphics\graphicx.sty
Package: graphicx 1999/02/16 v1.0f Enhanced LaTeX Graphics (DPC,SPQR)

(C:\Users\ande01\MikTex\tex\latex\graphics\graphics.sty
Package: graphics 2009/02/05 v1.0o Standard LaTeX Graphics (DPC,SPQR)

(C:\Users\ande01\MikTex\tex\latex\graphics\trig.sty
Package: trig 1999/03/16 v1.09 sin cos tan (DPC)
)
(C:\Users\ande01\MikTex\tex\latex\00miktex\graphics.cfg
File: graphics.cfg 2007/01/18 v1.5 graphics configuration of teTeX/TeXLive
)
Package graphics Info: Driver file: pdftex.def on input line 91.

(C:\Users\ande01\MikTex\tex\latex\pdftex-def\pdftex.def
File: pdftex.def 2011/05/27 v0.06d Graphics/color for pdfTeX

(C:\Users\ande01\MikTex\tex\generic\oberdiek\infwarerr.sty
Package: infwarerr 2010/04/08 v1.3 Providing info/warning/error messages (HO)
)
(C:\Users\ande01\MikTex\tex\generic\oberdiek\ltxcmds.sty
Package: ltxcmds 2011/11/09 v1.22 LaTeX kernel commands for general use (HO)
)
\Gread@gobject=\count103
))
\Gin@req@height=\dimen123
\Gin@req@width=\dimen124
)
(C:\Users\ande01\MikTex\tex\latex\oberdiek\epstopdf.sty
Package: epstopdf 2010/02/09 v2.5 Conversion with epstopdf on the fly (HO)

(C:\Users\ande01\MikTex\tex\latex\oberdiek\epstopdf-base.sty
Package: epstopdf-base 2010/02/09 v2.5 Base part for package epstopdf

(C:\Users\ande01\MikTex\tex\latex\oberdiek\grfext.sty
Package: grfext 2010/08/19 v1.1 Manage graphics extensions (HO)

(C:\Users\ande01\MikTex\tex\generic\oberdiek\kvdefinekeys.sty
Package: kvdefinekeys 2011/04/07 v1.3 Define keys (HO)
))
(C:\Users\ande01\MikTex\tex\latex\oberdiek\kvoptions.sty
Package: kvoptions 2011/06/30 v3.11 Key value format for package options (HO)

(C:\Users\ande01\MikTex\tex\generic\oberdiek\kvsetkeys.sty
Package: kvsetkeys 2012/04/25 v1.16 Key value parser (HO)

(C:\Users\ande01\MikTex\tex\generic\oberdiek\etexcmds.sty
Package: etexcmds 2011/02/16 v1.5 Avoid name clashes with e-TeX commands (HO)

(C:\Users\ande01\MikTex\tex\generic\oberdiek\ifluatex.sty
Package: ifluatex 2010/03/01 v1.3 Provides the ifluatex switch (HO)
Package ifluatex Info: LuaTeX not detected.
)
Package etexcmds Info: Could not find \expanded.
(etexcmds)             That can mean that you are not using pdfTeX 1.50 or
(etexcmds)             that some package has redefined \expanded.
(etexcmds)             In the latter case, load this package earlier.
)))
(C:\Users\ande01\MikTex\tex\generic\oberdiek\pdftexcmds.sty
Package: pdftexcmds 2011/11/29 v0.20 Utility functions of pdfTeX for LuaTeX (HO
)

(C:\Users\ande01\MikTex\tex\generic\oberdiek\ifpdf.sty
Package: ifpdf 2011/01/30 v2.3 Provides the ifpdf switch (HO)
Package ifpdf Info: pdfTeX in PDF mode is detected.
)
Package pdftexcmds Info: LuaTeX not detected.
Package pdftexcmds Info: \pdf@primitive is available.
Package pdftexcmds Info: \pdf@ifprimitive is available.
Package pdftexcmds Info: \pdfdraftmode found.
)
Package grfext Info: Graphics extension search list:
(grfext)             [.png,.pdf,.jpg,.mps,.jpeg,.jbig2,.jb2,.PNG,.PDF,.JPG,.JPE
G,.JBIG2,.JB2,.eps]
(grfext)             \AppendGraphicsExtensions on input line 452.
))
(C:\Users\ande01\MikTex\tex\latex\subfigure\subfigure.sty
Package: subfigure 2002/07/30 v2.1.4 subfigure package
\subfigtopskip=\skip58
\subfigcapskip=\skip59
\subfigcaptopadj=\dimen125
\subfigbottomskip=\skip60
\subfigcapmargin=\dimen126
\subfiglabelskip=\skip61
\c@subfigure=\count104
\c@lofdepth=\count105
\c@subtable=\count106
\c@lotdepth=\count107

****************************************
* Local config file subfigure.cfg used *
****************************************
(C:\Users\ande01\MikTex\tex\latex\subfigure\subfigure.cfg)
\subfig@top=\skip62
\subfig@bottom=\skip63
)
(C:\Users\ande01\MikTex\tex\latex\booktabs\booktabs.sty
Package: booktabs 2005/04/14 v1.61803 publication quality tables
\heavyrulewidth=\dimen127
\lightrulewidth=\dimen128
\cmidrulewidth=\dimen129
\belowrulesep=\dimen130
\belowbottomsep=\dimen131
\aboverulesep=\dimen132
\abovetopsep=\dimen133
\cmidrulesep=\dimen134
\cmidrulekern=\dimen135
\defaultaddspace=\dimen136
\@cmidla=\count108
\@cmidlb=\count109
\@aboverulesep=\dimen137
\@belowrulesep=\dimen138
\@thisruleclass=\count110
\@lastruleclass=\count111
\@thisrulewidth=\dimen139
)
(C:\Users\ande01\MikTex\tex\latex\rotating\rotating.sty
Package: rotating 2009/03/28 v2.16a rotated objects in LaTeX

(C:\Users\ande01\MikTex\tex\latex\base\ifthen.sty
Package: ifthen 2001/05/26 v1.1c Standard LaTeX ifthen package (DPC)
)
\c@r@tfl@t=\count112
\rotFPtop=\skip64
\rotFPbot=\skip65
\rot@float@box=\box28
\rot@mess@toks=\toks27
)
(C:\Users\ande01\MikTex\tex\latex\listings\listings.sty
\lst@mode=\count113
\lst@gtempboxa=\box29
\lst@token=\toks28
\lst@length=\count114
\lst@currlwidth=\dimen140
\lst@column=\count115
\lst@pos=\count116
\lst@lostspace=\dimen141
\lst@width=\dimen142
\lst@newlines=\count117
\lst@lineno=\count118
\lst@maxwidth=\dimen143

(C:\Users\ande01\Documents\Thesis\dissertation\lstpatch.sty

***
*** This is a patch for listings 1.3, but you're using
*** version 1.4.
***
*** Patch file not loaded.
***

) (C:\Users\ande01\MikTex\tex\latex\listings\lstmisc.sty
File: lstmisc.sty 2007/02/22 1.4 (Carsten Heinz)
\c@lstnumber=\count119
\lst@skipnumbers=\count120
\lst@framebox=\box30
)
(C:\Users\ande01\MikTex\tex\latex\listings\listings.cfg
File: listings.cfg 2007/02/22 1.4 listings configuration
))
Package: listings 2007/02/22 1.4 (Carsten Heinz)

(C:\Users\ande01\Documents\Thesis\dissertation\lstpatch.sty

***
*** This is a patch for listings 1.3, but you're using
*** version 1.4.
***
 *** Patch file not loaded.
***

) (C:\Users\ande01\MikTex\tex\latex\hyperref\hyperref.sty
Package: hyperref 2012/05/13 v6.82q Hypertext links for LaTeX

(C:\Users\ande01\MikTex\tex\generic\oberdiek\hobsub-hyperref.sty
Package: hobsub-hyperref 2012/04/25 v1.12 Bundle oberdiek, subset hyperref (HO)


(C:\Users\ande01\MikTex\tex\generic\oberdiek\hobsub-generic.sty
Package: hobsub-generic 2012/04/25 v1.12 Bundle oberdiek, subset generic (HO)
Package: hobsub 2012/04/25 v1.12 Construct package bundles (HO)
Package hobsub Info: Skipping package `infwarerr' (already loaded).
Package hobsub Info: Skipping package `ltxcmds' (already loaded).
Package hobsub Info: Skipping package `ifluatex' (already loaded).
Package: ifvtex 2010/03/01 v1.5 Detect VTeX and its facilities (HO)
Package ifvtex Info: VTeX not detected.
Package: intcalc 2007/09/27 v1.1 Expandable calculations with integers (HO)
Package hobsub Info: Skipping package `ifpdf' (already loaded).
Package hobsub Info: Skipping package `etexcmds' (already loaded).
Package hobsub Info: Skipping package `kvsetkeys' (already loaded).
Package hobsub Info: Skipping package `kvdefinekeys' (already loaded).
Package hobsub Info: Skipping package `pdftexcmds' (already loaded).
Package: pdfescape 2011/11/25 v1.13 Implements pdfTeX's escape features (HO)
Package: bigintcalc 2012/04/08 v1.3 Expandable calculations on big integers (HO
)
Package: bitset 2011/01/30 v1.1 Handle bit-vector datatype (HO)
Package: uniquecounter 2011/01/30 v1.2 Provide unlimited unique counter (HO)
)
Package hobsub Info: Skipping package `hobsub' (already loaded).
Package: letltxmacro 2010/09/02 v1.4 Let assignment for LaTeX macros (HO)
Package: hopatch 2011/06/24 v1.1 Wrapper for package hooks (HO)
Package: xcolor-patch 2011/01/30 xcolor patch
Package: atveryend 2011/06/30 v1.8 Hooks at the very end of document (HO)
Package atveryend Info: \enddocument detected (standard20110627).
Package: atbegshi 2011/10/05 v1.16 At begin shipout hook (HO)
Package: refcount 2011/10/16 v3.4 Data extraction from label references (HO)
Package: hycolor 2011/01/30 v1.7 Color options for hyperref/bookmark (HO)
)
(C:\Users\ande01\MikTex\tex\generic\ifxetex\ifxetex.sty
Package: ifxetex 2010/09/12 v0.6 Provides ifxetex conditional
)
\@linkdim=\dimen144
\Hy@linkcounter=\count121
\Hy@pagecounter=\count122

(C:\Users\ande01\MikTex\tex\latex\hyperref\pd1enc.def
File: pd1enc.def 2012/05/13 v6.82q Hyperref: PDFDocEncoding definition (HO)
)
\Hy@SavedSpaceFactor=\count123

(C:\Users\ande01\MikTex\tex\latex\00miktex\hyperref.cfg
File: hyperref.cfg 2002/06/06 v1.2 hyperref configuration of TeXLive
)
Package hyperref Info: Option `bookmarks' set `true' on input line 3941.
Package hyperref Info: Option `bookmarksopen' set `true' on input line 3941.
Package hyperref Info: Option `bookmarksnumbered' set `true' on input line 3941
.
Package hyperref Info: Option `hypertexnames' set `false' on input line 3941.
Package hyperref Info: Option `colorlinks' set `true' on input line 3941.
Package hyperref Info: Option `unicode' set `true' on input line 3941.

(C:\Users\ande01\MikTex\tex\latex\hyperref\puenc.def
File: puenc.def 2012/05/13 v6.82q Hyperref: PDF Unicode definition (HO)
)
Package hyperref Info: Option `breaklinks' set `true' on input line 3941.
Package hyperref Info: Hyper figures OFF on input line 4062.
Package hyperref Info: Link nesting OFF on input line 4067.
Package hyperref Info: Hyper index ON on input line 4070.
Package hyperref Info: Plain pages OFF on input line 4077.
Package hyperref Info: Backreferencing OFF on input line 4082.
Package hyperref Info: Implicit mode ON; LaTeX internals redefined.
Package hyperref Info: Bookmarks ON on input line 4300.
\c@Hy@tempcnt=\count124

(C:\Users\ande01\MikTex\tex\latex\ltxmisc\url.sty
\Urlmuskip=\muskip11
Package: url 2006/04/12  ver 3.3  Verb mode for urls, etc.
)
LaTeX Info: Redefining \url on input line 4653.
\Fld@menulength=\count125
\Field@Width=\dimen145
\Fld@charsize=\dimen146
Package hyperref Info: Hyper figures OFF on input line 5773.
Package hyperref Info: Link nesting OFF on input line 5778.
Package hyperref Info: Hyper index ON on input line 5781.
Package hyperref Info: backreferencing OFF on input line 5788.
Package hyperref Info: Link coloring ON on input line 5791.
Package hyperref Info: Link coloring with OCG OFF on input line 5798.
Package hyperref Info: PDF/A mode OFF on input line 5803.
LaTeX Info: Redefining \ref on input line 5843.
LaTeX Info: Redefining \pageref on input line 5847.
\Hy@abspage=\count126
\c@Item=\count127
\c@Hfootnote=\count128
)

Package hyperref Message: Driver (autodetected): hpdftex.

(C:\Users\ande01\MikTex\tex\latex\hyperref\hpdftex.def
File: hpdftex.def 2012/05/13 v6.82q Hyperref driver for pdfTeX
\Fld@listcount=\count129
\c@bookmark@seq@number=\count130

(C:\Users\ande01\MikTex\tex\latex\oberdiek\rerunfilecheck.sty
Package: rerunfilecheck 2011/04/15 v1.7 Rerun checks for auxiliary files (HO)
Package uniquecounter Info: New unique counter `rerunfilecheck' on input line 2
82.
)
\Hy@SectionHShift=\skip66
)
\c@dummy=\count131

(C:\Users\ande01\MikTex\tex\latex\tools\longtable.sty
Package: longtable 2004/02/01 v4.11 Multi-page Table package (DPC)
\LTleft=\skip67
\LTright=\skip68
\LTpre=\skip69
\LTpost=\skip70
\LTchunksize=\count132
\LTcapwidth=\dimen147
\LT@head=\box31
\LT@firsthead=\box32
\LT@foot=\box33
\LT@lastfoot=\box34
\LT@cols=\count133
\LT@rows=\count134
\c@LT@tables=\count135
\c@LT@chunks=\count136
\LT@p@ftn=\toks29
))
(C:\Users\ande01\MikTex\tex\latex\natbib\natbib.sty
Package: natbib 2010/09/13 8.31b (PWD, AO)
\bibhang=\skip71
\bibsep=\skip72
LaTeX Info: Redefining \cite on input line 694.
\c@NAT@ctr=\count137
)
(C:\Users\ande01\MikTex\tex\latex\tools\verbatim.sty
Package: verbatim 2003/08/22 v1.5q LaTeX2e package for verbatim enhancements
\every@verbatim=\toks30
\verbatim@line=\toks31
\verbatim@in@stream=\read1
)
(C:\Users\ande01\Documents\Thesis\dissertation\vector.sty
Package: vector 1994/09/16 v1.0 vector macros for LaTeX2e (nde)

(C:\Users\ande01\MikTex\tex\latex\tools\calc.sty
Package: calc 2007/08/22 v4.3 Infix arithmetic (KKT,FJ)
\calc@Acount=\count138
\calc@Bcount=\count139
\calc@Adimen=\dimen148
\calc@Bdimen=\dimen149
\calc@Askip=\skip73
\calc@Bskip=\skip74
LaTeX Info: Redefining \setlength on input line 76.
LaTeX Info: Redefining \addtolength on input line 77.
\calc@Ccount=\count140
\calc@Cskip=\skip75
)
\c@vec@elem=\count141
)
(C:\Users\ande01\MikTex\tex\latex\algorithm2e\algorithm2e.sty
Package: algorithm2e 2008/00/00 v3.10 algorithms environments
\c@AlgoLine=\count142

(C:\Users\ande01\MikTex\tex\latex\ltxmisc\relsize.sty
Package: relsize 2003/07/04 ver 3.1
)
********************************************************
Package `algorithm2e' Release 4.01 -- december 14 2009 --
- algorithm2e-announce@lirmm.fr mailing list for announcement about releases
- algorithm2e-discussion@lirmm.fr mailing list for discussion about package
subscribe by emailing sympa@lirmm.fr with 'subscribe <list> <firstname name>'
- Author: Christophe Fiorio (fiorio@lirmm.fr)
********************************************************
\skiptotal=\skip76
\skiplinenumber=\skip77
\skiprule=\skip78
\skiphlne=\skip79
\skiptext=\skip80
\skiplength=\skip81
\algomargin=\skip82
\skipalgocfslide=\skip83
\algowidth=\dimen150
\inoutsize=\dimen151
\inoutline=\dimen152
\interspacetitleruled=\dimen153
\interspacealgoruled=\dimen154
\interspacetitleboxruled=\dimen155
\algocf@inoutbox=\box35
\algocf@inputbox=\box36
\AlCapSkip=\skip84
\AlCapHSkip=\skip85
\algocf@nlbox=\box37
\algocf@hangingbox=\box38
\algocf@capbox=\box39
\algoheightruledefault=\skip86
\algoheightrule=\skip87
\algotitleheightruledefault=\skip88
\algotitleheightrule=\skip89
\c@algocfline=\count143
\c@algocfproc=\count144
\c@algocf=\count145
\algocf@algoframe=\box40
\algocf@algobox=\box41
) (C:\Users\ande01\MikTex\tex\latex\algorithmicx\algpseudocode.sty
Package: algpseudocode 

(C:\Users\ande01\MikTex\tex\latex\algorithmicx\algorithmicx.sty
Package: algorithmicx 2005/04/27 v1.2 Algorithmicx

Document Style algorithmicx 1.2 - a greatly improved `algorithmic' style
\c@ALG@line=\count146
\c@ALG@rem=\count147
\c@ALG@nested=\count148
\ALG@tlm=\skip90
\ALG@thistlm=\skip91
\c@ALG@Lnr=\count149
\c@ALG@blocknr=\count150
\c@ALG@storecount=\count151
\c@ALG@tmpcounter=\count152
\ALG@tmplength=\skip92
)
Document Style - pseudocode environments for use with the `algorithmicx' style
) (C:\Users\ande01\MikTex\tex\latex\base\fontenc.sty
Package: fontenc 2005/09/27 v1.99g Standard LaTeX package

(C:\Users\ande01\MikTex\tex\latex\base\t1enc.def
File: t1enc.def 2005/09/27 v1.99g Standard LaTeX file
LaTeX Font Info:    Redeclaring font encoding T1 on input line 43.
))
(C:\Users\ande01\Documents\Thesis\dissertation\venturis2.sty
Package: venturis2 2008/11/05 v1.004 VenturisADFNo2 PS

(C:\Users\ande01\MikTex\tex\latex\base\fontenc.sty
Package: fontenc 2005/09/27 v1.99g Standard LaTeX package

(C:\Users\ande01\MikTex\tex\latex\base\t1enc.def
File: t1enc.def 2005/09/27 v1.99g Standard LaTeX file
LaTeX Font Info:    Redeclaring font encoding T1 on input line 43.
))
(C:\Users\ande01\MikTex\tex\latex\base\textcomp.sty
Package: textcomp 2005/09/27 v1.99g Standard LaTeX package
Package textcomp Info: Sub-encoding information:
(textcomp)               5 = only ISO-Adobe without \textcurrency
(textcomp)               4 = 5 + \texteuro
(textcomp)               3 = 4 + \textohm
(textcomp)               2 = 3 + \textestimated + \textcurrency
(textcomp)               1 = TS1 - \textcircled - \t
(textcomp)               0 = TS1 (full)
(textcomp)             Font families with sub-encoding setting implement
(textcomp)             only a restricted character set as indicated.
(textcomp)             Family '?' is the default used for unknown fonts.
(textcomp)             See the documentation for details.
Package textcomp Info: Setting ? sub-encoding to TS1/1 on input line 71.

(C:\Users\ande01\MikTex\tex\latex\base\ts1enc.def
File: ts1enc.def 2001/06/05 v3.0e (jk/car/fm) Standard LaTeX file
)
LaTeX Info: Redefining \oldstylenums on input line 266.
Package textcomp Info: Setting cmr sub-encoding to TS1/0 on input line 281.
Package textcomp Info: Setting cmss sub-encoding to TS1/0 on input line 282.
Package textcomp Info: Setting cmtt sub-encoding to TS1/0 on input line 283.
Package textcomp Info: Setting cmvtt sub-encoding to TS1/0 on input line 284.
Package textcomp Info: Setting cmbr sub-encoding to TS1/0 on input line 285.
Package textcomp Info: Setting cmtl sub-encoding to TS1/0 on input line 286.
Package textcomp Info: Setting ccr sub-encoding to TS1/0 on input line 287.
Package textcomp Info: Setting ptm sub-encoding to TS1/4 on input line 288.
Package textcomp Info: Setting pcr sub-encoding to TS1/4 on input line 289.
Package textcomp Info: Setting phv sub-encoding to TS1/4 on input line 290.
Package textcomp Info: Setting ppl sub-encoding to TS1/3 on input line 291.
Package textcomp Info: Setting pag sub-encoding to TS1/4 on input line 292.
Package textcomp Info: Setting pbk sub-encoding to TS1/4 on input line 293.
Package textcomp Info: Setting pnc sub-encoding to TS1/4 on input line 294.
Package textcomp Info: Setting pzc sub-encoding to TS1/4 on input line 295.
Package textcomp Info: Setting bch sub-encoding to TS1/4 on input line 296.
Package textcomp Info: Setting put sub-encoding to TS1/5 on input line 297.
Package textcomp Info: Setting uag sub-encoding to TS1/5 on input line 298.
Package textcomp Info: Setting ugq sub-encoding to TS1/5 on input line 299.
Package textcomp Info: Setting ul8 sub-encoding to TS1/4 on input line 300.
Package textcomp Info: Setting ul9 sub-encoding to TS1/4 on input line 301.
Package textcomp Info: Setting augie sub-encoding to TS1/5 on input line 302.
Package textcomp Info: Setting dayrom sub-encoding to TS1/3 on input line 303.
Package textcomp Info: Setting dayroms sub-encoding to TS1/3 on input line 304.

Package textcomp Info: Setting pxr sub-encoding to TS1/0 on input line 305.
Package textcomp Info: Setting pxss sub-encoding to TS1/0 on input line 306.
Package textcomp Info: Setting pxtt sub-encoding to TS1/0 on input line 307.
Package textcomp Info: Setting txr sub-encoding to TS1/0 on input line 308.
Package textcomp Info: Setting txss sub-encoding to TS1/0 on input line 309.
Package textcomp Info: Setting txtt sub-encoding to TS1/0 on input line 310.
Package textcomp Info: Setting lmr sub-encoding to TS1/0 on input line 311.
Package textcomp Info: Setting lmdh sub-encoding to TS1/0 on input line 312.
Package textcomp Info: Setting lmss sub-encoding to TS1/0 on input line 313.
Package textcomp Info: Setting lmssq sub-encoding to TS1/0 on input line 314.
Package textcomp Info: Setting lmvtt sub-encoding to TS1/0 on input line 315.
Package textcomp Info: Setting qhv sub-encoding to TS1/0 on input line 316.
Package textcomp Info: Setting qag sub-encoding to TS1/0 on input line 317.
Package textcomp Info: Setting qbk sub-encoding to TS1/0 on input line 318.
Package textcomp Info: Setting qcr sub-encoding to TS1/0 on input line 319.
Package textcomp Info: Setting qcs sub-encoding to TS1/0 on input line 320.
Package textcomp Info: Setting qpl sub-encoding to TS1/0 on input line 321.
Package textcomp Info: Setting qtm sub-encoding to TS1/0 on input line 322.
Package textcomp Info: Setting qzc sub-encoding to TS1/0 on input line 323.
Package textcomp Info: Setting qhvc sub-encoding to TS1/0 on input line 324.
Package textcomp Info: Setting futs sub-encoding to TS1/4 on input line 325.
Package textcomp Info: Setting futx sub-encoding to TS1/4 on input line 326.
Package textcomp Info: Setting futj sub-encoding to TS1/4 on input line 327.
Package textcomp Info: Setting hlh sub-encoding to TS1/3 on input line 328.
Package textcomp Info: Setting hls sub-encoding to TS1/3 on input line 329.
Package textcomp Info: Setting hlst sub-encoding to TS1/3 on input line 330.
Package textcomp Info: Setting hlct sub-encoding to TS1/5 on input line 331.
Package textcomp Info: Setting hlx sub-encoding to TS1/5 on input line 332.
Package textcomp Info: Setting hlce sub-encoding to TS1/5 on input line 333.
Package textcomp Info: Setting hlcn sub-encoding to TS1/5 on input line 334.
Package textcomp Info: Setting hlcw sub-encoding to TS1/5 on input line 335.
Package textcomp Info: Setting hlcf sub-encoding to TS1/5 on input line 336.
Package textcomp Info: Setting pplx sub-encoding to TS1/3 on input line 337.
Package textcomp Info: Setting pplj sub-encoding to TS1/3 on input line 338.
Package textcomp Info: Setting ptmx sub-encoding to TS1/4 on input line 339.
Package textcomp Info: Setting ptmj sub-encoding to TS1/4 on input line 340.
)
(C:\Users\ande01\Documents\Thesis\dissertation\nfssext-cfr.sty
Package: nfssext-cfr 2008/11/08 specially mangled by cfr; based on 2003/03/14 v
1.2 Experimental NFSS Extensions
\c@taken=\count153
LaTeX Info: Redefining \itshape on input line 503.
LaTeX Info: Redefining \scshape on input line 511.
LaTeX Info: Redefining \upshape on input line 525.
))
(C:\Users\ande01\MikTex\tex\latex\lm\lmodern.sty
Package: lmodern 2009/10/30 v1.6 Latin Modern Fonts
LaTeX Font Info:    Overwriting symbol font `operators' in version `normal'
(Font)                  OT1/cmr/m/n --> OT1/lmr/m/n on input line 22.
LaTeX Font Info:    Overwriting symbol font `letters' in version `normal'
(Font)                  OML/cmm/m/it --> OML/lmm/m/it on input line 23.
LaTeX Font Info:    Overwriting symbol font `symbols' in version `normal'
(Font)                  OMS/cmsy/m/n --> OMS/lmsy/m/n on input line 24.
LaTeX Font Info:    Overwriting symbol font `largesymbols' in version `normal'
(Font)                  OMX/cmex/m/n --> OMX/lmex/m/n on input line 25.
LaTeX Font Info:    Overwriting symbol font `operators' in version `bold'
(Font)                  OT1/cmr/bx/n --> OT1/lmr/bx/n on input line 26.
LaTeX Font Info:    Overwriting symbol font `letters' in version `bold'
(Font)                  OML/cmm/b/it --> OML/lmm/b/it on input line 27.
LaTeX Font Info:    Overwriting symbol font `symbols' in version `bold'
(Font)                  OMS/cmsy/b/n --> OMS/lmsy/b/n on input line 28.
LaTeX Font Info:    Overwriting symbol font `largesymbols' in version `bold'
(Font)                  OMX/cmex/m/n --> OMX/lmex/m/n on input line 29.
LaTeX Font Info:    Overwriting math alphabet `\mathbf' in version `normal'
(Font)                  OT1/cmr/bx/n --> OT1/lmr/bx/n on input line 31.
LaTeX Font Info:    Overwriting math alphabet `\mathsf' in version `normal'
(Font)                  OT1/cmss/m/n --> OT1/lmss/m/n on input line 32.
LaTeX Font Info:    Overwriting math alphabet `\mathit' in version `normal'
(Font)                  OT1/cmr/m/it --> OT1/lmr/m/it on input line 33.
LaTeX Font Info:    Overwriting math alphabet `\mathtt' in version `normal'
(Font)                  OT1/cmtt/m/n --> OT1/lmtt/m/n on input line 34.
LaTeX Font Info:    Overwriting math alphabet `\mathbf' in version `bold'
(Font)                  OT1/cmr/bx/n --> OT1/lmr/bx/n on input line 35.
LaTeX Font Info:    Overwriting math alphabet `\mathsf' in version `bold'
(Font)                  OT1/cmss/bx/n --> OT1/lmss/bx/n on input line 36.
LaTeX Font Info:    Overwriting math alphabet `\mathit' in version `bold'
(Font)                  OT1/cmr/bx/it --> OT1/lmr/bx/it on input line 37.
LaTeX Font Info:    Overwriting math alphabet `\mathtt' in version `bold'
(Font)                  OT1/cmtt/m/n --> OT1/lmtt/m/n on input line 38.
)
(C:\Users\ande01\MikTex\tex\latex\jknappen\mathrsfs.sty
Package: mathrsfs 1996/01/01 Math RSFS package v1.0 (jk)
\symrsfs=\mathgroup6
)
(C:\Users\ande01\MikTex\tex\latex\microtype\microtype.sty
Package: microtype 2010/01/10 v2.4 Micro-typography with pdfTeX (RS)
\MT@toks=\toks32
\MT@count=\count154
LaTeX Info: Redefining \lsstyle on input line 1597.
LaTeX Info: Redefining \lslig on input line 1597.
\MT@outer@space=\skip93
LaTeX Info: Redefining \textls on input line 1605.
\MT@outer@kern=\dimen156
LaTeX Info: Redefining \textmicrotypecontext on input line 2156.
Package microtype Info: Loading configuration file microtype.cfg.

(C:\Users\ande01\MikTex\tex\latex\microtype\microtype.cfg
File: microtype.cfg 2010/01/10 v2.4 microtype main configuration file (RS)
))
(C:\Users\ande01\Documents\Thesis\dissertation\ps4pdf.sty
Package: ps4pdf 2005/02/11 v0.6i PS code for pdfTeX (RN/HO)
\c@PSforPDF=\count155
)
(C:\Users\ande01\MikTex\tex\latex\titlesec\titlesec.sty
Package: titlesec 2011/12/15 v2.10.0 Sectioning titles
\ttl@box=\box42
\beforetitleunit=\skip94
\aftertitleunit=\skip95
\ttl@plus=\dimen157
\ttl@minus=\dimen158
\ttl@toksa=\toks33
\titlewidth=\dimen159
\titlewidthlast=\dimen160
\titlewidthfirst=\dimen161
)
(C:\Users\ande01\MikTex\tex\latex\sectsty\sectsty.sty
Package: sectsty 2002/02/25 v2.0.2 Commands to change all sectional heading sty
les
)
(C:\Users\ande01\MikTex\tex\latex\base\inputenc.sty
Package: inputenc 2008/03/30 v1.1d Input encoding file
\inpenc@prehook=\toks34
\inpenc@posthook=\toks35

(C:\Users\ande01\MikTex\tex\latex\ucs\utf8x.def
File: utf8x.def 2004/10/17 UCS: Input encoding UTF-8
))
(C:\Users\ande01\MikTex\tex\latex\ucs\ucs.sty
Package: ucs 2004/10/17 UCS: Unicode input support

(C:\Users\ande01\MikTex\tex\latex\ucs\uni-global.def
File: uni-global.def 2012/08/28 UCS: Unicode global data
)
\uc@secondtry=\count156
\uc@combtoks=\toks36
\uc@combtoksb=\toks37
\uc@temptokena=\toks38
)
(C:\Users\ande01\MikTex\tex\generic\babel\babel.sty
Package: babel 2008/07/08 v3.8m The Babel package

*************************************
* Local config file bblopts.cfg used
*
(C:\Users\ande01\MikTex\tex\latex\00miktex\bblopts.cfg
File: bblopts.cfg 2006/07/31 v1.0 MiKTeX 'babel' configuration
)
(C:\Users\ande01\MikTex\tex\generic\babel\english.ldf
Language: english 2005/03/30 v3.3o English support from the babel system

(C:\Users\ande01\MikTex\tex\generic\babel\babel.def
File: babel.def 2008/07/08 v3.8m Babel common definitions
\babel@savecnt=\count157
\U@D=\dimen162
)
\l@canadian = a dialect from \language\l@american 
\l@australian = a dialect from \language\l@british 
\l@newzealand = a dialect from \language\l@british 
))
\c@thm=\count158
Package hyperref Info: Option `colorlinks' set `true' on input line 49.

(C:\Users\ande01\Documents\Thesis\dissertation\Thesis.aux

LaTeX Warning: Label `ch:intro' multiply defined.


LaTeX Warning: Label `ch:intro' multiply defined.

)
LaTeX Font Info:    Checking defaults for OML/cmm/m/it on input line 56.
LaTeX Font Info:    ... okay on input line 56.
LaTeX Font Info:    Checking defaults for T1/cmr/m/n on input line 56.
LaTeX Font Info:    ... okay on input line 56.
LaTeX Font Info:    Checking defaults for OT1/cmr/m/n on input line 56.
LaTeX Font Info:    ... okay on input line 56.
LaTeX Font Info:    Checking defaults for OMS/cmsy/m/n on input line 56.
LaTeX Font Info:    ... okay on input line 56.
LaTeX Font Info:    Checking defaults for OMX/cmex/m/n on input line 56.
LaTeX Font Info:    ... okay on input line 56.
LaTeX Font Info:    Checking defaults for U/cmr/m/n on input line 56.
LaTeX Font Info:    ... okay on input line 56.
LaTeX Font Info:    Checking defaults for PD1/pdf/m/n on input line 56.
LaTeX Font Info:    ... okay on input line 56.
LaTeX Font Info:    Checking defaults for PU/pdf/m/n on input line 56.
LaTeX Font Info:    ... okay on input line 56.
LaTeX Font Info:    Checking defaults for TS1/cmr/m/n on input line 56.
LaTeX Font Info:    Try loading font information for TS1+cmr on input line 56.
 (C:\Users\ande01\MikTex\tex\latex\base\ts1cmr.fd
File: ts1cmr.fd 1999/05/25 v2.5h Standard LaTeX font definitions
)
LaTeX Font Info:    ... okay on input line 56.
LaTeX Font Info:    Try loading font information for T1+lmr on input line 56.

(C:\Users\ande01\MikTex\tex\latex\lm\t1lmr.fd
File: t1lmr.fd 2009/10/30 v1.6 Font defs for Latin Modern
)
Package caption Info: Begin \AtBeginDocument code.
Package caption Info: hyperref package is loaded.
Package caption Info: listings package is loaded.
Package caption Info: longtable package is loaded.

(C:\Users\ande01\MikTex\tex\latex\caption\ltcaption.sty
Package: ltcaption 2011/09/12 v1.3 longtable captions (AR)
)
Package caption Info: rotating package is loaded.
Package caption Info: subfigure package is loaded.
Package caption Info: End \AtBeginDocument code.

(C:\Users\ande01\MikTex\tex\context\base\supp-pdf.mkii
[Loading MPS to PDF converter (version 2006.09.02).]
\scratchcounter=\count159
\scratchdimen=\dimen163
\scratchbox=\box43
\nofMPsegments=\count160
\nofMParguments=\count161
\everyMPshowfont=\toks39
\MPscratchCnt=\count162
\MPscratchDim=\dimen164
\MPnumerator=\count163
\makeMPintoPDFobject=\count164
\everyMPtoPDFconversion=\toks40
)
\c@lstlisting=\count165
\AtBeginShipoutBox=\box44
 (C:\Users\ande01\MikTex\tex\latex\graphics\color.sty
Package: color 2005/11/14 v1.0j Standard LaTeX Color (DPC)

(C:\Users\ande01\MikTex\tex\latex\00miktex\color.cfg
File: color.cfg 2007/01/18 v1.5 color configuration of teTeX/TeXLive
)
Package color Info: Driver file: pdftex.def on input line 130.
)
Package hyperref Info: Link coloring ON on input line 56.

(C:\Users\ande01\MikTex\tex\latex\hyperref\nameref.sty
Package: nameref 2010/04/30 v2.40 Cross-referencing by name of section

(C:\Users\ande01\MikTex\tex\generic\oberdiek\gettitlestring.sty
Package: gettitlestring 2010/12/03 v1.4 Cleanup title references (HO)
)
\c@section@level=\count166
)
LaTeX Info: Redefining \ref on input line 56.
LaTeX Info: Redefining \pageref on input line 56.
LaTeX Info: Redefining \nameref on input line 56.

(C:\Users\ande01\Documents\Thesis\dissertation\Thesis.out)
(C:\Users\ande01\Documents\Thesis\dissertation\Thesis.out)
\@outlinefile=\write3
LaTeX Info: Redefining \microtypecontext on input line 56.
Package microtype Info: Generating PDF output.
Package microtype Info: Character protrusion enabled (level 2).
Package microtype Info: Using default protrusion set `alltext'.
Package microtype Info: Automatic font expansion enabled (level 2),
(microtype)             stretch: 20, shrink: 20, step: 1, non-selected.
Package microtype Info: Using default expansion set `basictext'.
Package microtype Info: No tracking.
Package microtype Info: No adjustment of interword spacing.
Package microtype Info: No adjustment of character kerning.

(C:\Users\ande01\MikTex\tex\latex\microtype\mt-cmr.cfg
File: mt-cmr.cfg 2009/11/09 v2.0 microtype config. file: Computer Modern Roman 
(RS)
)

Package ps4pdf Warning: Graphic container `Thesis-pics.pdf' not found.

(C:\Users\ande01\MikTex\tex\latex\ucs\ucsencs.def
File: ucsencs.def 2011/01/21 Fixes to fontencodings LGR, T3
)
------------------------------------------------------------------------------
 Title Page
------------------------------------------------------------------------------
<minerva.pdf, id=67, 146.5475pt x 146.5475pt>
File: minerva.pdf Graphic file (type pdf)
 <use minerva.pdf>
Package pdftex.def Info: minerva.pdf used on input line 71.
(pdftex.def)             Requested size: 71.13188pt x 71.13133pt.
LaTeX Font Info:    Try loading font information for OT1+lmr on input line 71.

(C:\Users\ande01\MikTex\tex\latex\lm\ot1lmr.fd
File: ot1lmr.fd 2009/10/30 v1.6 Font defs for Latin Modern
)
LaTeX Font Info:    Try loading font information for OML+lmm on input line 71.

(C:\Users\ande01\MikTex\tex\latex\lm\omllmm.fd
File: omllmm.fd 2009/10/30 v1.6 Font defs for Latin Modern
)
LaTeX Font Info:    Try loading font information for OMS+lmsy on input line 71.


(C:\Users\ande01\MikTex\tex\latex\lm\omslmsy.fd
File: omslmsy.fd 2009/10/30 v1.6 Font defs for Latin Modern
)
LaTeX Font Info:    Try loading font information for OMX+lmex on input line 71.


(C:\Users\ande01\MikTex\tex\latex\lm\omxlmex.fd
File: omxlmex.fd 2009/10/30 v1.6 Font defs for Latin Modern
)
LaTeX Font Info:    External font `lmex10' loaded for size
(Font)              <10.95> on input line 71.
LaTeX Font Info:    External font `lmex10' loaded for size
(Font)              <8> on input line 71.
LaTeX Font Info:    External font `lmex10' loaded for size
(Font)              <6> on input line 71.
LaTeX Font Info:    Try loading font information for U+msa on input line 71.

(C:\Users\ande01\MikTex\tex\latex\amsfonts\umsa.fd
File: umsa.fd 2009/06/22 v3.00 AMS symbols A
)
(C:\Users\ande01\MikTex\tex\latex\microtype\mt-msa.cfg
File: mt-msa.cfg 2006/02/04 v1.1 microtype config. file: AMS symbols (a) (RS)
)
LaTeX Font Info:    Try loading font information for U+msb on input line 71.

(C:\Users\ande01\MikTex\tex\latex\amsfonts\umsb.fd
File: umsb.fd 2009/06/22 v3.00 AMS symbols B
)
(C:\Users\ande01\MikTex\tex\latex\microtype\mt-msb.cfg
File: mt-msb.cfg 2005/06/01 v1.0 microtype config. file: AMS symbols (b) (RS)
)
LaTeX Font Info:    Try loading font information for U+rsfs on input line 71.

(C:\Users\ande01\MikTex\tex\latex\jknappen\ursfs.fd
File: ursfs.fd 1998/03/24 rsfs font definition file (jk)
)
Overfull \hbox (12.49623pt too wide) in paragraph at lines 71--71
 [][] 
 []

<eule-rz.pdf, id=68, 85.31876pt x 85.31876pt>
File: eule-rz.pdf Graphic file (type pdf)
 <use eule-rz.pdf>
Package pdftex.def Info: eule-rz.pdf used on input line 71.
(pdftex.def)             Requested size: 71.13188pt x 71.13608pt.
 [1



{C:/Users/ande01/AppData/Local/MiKTeX/2.9/pdftex/config/pdftex.map} <C:/Users/a
nde01/Documents/Thesis/dissertation/minerva.pdf> <C:/Users/ande01/Documents/The
sis/dissertation/eule-rz.pdf>] [2

]
(C:\Users\ande01\Documents\Thesis\dissertation\Presections\declaration.tex
Underfull \hbox (badness 10000) in paragraph at lines 2--5

 []


Underfull \hbox (badness 10000) in paragraph at lines 9--11

 []


Underfull \hbox (badness 10000) in paragraph at lines 12--15

 []

LaTeX Font Info:    Try loading font information for T1+lmss on input line 21.
(C:\Users\ande01\MikTex\tex\latex\lm\t1lmss.fd
File: t1lmss.fd 2009/10/30 v1.6 Font defs for Latin Modern
) [3])
(C:\Users\ande01\Documents\Thesis\dissertation\Presections/dedication.tex
[4

]) (C:\Users\ande01\Documents\Thesis\dissertation\Presections/abstract.tex
[5

]
------------------------------------------------------------------------------
 Abstract Page
------------------------------------------------------------------------------
[6

])
(C:\Users\ande01\Documents\Thesis\dissertation\Presections/acknowledgement.tex
[7

]
------------------------------------------------------------------------------
 Acknowledgements
------------------------------------------------------------------------------
[8

])
------------------------------------------------------------------------------
 Table of Contents
------------------------------------------------------------------------------
(C:\Users\ande01\Documents\Thesis\dissertation\Thesis.toc)
\tf@toc=\write4
 [9


] [10

]
(C:\Users\ande01\Documents\Thesis\dissertation\Chapters\introduction.tex
Chapter 1.
------------------------------------------------------------------------------
 1 Introduction
------------------------------------------------------------------------------
LaTeX Font Info:    Try loading font information for TS1+lmr on input line 14.
(C:\Users\ande01\MikTex\tex\latex\lm\ts1lmr.fd
File: ts1lmr.fd 2009/10/30 v1.6 Font defs for Latin Modern
) [1



] [2] [3]

LaTeX Warning: Reference `ch:technical_background' on page 4 undefined on input
 line 106.


LaTeX Warning: Reference `ch:related_work' on page 4 undefined on input line 10
7.


LaTeX Warning: Reference `ch:redundancy_control' on page 4 undefined on input l
ine 111.


LaTeX Warning: Reference `ch:mapreduce_impl' on page 4 undefined on input line 
111.


LaTeX Warning: Reference `ch:experiments' on page 4 undefined on input line 113
.


LaTeX Warning: Reference `ch:future_work' on page 4 undefined on input line 114
.

)
(C:\Users\ande01\Documents\Thesis\dissertation\Chapters\correlation-lattice.tex
[4] [5] [6

]
Chapter 2.
------------------------------------------------------------------------------
 2 Correlation Lattice
------------------------------------------------------------------------------
)
(C:\Users\ande01\Documents\Thesis\dissertation\Chapters\algorithmic-framework.t
ex [7] [8

]
Chapter 3.
------------------------------------------------------------------------------
 3 Algorithmic Framework
------------------------------------------------------------------------------
[9]
LaTeX Font Info:    Try loading font information for T1+lmtt on input line 37.
 (C:\Users\ande01\MikTex\tex\latex\lm\t1lmtt.fd
File: t1lmtt.fd 2009/10/30 v1.6 Font defs for Latin Modern
))
------------------------------------------------------------------------------
 List of Figures
------------------------------------------------------------------------------
[10] [11] [12] (C:\Users\ande01\Documents\Thesis\dissertation\Thesis.lof)
\tf@lof=\write5

[13

] [14

]
------------------------------------------------------------------------------
 List of Tables
------------------------------------------------------------------------------
(C:\Users\ande01\Documents\Thesis\dissertation\Thesis.lot)
\tf@lot=\write6
 [15

] [16

]
------------------------------------------------------------------------------
 Bibliography
------------------------------------------------------------------------------
(C:\Users\ande01\Documents\Thesis\dissertation\Thesis.bbl

Package natbib Warning: Empty `thebibliography' environment on input line 8.

)

Package ps4pdf Warning: `Thesis-pics.pdf' is no more valid.

Package atveryend Info: Empty hook `BeforeClearDocument' on input line 199.
[17


]
Package atveryend Info: Empty hook `AfterLastShipout' on input line 199.
 (C:\Users\ande01\Documents\Thesis\dissertation\Thesis.aux)
Package atveryend Info: Executing hook `AtVeryEndDocument' on input line 199.


 *File List*
  Thesis.cls    2007/22/02 v1.0 LaTeX document class
    book.cls    2007/10/19 v1.4h Standard LaTeX document class
    bk11.clo    2007/10/19 v1.4h Standard LaTeX file (size option)
setspace.sty    2011/12/19 v6.7a set line spacing
 vmargin.sty    1999/06/01
fancyhdr.sty    
 amsmath.sty    2000/07/18 v2.13 AMS math features
 amstext.sty    2000/06/29 v2.01
  amsgen.sty    1999/11/30 v2.0
  amsbsy.sty    1999/11/29 v1.2d
  amsopn.sty    1999/12/14 v2.01 operator names
amsfonts.sty    2009/06/22 v3.00 Basic AMSFonts support
 amssymb.sty    2009/06/22 v3.00
   amscd.sty    1999/11/29 v2.0
  amsthm.sty    2004/08/06 v2.20
  xspace.sty    2009/10/20 v1.13 Space after command names (DPC,MH)
 caption.sty    2012/02/19 v3.2f Customizing captions (AR)
caption3.sty    2012/01/12 v1.4b caption3 kernel (AR)
  keyval.sty    1999/03/16 v1.13 key=value parser (DPC)
graphicx.sty    1999/02/16 v1.0f Enhanced LaTeX Graphics (DPC,SPQR)
graphics.sty    2009/02/05 v1.0o Standard LaTeX Graphics (DPC,SPQR)
    trig.sty    1999/03/16 v1.09 sin cos tan (DPC)
graphics.cfg    2007/01/18 v1.5 graphics configuration of teTeX/TeXLive
  pdftex.def    2011/05/27 v0.06d Graphics/color for pdfTeX
infwarerr.sty    2010/04/08 v1.3 Providing info/warning/error messages (HO)
 ltxcmds.sty    2011/11/09 v1.22 LaTeX kernel commands for general use (HO)
epstopdf.sty    2010/02/09 v2.5 Conversion with epstopdf on the fly (HO)
epstopdf-base.sty    2010/02/09 v2.5 Base part for package epstopdf
  grfext.sty    2010/08/19 v1.1 Manage graphics extensions (HO)
kvdefinekeys.sty    2011/04/07 v1.3 Define keys (HO)
kvoptions.sty    2011/06/30 v3.11 Key value format for package options (HO)
kvsetkeys.sty    2012/04/25 v1.16 Key value parser (HO)
etexcmds.sty    2011/02/16 v1.5 Avoid name clashes with e-TeX commands (HO)
ifluatex.sty    2010/03/01 v1.3 Provides the ifluatex switch (HO)
pdftexcmds.sty    2011/11/29 v0.20 Utility functions of pdfTeX for LuaTeX (HO)
   ifpdf.sty    2011/01/30 v2.3 Provides the ifpdf switch (HO)
subfigure.sty    2002/07/30 v2.1.4 subfigure package
subfigure.cfg
booktabs.sty    2005/04/14 v1.61803 publication quality tables
rotating.sty    2009/03/28 v2.16a rotated objects in LaTeX
  ifthen.sty    2001/05/26 v1.1c Standard LaTeX ifthen package (DPC)
listings.sty    2007/02/22 1.4 (Carsten Heinz)
lstpatch.sty    
 lstmisc.sty    2007/02/22 1.4 (Carsten Heinz)
listings.cfg    2007/02/22 1.4 listings configuration
lstpatch.sty    
hyperref.sty    2012/05/13 v6.82q Hypertext links for LaTeX
hobsub-hyperref.sty    2012/04/25 v1.12 Bundle oberdiek, subset hyperref (HO)
hobsub-generic.sty    2012/04/25 v1.12 Bundle oberdiek, subset generic (HO)
  hobsub.sty    2012/04/25 v1.12 Construct package bundles (HO)
  ifvtex.sty    2010/03/01 v1.5 Detect VTeX and its facilities (HO)
 intcalc.sty    2007/09/27 v1.1 Expandable calculations with integers (HO)
pdfescape.sty    2011/11/25 v1.13 Implements pdfTeX's escape features (HO)
bigintcalc.sty    2012/04/08 v1.3 Expandable calculations on big integers (HO)
  bitset.sty    2011/01/30 v1.1 Handle bit-vector datatype (HO)
uniquecounter.sty    2011/01/30 v1.2 Provide unlimited unique counter (HO)
letltxmacro.sty    2010/09/02 v1.4 Let assignment for LaTeX macros (HO)
 hopatch.sty    2011/06/24 v1.1 Wrapper for package hooks (HO)
xcolor-patch.sty    2011/01/30 xcolor patch
atveryend.sty    2011/06/30 v1.8 Hooks at the very end of document (HO)
atbegshi.sty    2011/10/05 v1.16 At begin shipout hook (HO)
refcount.sty    2011/10/16 v3.4 Data extraction from label references (HO)
 hycolor.sty    2011/01/30 v1.7 Color options for hyperref/bookmark (HO)
 ifxetex.sty    2010/09/12 v0.6 Provides ifxetex conditional
  pd1enc.def    2012/05/13 v6.82q Hyperref: PDFDocEncoding definition (HO)
hyperref.cfg    2002/06/06 v1.2 hyperref configuration of TeXLive
   puenc.def    2012/05/13 v6.82q Hyperref: PDF Unicode definition (HO)
     url.sty    2006/04/12  ver 3.3  Verb mode for urls, etc.
 hpdftex.def    2012/05/13 v6.82q Hyperref driver for pdfTeX
rerunfilecheck.sty    2011/04/15 v1.7 Rerun checks for auxiliary files (HO)
longtable.sty    2004/02/01 v4.11 Multi-page Table package (DPC)
  natbib.sty    2010/09/13 8.31b (PWD, AO)
verbatim.sty    2003/08/22 v1.5q LaTeX2e package for verbatim enhancements
  vector.sty    1994/09/16 v1.0 vector macros for LaTeX2e (nde)
    calc.sty    2007/08/22 v4.3 Infix arithmetic (KKT,FJ)
algorithm2e.sty    2008/00/00 v3.10 algorithms environments
 relsize.sty    2003/07/04 ver 3.1
algpseudocode.sty    
algorithmicx.sty    2005/04/27 v1.2 Algorithmicx
 fontenc.sty
   t1enc.def    2005/09/27 v1.99g Standard LaTeX file
venturis2.sty    2008/11/05 v1.004 VenturisADFNo2 PS
 fontenc.sty
   t1enc.def    2005/09/27 v1.99g Standard LaTeX file
textcomp.sty    2005/09/27 v1.99g Standard LaTeX package
  ts1enc.def    2001/06/05 v3.0e (jk/car/fm) Standard LaTeX file
nfssext-cfr.sty    2008/11/08 specially mangled by cfr; based on 2003/03/14 v1.
2 Experimental NFSS Extensions
 lmodern.sty    2009/10/30 v1.6 Latin Modern Fonts
mathrsfs.sty    1996/01/01 Math RSFS package v1.0 (jk)
microtype.sty    2010/01/10 v2.4 Micro-typography with pdfTeX (RS)
microtype.cfg    2010/01/10 v2.4 microtype main configuration file (RS)
  ps4pdf.sty    2005/02/11 v0.6i PS code for pdfTeX (RN/HO)
titlesec.sty    2011/12/15 v2.10.0 Sectioning titles
 sectsty.sty    2002/02/25 v2.0.2 Commands to change all sectional heading styl
es
inputenc.sty    2008/03/30 v1.1d Input encoding file
   utf8x.def    2004/10/17 UCS: Input encoding UTF-8
     ucs.sty    2004/10/17 UCS: Unicode input support
uni-global.def    2012/08/28 UCS: Unicode global data
   babel.sty    2008/07/08 v3.8m The Babel package
 bblopts.cfg    2006/07/31 v1.0 MiKTeX 'babel' configuration
 english.ldf    2005/03/30 v3.3o English support from the babel system
  ts1cmr.fd    1999/05/25 v2.5h Standard LaTeX font definitions
   t1lmr.fd    2009/10/30 v1.6 Font defs for Latin Modern
ltcaption.sty    2011/09/12 v1.3 longtable captions (AR)
supp-pdf.mkii
   color.sty    2005/11/14 v1.0j Standard LaTeX Color (DPC)
   color.cfg    2007/01/18 v1.5 color configuration of teTeX/TeXLive
 nameref.sty    2010/04/30 v2.40 Cross-referencing by name of section
gettitlestring.sty    2010/12/03 v1.4 Cleanup title references (HO)
  Thesis.out
  Thesis.out
  mt-cmr.cfg    2009/11/09 v2.0 microtype config. file: Computer Modern Roman (
RS)
 ucsencs.def    2011/01/21 Fixes to fontencodings LGR, T3
 minerva.pdf    Graphic file (type pdf)
  ot1lmr.fd    2009/10/30 v1.6 Font defs for Latin Modern
  omllmm.fd    2009/10/30 v1.6 Font defs for Latin Modern
 omslmsy.fd    2009/10/30 v1.6 Font defs for Latin Modern
 omxlmex.fd    2009/10/30 v1.6 Font defs for Latin Modern
    umsa.fd    2009/06/22 v3.00 AMS symbols A
  mt-msa.cfg    2006/02/04 v1.1 microtype config. file: AMS symbols (a) (RS)
    umsb.fd    2009/06/22 v3.00 AMS symbols B
  mt-msb.cfg    2005/06/01 v1.0 microtype config. file: AMS symbols (b) (RS)
   ursfs.fd    1998/03/24 rsfs font definition file (jk)
 eule-rz.pdf    Graphic file (type pdf)
./Presections/declaration.tex
  t1lmss.fd    2009/10/30 v1.6 Font defs for Latin Modern
Presections/dedication.tex
Presections/abstract.tex
Presections/acknowledgement.tex
./Chapters/introduction.tex
  ts1lmr.fd    2009/10/30 v1.6 Font defs for Latin Modern
./Chapters/correlation-lattice.tex
./Chapters/algorithmic-framework.tex
  t1lmtt.fd    2009/10/30 v1.6 Font defs for Latin Modern
  Thesis.bbl
 ***********

Package atveryend Info: Executing hook `AtEndAfterFileList' on input line 199.
Package rerunfilecheck Info: File `Thesis.out' has not changed.
(rerunfilecheck)             Checksum: AE6EBEFDCEAB353C392B627800B5F2B4;2228.

LaTeX Warning: There were undefined references.


LaTeX Warning: There were multiply-defined labels.

Package atveryend Info: Empty hook `AtVeryVeryEnd' on input line 199.
 ) 
Here is how much of TeX's memory you used:
 15784 strings out of 494045
 229470 string characters out of 3150398
 370786 words of memory out of 3000000
 18589 multiletter control sequences out of 15000+200000
 83406 words of font info for 102 fonts, out of 3000000 for 9000
 715 hyphenation exceptions out of 8191
 49i,12n,45p,1411b,486s stack positions out of 5000i,500n,10000p,200000b,50000s
{C:/Users/ande01/MikTex/fonts/enc/dvips/lm/lm-ec.enc}{C:/Users/ande01/MikTex/
fonts/enc/dvips/lm/lm-mathit.enc}{C:/Users/ande01/MikTex/fonts/enc/dvips/lm/lm-
mathsy.enc}{C:/Users/ande01/MikTex/fonts/enc/dvips/lm/lm-rm.enc}{C:/Users/ande0
1/MikTex/fonts/enc/dvips/lm/lm-ts1.enc}<C:/Users/ande01/MikTex/fonts/type1/publ
ic/lm/lmbx10.pfb><C:/Users/ande01/MikTex/fonts/type1/public/lm/lmbx12.pfb><C:/U
sers/ande01/MikTex/fonts/type1/public/lm/lmmi10.pfb><C:/Users/ande01/MikTex/fon
ts/type1/public/lm/lmmi8.pfb><C:/Users/ande01/MikTex/fonts/type1/public/lm/lmr1
0.pfb><C:/Users/ande01/MikTex/fonts/type1/public/lm/lmr12.pfb><C:/Users/ande01/
MikTex/fonts/type1/public/lm/lmr17.pfb><C:/Users/ande01/MikTex/fonts/type1/publ
ic/lm/lmr8.pfb><C:/Users/ande01/MikTex/fonts/type1/public/lm/lmri10.pfb><C:/Use
rs/ande01/MikTex/fonts/type1/public/lm/lmri12.pfb><C:/Users/ande01/MikTex/fonts
/type1/public/lm/lmssbx10.pfb><C:/Users/ande01/MikTex/fonts/type1/public/lm/lms
y10.pfb><C:/Users/ande01/MikTex/fonts/type1/public/lm/lmtt10.pfb>
Output written on Thesis.pdf (27 pages, 335313 bytes).
PDF statistics:
 299 PDF objects out of 1000 (max. 8388607)
 61 named destinations out of 1000 (max. 500000)
 20619 words of extra memory for PDF output out of 20736 (max. 10000000)

