\BOOKMARK [0][-]{dummy.2}{\376\377\000A\000b\000s\000t\000r\000a\000c\000t}{}% 1
\BOOKMARK [0][-]{dummy.3}{\376\377\000A\000c\000k\000n\000o\000w\000l\000e\000d\000g\000e\000m\000e\000n\000t\000s}{}% 2
\BOOKMARK [0][-]{chapter.5}{\376\377\0001\000\040\000I\000n\000t\000r\000o\000d\000u\000c\000t\000i\000o\000n}{}% 3
\BOOKMARK [1][-]{section.8}{\376\377\0001\000.\0001\000\040\000M\000o\000t\000i\000v\000a\000t\000i\000o\000n}{chapter.5}% 4
\BOOKMARK [1][-]{section.9}{\376\377\0001\000.\0002\000\040\000C\000o\000n\000t\000r\000i\000b\000u\000t\000i\000o\000n\000s}{chapter.5}% 5
\BOOKMARK [1][-]{section.10}{\376\377\0001\000.\0003\000\040\000O\000u\000t\000l\000i\000n\000e}{chapter.5}% 6
\BOOKMARK [0][-]{chapter.11}{\376\377\0002\000\040\000R\000e\000l\000a\000t\000e\000d\000\040\000W\000o\000r\000k}{}% 7
\BOOKMARK [1][-]{section.12}{\376\377\0002\000.\0001\000\040\000L\000o\000g\000i\000c\000\040\000P\000r\000o\000g\000r\000a\000m\000m\000i\000n\000g}{chapter.11}% 8
\BOOKMARK [1][-]{section.13}{\376\377\0002\000.\0002\000\040\000I\000n\000d\000u\000c\000t\000i\000v\000e\000\040\000L\000o\000g\000i\000c\000\040\000P\000r\000o\000g\000r\000a\000m\000m\000i\000n\000g}{chapter.11}% 9
\BOOKMARK [1][-]{section.14}{\376\377\0002\000.\0003\000\040\000M\000i\000n\000i\000n\000g\000\040\000O\000p\000i\000m\000i\000z\000e\000d\000\040\000R\000u\000l\000e\000s\000\040\000f\000o\000r\000\040\000N\000u\000m\000b\000e\000r\000i\000c\000\040\000A\000t\000t\000r\000i\000b\000u\000t\000e\000s}{chapter.11}% 10
\BOOKMARK [1][-]{section.15}{\376\377\0002\000.\0004\000\040\000M\000i\000n\000i\000m\000u\000m\000\040\000D\000e\000s\000c\000r\000i\000p\000t\000i\000o\000n\000\040\000L\000e\000n\000g\000t\000h}{chapter.11}% 11
\BOOKMARK [1][-]{section.16}{\376\377\0002\000.\0005\000\040\000S\000e\000m\000a\000m\000t\000i\000c\000\040\000W\000e\000b}{chapter.11}% 12
\BOOKMARK [1][-]{section.17}{\376\377\0002\000.\0006\000\040\000L\000i\000n\000k\000e\000d\000\040\000O\000p\000e\000n\000\040\000D\000a\000t\000a}{chapter.11}% 13
\BOOKMARK [0][-]{chapter.18}{\376\377\0003\000\040\000C\000o\000r\000r\000e\000l\000a\000t\000i\000o\000n\000\040\000L\000a\000t\000t\000i\000c\000e}{}% 14
\BOOKMARK [1][-]{section.19}{\376\377\0003\000.\0001\000\040\000C\000a\000t\000e\000g\000o\000r\000i\000c\000a\000l\000\040\000R\000e\000l\000a\000t\000i\000o\000n\000\040\000D\000e\000f\000i\000n\000i\000t\000i\000o\000n}{chapter.18}% 15
\BOOKMARK [1][-]{section.20}{\376\377\0003\000.\0002\000\040\000S\000u\000p\000p\000o\000r\000t}{chapter.18}% 16
\BOOKMARK [2][-]{subsection.21}{\376\377\0003\000.\0002\000.\0001\000\040\000I\000n\000d\000e\000p\000e\000n\000d\000e\000c\000e\000\040\000b\000e\000t\000w\000e\000e\000n\000\040\000N\000o\000d\000e\000s}{section.20}% 17
\BOOKMARK [1][-]{section.25}{\376\377\0003\000.\0003\000\040\000H\000e\000u\000r\000i\000s\000t\000i\000c\000s}{chapter.18}% 18
\BOOKMARK [0][-]{chapter.29}{\376\377\0004\000\040\000A\000l\000g\000o\000r\000i\000t\000h\000m\000i\000c\000\040\000F\000r\000a\000m\000e\000w\000o\000r\000k}{}% 19
\BOOKMARK [1][-]{section.30}{\376\377\0004\000.\0001\000\040\000K\000n\000o\000w\000l\000e\000d\000g\000e\000\040\000B\000a\000s\000e\000\040\000B\000a\000c\000k\000e\000n\000d}{chapter.29}% 20
\BOOKMARK [1][-]{section.31}{\376\377\0004\000.\0002\000\040\000P\000r\000e\000p\000r\000o\000c\000e\000s\000s\000i\000n\000g}{chapter.29}% 21
\BOOKMARK [2][-]{subsection.32}{\376\377\0004\000.\0002\000.\0001\000\040\000R\000e\000l\000a\000t\000i\000o\000n\000\040\000P\000r\000e\000p\000r\000o\000c\000e\000s\000s\000i\000n\000g}{section.31}% 22
\BOOKMARK [2][-]{subsection.41}{\376\377\0004\000.\0002\000.\0002\000\040\000C\000o\000r\000r\000e\000l\000a\000t\000i\000o\000n\000\040\000L\000a\000t\000t\000i\000c\000e}{section.31}% 23
\BOOKMARK [1][-]{section.46}{\376\377\0004\000.\0003\000\040\000I\000L\000P\000\040\000C\000o\000r\000e\000\040\000A\000l\000g\000o\000r\000i\000t\000h\000m}{chapter.29}% 24
\BOOKMARK [0][-]{dummy.47}{\376\377\000L\000i\000s\000t\000\040\000o\000f\000\040\000F\000i\000g\000u\000r\000e\000s}{}% 25
\BOOKMARK [0][-]{dummy.49}{\376\377\000L\000i\000s\000t\000\040\000o\000f\000\040\000T\000a\000b\000l\000e\000s}{}% 26
\BOOKMARK [0][-]{dummy.51}{\376\377\000B\000i\000b\000l\000i\000o\000g\000r\000a\000p\000h\000y}{}% 27
