\BOOKMARK [0][-]{dummy.2}{\376\377\000A\000b\000s\000t\000r\000a\000c\000t}{}
\BOOKMARK [0][-]{dummy.3}{\376\377\000A\000c\000k\000n\000o\000w\000l\000e\000d\000g\000e\000m\000e\000n\000t\000s}{}
\BOOKMARK [0][-]{chapter.5}{\376\377\0001\000\040\000I\000n\000t\000r\000o\000d\000u\000c\000t\000i\000o\000n}{}
\BOOKMARK [1][-]{section.8}{\376\377\0001\000.\0001\000\040\000M\000o\000t\000i\000v\000a\000t\000i\000o\000n}{chapter.5}
\BOOKMARK [1][-]{section.9}{\376\377\0001\000.\0002\000\040\000C\000o\000n\000t\000r\000i\000b\000u\000t\000i\000o\000n\000s}{chapter.5}
\BOOKMARK [1][-]{section.10}{\376\377\0001\000.\0003\000\040\000O\000u\000t\000l\000i\000n\000e}{chapter.5}
\BOOKMARK [0][-]{chapter.11}{\376\377\0002\000\040\000R\000e\000l\000a\000t\000e\000d\000\040\000W\000o\000r\000k}{}
\BOOKMARK [1][-]{section.12}{\376\377\0002\000.\0001\000\040\000L\000o\000g\000i\000c\000\040\000P\000r\000o\000g\000r\000a\000m\000m\000i\000n\000g}{chapter.11}
\BOOKMARK [1][-]{section.13}{\376\377\0002\000.\0002\000\040\000I\000n\000d\000u\000c\000t\000i\000v\000e\000\040\000L\000o\000g\000i\000c\000\040\000P\000r\000o\000g\000r\000a\000m\000m\000i\000n\000g}{chapter.11}
\BOOKMARK [1][-]{section.14}{\376\377\0002\000.\0003\000\040\000F\000i\000r\000s\000t\000\040\000O\000r\000d\000e\000r\000\040\000I\000n\000d\000u\000c\000t\000i\000v\000e\000\040\000L\000e\000a\000r\000n\000i\000n\000g}{chapter.11}
\BOOKMARK [1][-]{section.15}{\376\377\0002\000.\0004\000\040\000M\000i\000n\000i\000n\000g\000\040\000O\000p\000t\000i\000m\000i\000z\000e\000d\000\040\000R\000u\000l\000e\000s\000\040\000f\000o\000r\000\040\000N\000u\000m\000e\000r\000i\000c\000\040\000A\000t\000t\000r\000i\000b\000u\000t\000e\000s}{chapter.11}
\BOOKMARK [1][-]{section.16}{\376\377\0002\000.\0005\000\040\000M\000i\000n\000i\000m\000u\000m\000\040\000D\000e\000s\000c\000r\000i\000p\000t\000i\000o\000n\000\040\000L\000e\000n\000g\000t\000h}{chapter.11}
\BOOKMARK [1][-]{section.17}{\376\377\0002\000.\0006\000\040\000S\000e\000m\000a\000m\000t\000i\000c\000\040\000W\000e\000b}{chapter.11}
\BOOKMARK [1][-]{section.18}{\376\377\0002\000.\0007\000\040\000L\000i\000n\000k\000e\000d\000\040\000O\000p\000e\000n\000\040\000D\000a\000t\000a}{chapter.11}
\BOOKMARK [0][-]{chapter.19}{\376\377\0003\000\040\000L\000e\000a\000r\000n\000i\000n\000g\000\040\000R\000u\000l\000e\000s\000\040\000W\000i\000t\000h\000\040\000N\000u\000m\000e\000r\000i\000c\000a\000l\000\040\000a\000n\000d\000\040\000C\000a\000t\000e\000g\000o\000r\000i\000c\000a\000l\000\040\000A\000t\000t\000r\000i\000b\000u\000t\000e\000s}{}
\BOOKMARK [1][-]{section.20}{\376\377\0003\000.\0001\000\040\000I\000n\000t\000e\000r\000e\000s\000t\000i\000n\000g\000\040\000R\000u\000l\000e\000s}{chapter.19}
\BOOKMARK [1][-]{section.21}{\376\377\0003\000.\0002\000\040\000C\000a\000t\000e\000g\000o\000r\000i\000c\000a\000l\000\040\000P\000r\000o\000p\000e\000r\000t\000y\000\040\000D\000e\000f\000i\000n\000i\000t\000i\000o\000n}{chapter.19}
\BOOKMARK [2][-]{subsection.22}{\376\377\0003\000.\0002\000.\0001\000\040\000A\000b\000s\000e\000n\000c\000e\000\040\000o\000r\000\040\000P\000r\000e\000s\000e\000n\000c\000e\000\040\000o\000f\000\040\000a\000\040\000P\000r\000o\000p\000e\000r\000t\000y\000\040\000a\000s\000\040\000C\000a\000t\000e\000g\000o\000r\000i\000e\000s}{section.21}
\BOOKMARK [2][-]{subsection.23}{\376\377\0003\000.\0002\000.\0002\000\040\000N\000o\000t\000a\000t\000i\000o\000n\000\040\000U\000s\000e\000d}{section.21}
\BOOKMARK [1][-]{section.24}{\376\377\0003\000.\0003\000\040\000P\000r\000e\000p\000r\000o\000c\000e\000s\000s\000i\000n\000g}{chapter.19}
\BOOKMARK [2][-]{subsection.25}{\376\377\0003\000.\0003\000.\0001\000\040\000R\000e\000l\000a\000t\000i\000o\000n\000\040\000P\000r\000e\000p\000r\000o\000c\000e\000s\000s\000i\000n\000g}{section.24}
\BOOKMARK [2][-]{subsection.32}{\376\377\0003\000.\0003\000.\0002\000\040}{section.24}
\BOOKMARK [1][-]{section.33}{\376\377\0003\000.\0004\000\040\000C\000o\000r\000r\000e\000l\000a\000t\000i\000o\000n\000\040\000L\000a\000t\000t\000i\000c\000e}{chapter.19}
\BOOKMARK [2][-]{subsection.34}{\376\377\0003\000.\0004\000.\0001\000\040\000B\000u\000i\000l\000d\000i\000n\000g\000\040\000t\000h\000e\000\040\000L\000a\000t\000t\000i\000c\000e}{section.33}
\BOOKMARK [2][-]{subsection.36}{\376\377\0003\000.\0004\000.\0002\000\040\000P\000r\000u\000n\000i\000n\000g\000\040\000O\000p\000p\000o\000r\000t\000u\000n\000i\000t\000i\000e\000s}{section.33}
\BOOKMARK [2][-]{subsection.42}{\376\377\0003\000.\0004\000.\0003\000\040\000D\000i\000s\000t\000r\000i\000b\000u\000t\000i\000o\000n\000\040\000D\000i\000v\000e\000r\000g\000e\000n\000c\000e\000\040\000M\000e\000a\000s\000u\000r\000e\000s}{section.33}
\BOOKMARK [2][-]{subsection.46}{\376\377\0003\000.\0004\000.\0004\000\040\000H\000e\000u\000r\000i\000s\000t\000i\000c\000s}{section.33}
\BOOKMARK [1][-]{section.47}{\376\377\0003\000.\0005\000\040\000I\000n\000c\000o\000r\000p\000o\000r\000a\000t\000i\000n\000g\000\040\000C\000o\000r\000r\000e\000l\000a\000t\000i\000o\000n\000\040\000L\000a\000t\000t\000i\000c\000e\000i\000n\000t\000o\000\040\000C\000o\000r\000e\000\040\000I\000L\000P\000\040\000A\000l\000g\000o\000r\000i\000t\000h\000m}{chapter.19}
\BOOKMARK [0][-]{chapter.49}{\376\377\0004\000\040\000A\000l\000g\000o\000r\000i\000t\000h\000m\000i\000c\000\040\000F\000r\000a\000m\000e\000w\000o\000r\000k}{}
\BOOKMARK [1][-]{section.50}{\376\377\0004\000.\0001\000\040\000K\000n\000o\000w\000l\000e\000d\000g\000e\000\040\000B\000a\000s\000e\000\040\000B\000a\000c\000k\000e\000n\000d}{chapter.49}
\BOOKMARK [1][-]{section.51}{\376\377\0004\000.\0002\000\040\000P\000r\000e\000p\000r\000o\000c\000e\000s\000s\000i\000n\000g}{chapter.49}
\BOOKMARK [2][-]{subsection.52}{\376\377\0004\000.\0002\000.\0001\000\040\000C\000o\000r\000r\000e\000l\000a\000t\000i\000o\000n\000\040\000L\000a\000t\000t\000i\000c\000e}{section.51}
\BOOKMARK [1][-]{section.57}{\376\377\0004\000.\0003\000\040\000I\000L\000P\000\040\000C\000o\000r\000e\000\040\000A\000l\000g\000o\000r\000i\000t\000h\000m}{chapter.49}
\BOOKMARK [0][-]{chapter.58}{\376\377\0005\000\040\000E\000x\000p\000e\000r\000i\000m\000e\000n\000t\000s}{}
\BOOKMARK [0][-]{dummy.61}{\376\377\000L\000i\000s\000t\000\040\000o\000f\000\040\000F\000i\000g\000u\000r\000e\000s}{}
\BOOKMARK [0][-]{dummy.63}{\376\377\000L\000i\000s\000t\000\040\000o\000f\000\040\000T\000a\000b\000l\000e\000s}{}
\BOOKMARK [0][-]{dummy.65}{\376\377\000B\000i\000b\000l\000i\000o\000g\000r\000a\000p\000h\000y}{}
